TN:
SF:accepted-share-book.js
FN:19,(anonymous_0)
FN:23,(anonymous_1)
FNF:2
FNH:2
FNDA:9,(anonymous_0)
FNDA:5,(anonymous_1)
DA:15,1
DA:16,1
DA:17,1
DA:19,1
DA:20,9
DA:21,7
DA:23,5
DA:24,5
DA:25,5
DA:31,5
DA:32,5
DA:34,4
DA:35,4
LF:13
LH:13
BRDA:32,0,0,1
BRDA:32,0,1,4
BRF:2
BRH:2
end_of_record
TN:
SF:accepted-share-book.spec.js
FN:20,(anonymous_0)
FN:25,(anonymous_1)
FN:30,(anonymous_2)
FN:59,(anonymous_3)
FN:69,(anonymous_4)
FN:84,(anonymous_5)
FN:98,(anonymous_6)
FN:110,(anonymous_7)
FN:124,(anonymous_8)
FN:125,(anonymous_9)
FN:128,(anonymous_10)
FN:133,(anonymous_11)
FN:135,(anonymous_12)
FN:138,(anonymous_13)
FN:143,(anonymous_14)
FN:147,(anonymous_15)
FNF:16
FNH:16
FNDA:1,(anonymous_0)
FNDA:1,(anonymous_1)
FNDA:7,(anonymous_2)
FNDA:1,(anonymous_3)
FNDA:1,(anonymous_4)
FNDA:1,(anonymous_5)
FNDA:1,(anonymous_6)
FNDA:1,(anonymous_7)
FNDA:1,(anonymous_8)
FNDA:1,(anonymous_9)
FNDA:1,(anonymous_10)
FNDA:1,(anonymous_11)
FNDA:1,(anonymous_12)
FNDA:1,(anonymous_13)
FNDA:7,(anonymous_14)
FNDA:1,(anonymous_15)
DA:1,1
DA:3,1
DA:4,1
DA:5,1
DA:6,1
DA:7,1
DA:9,1
DA:10,1
DA:11,1
DA:12,1
DA:13,1
DA:14,1
DA:15,1
DA:17,1
DA:18,1
DA:20,1
DA:25,1
DA:26,1
DA:27,1
DA:30,1
DA:31,7
DA:32,7
DA:33,7
DA:34,7
DA:35,7
DA:37,7
DA:38,7
DA:40,7
DA:41,7
DA:42,7
DA:43,7
DA:44,7
DA:46,7
DA:47,7
DA:49,7
DA:50,7
DA:51,7
DA:52,7
DA:53,7
DA:55,7
DA:56,7
DA:59,1
DA:60,1
DA:62,1
DA:64,1
DA:65,1
DA:66,1
DA:69,1
DA:70,1
DA:71,1
DA:72,1
DA:73,1
DA:74,0
DA:76,1
DA:77,1
DA:78,1
DA:84,1
DA:85,1
DA:86,1
DA:87,1
DA:88,1
DA:89,1
DA:90,0
DA:92,1
DA:93,1
DA:94,1
DA:98,1
DA:99,1
DA:101,1
DA:102,1
DA:103,0
DA:105,1
DA:106,1
DA:107,1
DA:110,1
DA:111,1
DA:113,1
DA:114,1
DA:115,0
DA:117,1
DA:118,1
DA:119,1
DA:124,1
DA:125,1
DA:126,1
DA:128,1
DA:129,1
DA:133,1
DA:135,1
DA:136,1
DA:138,1
DA:139,1
DA:143,1
DA:144,7
DA:147,1
DA:148,1
DA:149,1
LF:97
LH:93
BRF:0
BRH:0
end_of_record
TN:
SF:add-requested-book.js
FN:21,(anonymous_0)
FN:24,(anonymous_1)
FNF:2
FNH:2
FNDA:7,(anonymous_0)
FNDA:4,(anonymous_1)
DA:14,1
DA:16,1
DA:17,1
DA:18,1
DA:21,1
DA:22,7
DA:24,4
DA:25,4
DA:26,4
DA:32,4
DA:33,4
DA:35,3
DA:36,3
LF:13
LH:13
BRDA:33,0,0,1
BRDA:33,0,1,3
BRF:2
BRH:2
end_of_record
TN:
SF:add-requested-book.spec.js
FN:20,(anonymous_0)
FN:25,(anonymous_1)
FN:30,(anonymous_2)
FN:59,(anonymous_3)
FN:66,(anonymous_4)
FN:71,(anonymous_5)
FN:87,(anonymous_6)
FN:102,(anonymous_7)
FN:116,(anonymous_8)
FN:117,(anonymous_9)
FN:120,(anonymous_10)
FN:125,(anonymous_11)
FN:126,(anonymous_12)
FN:131,(anonymous_13)
FN:135,(anonymous_14)
FNF:15
FNH:15
FNDA:1,(anonymous_0)
FNDA:1,(anonymous_1)
FNDA:6,(anonymous_2)
FNDA:1,(anonymous_3)
FNDA:1,(anonymous_4)
FNDA:1,(anonymous_5)
FNDA:1,(anonymous_6)
FNDA:1,(anonymous_7)
FNDA:1,(anonymous_8)
FNDA:1,(anonymous_9)
FNDA:1,(anonymous_10)
FNDA:1,(anonymous_11)
FNDA:1,(anonymous_12)
FNDA:6,(anonymous_13)
FNDA:1,(anonymous_14)
DA:1,1
DA:3,1
DA:4,1
DA:5,1
DA:6,1
DA:7,1
DA:9,1
DA:10,1
DA:11,1
DA:12,1
DA:13,1
DA:14,1
DA:15,1
DA:17,1
DA:18,1
DA:20,1
DA:25,1
DA:26,1
DA:27,1
DA:30,1
DA:31,6
DA:32,6
DA:33,6
DA:34,6
DA:35,6
DA:37,6
DA:38,6
DA:40,6
DA:41,6
DA:42,6
DA:43,6
DA:44,6
DA:46,6
DA:47,6
DA:49,6
DA:50,6
DA:51,6
DA:52,6
DA:53,6
DA:55,6
DA:56,6
DA:59,1
DA:60,1
DA:62,1
DA:64,1
DA:66,1
DA:67,1
DA:71,1
DA:72,1
DA:73,1
DA:74,1
DA:75,1
DA:76,1
DA:78,1
DA:79,1
DA:81,1
DA:82,1
DA:83,1
DA:87,1
DA:88,1
DA:89,1
DA:90,1
DA:92,1
DA:93,1
DA:94,0
DA:96,1
DA:97,1
DA:98,1
DA:102,1
DA:103,1
DA:105,1
DA:106,1
DA:107,0
DA:109,1
DA:110,1
DA:111,1
DA:116,1
DA:117,1
DA:118,1
DA:120,1
DA:121,1
DA:125,1
DA:126,1
DA:127,1
DA:131,1
DA:132,6
DA:135,1
DA:136,1
DA:137,1
LF:89
LH:87
BRF:0
BRH:0
end_of_record
TN:
SF:add-score.js
FN:21,(anonymous_0)
FN:25,(anonymous_1)
FNF:2
FNH:2
FNDA:13,(anonymous_0)
FNDA:9,(anonymous_1)
DA:16,1
DA:17,1
DA:18,1
DA:19,1
DA:21,1
DA:22,13
DA:23,11
DA:25,9
DA:26,9
DA:27,9
DA:33,9
DA:34,9
DA:36,5
DA:37,5
LF:14
LH:14
BRDA:34,0,0,4
BRDA:34,0,1,5
BRF:2
BRH:2
end_of_record
TN:
SF:add-score.spec.js
FN:20,(anonymous_0)
FN:26,(anonymous_1)
FN:31,(anonymous_2)
FN:66,(anonymous_3)
FN:81,(anonymous_4)
FN:97,(anonymous_5)
FN:114,(anonymous_6)
FN:127,(anonymous_7)
FN:139,(anonymous_8)
FN:152,(anonymous_9)
FN:166,(anonymous_10)
FN:167,(anonymous_11)
FN:170,(anonymous_12)
FN:175,(anonymous_13)
FN:176,(anonymous_14)
FN:181,(anonymous_15)
FN:186,(anonymous_16)
FN:190,(anonymous_17)
FNF:18
FNH:18
FNDA:1,(anonymous_0)
FNDA:1,(anonymous_1)
FNDA:9,(anonymous_2)
FNDA:1,(anonymous_3)
FNDA:1,(anonymous_4)
FNDA:1,(anonymous_5)
FNDA:1,(anonymous_6)
FNDA:1,(anonymous_7)
FNDA:1,(anonymous_8)
FNDA:1,(anonymous_9)
FNDA:1,(anonymous_10)
FNDA:1,(anonymous_11)
FNDA:1,(anonymous_12)
FNDA:1,(anonymous_13)
FNDA:1,(anonymous_14)
FNDA:1,(anonymous_15)
FNDA:9,(anonymous_16)
FNDA:1,(anonymous_17)
DA:1,1
DA:3,1
DA:4,1
DA:5,1
DA:6,1
DA:7,1
DA:9,1
DA:10,1
DA:11,1
DA:12,1
DA:13,1
DA:14,1
DA:15,1
DA:17,1
DA:18,1
DA:20,1
DA:26,1
DA:27,1
DA:28,1
DA:31,1
DA:32,9
DA:33,9
DA:34,9
DA:35,9
DA:36,9
DA:38,9
DA:39,9
DA:41,9
DA:42,9
DA:43,9
DA:44,9
DA:45,9
DA:47,9
DA:48,9
DA:50,9
DA:51,9
DA:52,9
DA:53,9
DA:54,9
DA:56,9
DA:57,9
DA:60,9
DA:61,9
DA:62,9
DA:66,1
DA:67,1
DA:69,1
DA:71,1
DA:73,1
DA:75,1
DA:76,1
DA:77,1
DA:81,1
DA:82,1
DA:84,1
DA:86,1
DA:87,1
DA:89,1
DA:91,1
DA:93,1
DA:97,1
DA:98,1
DA:100,1
DA:101,1
DA:102,1
DA:104,0
DA:106,1
DA:107,1
DA:108,1
DA:114,1
DA:115,1
DA:116,1
DA:117,1
DA:118,1
DA:119,1
DA:120,0
DA:122,1
DA:123,1
DA:124,1
DA:127,1
DA:129,1
DA:130,1
DA:131,0
DA:133,1
DA:134,1
DA:135,1
DA:139,1
DA:140,1
DA:142,1
DA:143,1
DA:144,0
DA:146,1
DA:147,1
DA:148,1
DA:152,1
DA:153,1
DA:155,1
DA:156,1
DA:157,0
DA:159,1
DA:160,1
DA:161,1
DA:166,1
DA:167,1
DA:168,1
DA:170,1
DA:171,1
DA:175,1
DA:176,1
DA:177,1
DA:180,1
DA:181,1
DA:182,1
DA:186,1
DA:187,9
DA:190,1
DA:191,1
DA:192,1
LF:118
LH:113
BRF:0
BRH:0
end_of_record
TN:
SF:calculate-distance-book.js
FN:19,(anonymous_0)
FN:23,(anonymous_1)
FNF:2
FNH:2
FNDA:12,(anonymous_0)
FNDA:8,(anonymous_1)
DA:15,1
DA:16,1
DA:17,1
DA:19,1
DA:20,12
DA:21,10
DA:23,8
DA:24,8
DA:25,8
DA:30,8
DA:32,8
DA:34,5
DA:35,5
LF:13
LH:13
BRDA:32,0,0,3
BRDA:32,0,1,5
BRF:2
BRH:2
end_of_record
TN:
SF:calculate-distance-book.spec.js
FN:21,(anonymous_0)
FN:29,(anonymous_1)
FN:34,(anonymous_2)
FN:71,(anonymous_3)
FN:79,(anonymous_4)
FN:95,(anonymous_5)
FN:109,(anonymous_6)
FN:121,(anonymous_7)
FN:133,(anonymous_8)
FN:145,(anonymous_9)
FN:159,(anonymous_10)
FN:160,(anonymous_11)
FN:163,(anonymous_12)
FN:168,(anonymous_13)
FN:169,(anonymous_14)
FN:172,(anonymous_15)
FN:177,(anonymous_16)
FN:181,(anonymous_17)
FNF:18
FNH:18
FNDA:1,(anonymous_0)
FNDA:1,(anonymous_1)
FNDA:9,(anonymous_2)
FNDA:1,(anonymous_3)
FNDA:1,(anonymous_4)
FNDA:1,(anonymous_5)
FNDA:1,(anonymous_6)
FNDA:1,(anonymous_7)
FNDA:1,(anonymous_8)
FNDA:1,(anonymous_9)
FNDA:1,(anonymous_10)
FNDA:1,(anonymous_11)
FNDA:1,(anonymous_12)
FNDA:1,(anonymous_13)
FNDA:1,(anonymous_14)
FNDA:1,(anonymous_15)
FNDA:9,(anonymous_16)
FNDA:1,(anonymous_17)
DA:1,1
DA:3,1
DA:4,1
DA:5,1
DA:6,1
DA:7,1
DA:9,1
DA:10,1
DA:11,1
DA:12,1
DA:13,1
DA:14,1
DA:15,1
DA:17,1
DA:18,1
DA:21,1
DA:29,1
DA:30,1
DA:31,1
DA:34,1
DA:35,9
DA:36,9
DA:37,9
DA:38,9
DA:39,9
DA:41,9
DA:42,9
DA:44,9
DA:45,9
DA:46,9
DA:47,9
DA:48,9
DA:50,9
DA:51,9
DA:53,9
DA:54,9
DA:55,9
DA:56,9
DA:57,9
DA:59,9
DA:60,9
DA:61,9
DA:62,9
DA:64,9
DA:65,9
DA:67,9
DA:68,9
DA:71,1
DA:72,1
DA:74,1
DA:76,1
DA:77,1
DA:79,1
DA:80,1
DA:82,1
DA:84,1
DA:85,1
DA:87,1
DA:88,1
DA:90,1
DA:91,1
DA:95,1
DA:96,1
DA:97,1
DA:98,1
DA:99,1
DA:100,1
DA:101,0
DA:103,1
DA:104,1
DA:105,1
DA:109,1
DA:110,1
DA:112,1
DA:113,1
DA:114,0
DA:116,1
DA:117,1
DA:118,1
DA:121,1
DA:122,1
DA:124,1
DA:125,1
DA:126,0
DA:128,1
DA:129,1
DA:130,1
DA:133,1
DA:134,1
DA:136,1
DA:137,1
DA:138,0
DA:140,1
DA:141,1
DA:142,1
DA:145,1
DA:146,1
DA:148,1
DA:149,1
DA:150,0
DA:152,1
DA:153,1
DA:154,1
DA:159,1
DA:160,1
DA:161,1
DA:163,1
DA:164,1
DA:168,1
DA:169,1
DA:170,1
DA:172,1
DA:173,1
DA:177,1
DA:178,9
DA:181,1
DA:182,1
DA:183,1
LF:118
LH:113
BRF:0
BRH:0
end_of_record
TN:
SF:context.js
FNF:0
FNH:0
DA:1,1
LF:1
LH:1
BRF:0
BRH:0
end_of_record
TN:
SF:create-book.js
FN:21,(anonymous_0)
FN:26,(anonymous_1)
FNF:2
FNH:2
FNDA:8,(anonymous_0)
FNDA:2,(anonymous_1)
DA:16,1
DA:17,1
DA:18,1
DA:21,1
DA:22,8
DA:23,6
DA:24,4
DA:26,2
DA:27,2
DA:28,2
DA:34,2
DA:35,2
DA:36,1
DA:38,1
DA:39,1
LF:15
LH:15
BRDA:35,0,0,1
BRDA:35,0,1,1
BRF:2
BRH:2
end_of_record
TN:
SF:create-book.spec.js
FN:21,(anonymous_0)
FN:25,(anonymous_1)
FN:30,(anonymous_2)
FN:49,(anonymous_3)
FN:50,(anonymous_4)
FN:69,(anonymous_5)
FN:85,(anonymous_6)
FN:87,(anonymous_7)
FN:88,(anonymous_8)
FN:91,(anonymous_9)
FN:94,(anonymous_10)
FN:99,(anonymous_11)
FN:100,(anonymous_12)
FN:103,(anonymous_13)
FN:106,(anonymous_14)
FN:114,(anonymous_15)
FN:119,(anonymous_16)
FNF:17
FNH:17
FNDA:1,(anonymous_0)
FNDA:1,(anonymous_1)
FNDA:4,(anonymous_2)
FNDA:1,(anonymous_3)
FNDA:1,(anonymous_4)
FNDA:1,(anonymous_5)
FNDA:1,(anonymous_6)
FNDA:1,(anonymous_7)
FNDA:1,(anonymous_8)
FNDA:1,(anonymous_9)
FNDA:1,(anonymous_10)
FNDA:1,(anonymous_11)
FNDA:1,(anonymous_12)
FNDA:1,(anonymous_13)
FNDA:1,(anonymous_14)
FNDA:4,(anonymous_15)
FNDA:1,(anonymous_16)
DA:1,1
DA:3,1
DA:4,1
DA:5,1
DA:6,1
DA:7,1
DA:9,1
DA:10,1
DA:11,1
DA:12,1
DA:13,1
DA:14,1
DA:15,1
DA:17,1
DA:18,1
DA:21,1
DA:25,1
DA:26,1
DA:27,1
DA:30,1
DA:31,4
DA:32,4
DA:33,4
DA:34,4
DA:35,4
DA:37,4
DA:38,4
DA:40,4
DA:41,4
DA:42,4
DA:43,4
DA:45,4
DA:46,4
DA:49,1
DA:50,1
DA:51,1
DA:53,1
DA:55,1
DA:56,1
DA:57,1
DA:58,1
DA:59,1
DA:60,1
DA:61,1
DA:62,1
DA:63,1
DA:64,1
DA:65,1
DA:66,1
DA:69,1
DA:70,1
DA:71,1
DA:72,1
DA:73,1
DA:74,1
DA:75,0
DA:77,1
DA:78,1
DA:79,1
DA:85,1
DA:87,1
DA:88,1
DA:89,1
DA:91,1
DA:92,1
DA:94,1
DA:95,1
DA:99,1
DA:100,1
DA:101,1
DA:103,1
DA:104,1
DA:106,1
DA:107,1
DA:114,1
DA:115,4
DA:116,4
DA:119,1
DA:120,1
LF:79
LH:78
BRF:0
BRH:0
end_of_record
TN:
SF:delete-book.js
FN:19,(anonymous_0)
FN:22,(anonymous_1)
FNF:2
FNH:2
FNDA:6,(anonymous_0)
FNDA:4,(anonymous_1)
DA:14,1
DA:15,1
DA:16,1
DA:19,1
DA:20,6
DA:22,4
DA:23,4
DA:24,4
DA:29,4
DA:30,4
DA:32,3
DA:33,3
LF:12
LH:12
BRDA:30,0,0,1
BRDA:30,0,1,3
BRF:2
BRH:2
end_of_record
TN:
SF:delete-book.spec.js
FN:21,(anonymous_0)
FN:26,(anonymous_1)
FN:31,(anonymous_2)
FN:52,(anonymous_3)
FN:62,(anonymous_4)
FN:78,(anonymous_5)
FN:91,(anonymous_6)
FN:117,(anonymous_7)
FN:118,(anonymous_8)
FN:123,(anonymous_9)
FN:124,(anonymous_10)
FN:130,(anonymous_11)
FN:135,(anonymous_12)
FNF:13
FNH:13
FNDA:1,(anonymous_0)
FNDA:1,(anonymous_1)
FNDA:6,(anonymous_2)
FNDA:1,(anonymous_3)
FNDA:1,(anonymous_4)
FNDA:1,(anonymous_5)
FNDA:1,(anonymous_6)
FNDA:1,(anonymous_7)
FNDA:1,(anonymous_8)
FNDA:1,(anonymous_9)
FNDA:1,(anonymous_10)
FNDA:6,(anonymous_11)
FNDA:1,(anonymous_12)
DA:1,1
DA:3,1
DA:4,1
DA:5,1
DA:6,1
DA:7,1
DA:9,1
DA:10,1
DA:11,1
DA:12,1
DA:13,1
DA:14,1
DA:15,1
DA:17,1
DA:18,1
DA:21,1
DA:26,1
DA:27,1
DA:28,1
DA:31,1
DA:32,6
DA:33,6
DA:34,6
DA:35,6
DA:36,6
DA:38,6
DA:39,6
DA:41,6
DA:42,6
DA:43,6
DA:44,6
DA:45,6
DA:47,6
DA:48,6
DA:52,1
DA:53,1
DA:55,1
DA:57,1
DA:59,1
DA:62,1
DA:64,1
DA:65,1
DA:66,1
DA:68,1
DA:69,1
DA:70,0
DA:72,1
DA:73,1
DA:74,1
DA:78,1
DA:79,1
DA:81,1
DA:82,1
DA:83,0
DA:85,1
DA:86,1
DA:87,1
DA:91,1
DA:93,1
DA:94,1
DA:95,1
DA:96,1
DA:98,1
DA:100,1
DA:102,1
DA:104,1
DA:105,1
DA:106,1
DA:107,1
DA:108,0
DA:110,1
DA:111,1
DA:112,1
DA:117,1
DA:118,1
DA:119,1
DA:123,1
DA:124,1
DA:125,1
DA:130,1
DA:131,6
DA:132,6
DA:135,1
DA:136,1
LF:84
LH:81
BRF:0
BRH:0
end_of_record
TN:
SF:delete-recieved-messages.js
FN:18,(anonymous_0)
FN:21,(anonymous_1)
FNF:2
FNH:2
FNDA:7,(anonymous_0)
FNDA:4,(anonymous_1)
DA:14,1
DA:15,1
DA:16,1
DA:18,1
DA:19,7
DA:21,4
DA:22,4
DA:23,4
DA:28,4
DA:30,4
DA:32,3
DA:33,3
LF:12
LH:12
BRDA:30,0,0,1
BRDA:30,0,1,3
BRF:2
BRH:2
end_of_record
TN:
SF:delete-recieved-messages.spec.js
FN:20,(anonymous_0)
FN:27,(anonymous_1)
FN:32,(anonymous_2)
FN:66,(anonymous_3)
FN:74,(anonymous_4)
FN:89,(anonymous_5)
FN:104,(anonymous_6)
FN:117,(anonymous_7)
FN:118,(anonymous_8)
FN:121,(anonymous_9)
FN:126,(anonymous_10)
FN:127,(anonymous_11)
FN:132,(anonymous_12)
FN:136,(anonymous_13)
FNF:14
FNH:14
FNDA:1,(anonymous_0)
FNDA:1,(anonymous_1)
FNDA:6,(anonymous_2)
FNDA:1,(anonymous_3)
FNDA:1,(anonymous_4)
FNDA:1,(anonymous_5)
FNDA:1,(anonymous_6)
FNDA:1,(anonymous_7)
FNDA:1,(anonymous_8)
FNDA:1,(anonymous_9)
FNDA:1,(anonymous_10)
FNDA:1,(anonymous_11)
FNDA:6,(anonymous_12)
FNDA:1,(anonymous_13)
DA:1,1
DA:3,1
DA:4,1
DA:5,1
DA:6,1
DA:7,1
DA:9,1
DA:10,1
DA:11,1
DA:12,1
DA:13,1
DA:14,1
DA:15,1
DA:17,1
DA:18,1
DA:20,1
DA:27,1
DA:28,1
DA:29,1
DA:32,1
DA:33,6
DA:34,6
DA:35,6
DA:36,6
DA:37,6
DA:39,6
DA:40,6
DA:42,6
DA:43,6
DA:44,6
DA:45,6
DA:46,6
DA:48,6
DA:49,6
DA:51,6
DA:52,6
DA:53,6
DA:54,6
DA:55,6
DA:57,6
DA:59,6
DA:60,6
DA:62,6
DA:63,6
DA:66,1
DA:67,1
DA:69,1
DA:71,1
DA:74,1
DA:75,1
DA:76,1
DA:79,1
DA:80,1
DA:81,0
DA:83,1
DA:84,1
DA:85,1
DA:89,1
DA:90,1
DA:92,1
DA:93,1
DA:94,1
DA:95,1
DA:96,0
DA:98,1
DA:99,1
DA:100,1
DA:104,1
DA:105,1
DA:107,1
DA:108,1
DA:109,0
DA:111,1
DA:112,1
DA:113,1
DA:117,1
DA:118,1
DA:119,1
DA:121,1
DA:122,1
DA:126,1
DA:127,1
DA:128,1
DA:132,1
DA:133,6
DA:136,1
DA:137,1
DA:138,1
LF:88
LH:85
BRF:0
BRH:0
end_of_record
TN:
SF:find-book.js
FN:17,(anonymous_0)
FN:20,(anonymous_1)
FNF:2
FNH:2
FNDA:3,(anonymous_0)
FNDA:2,(anonymous_1)
DA:13,1
DA:14,1
DA:15,1
DA:17,1
DA:18,3
DA:20,2
DA:21,2
DA:25,2
DA:27,2
DA:28,1
DA:29,1
DA:31,1
DA:32,1
LF:13
LH:13
BRDA:27,0,0,1
BRDA:27,0,1,1
BRF:2
BRH:2
end_of_record
TN:
SF:find-book.spec.js
FN:15,(anonymous_0)
FN:19,(anonymous_1)
FN:24,(anonymous_2)
FN:36,(anonymous_3)
FN:48,(anonymous_4)
FN:50,(anonymous_5)
FNF:6
FNH:6
FNDA:1,(anonymous_0)
FNDA:1,(anonymous_1)
FNDA:10,(anonymous_2)
FNDA:1,(anonymous_3)
FNDA:1,(anonymous_4)
FNDA:1,(anonymous_5)
DA:1,1
DA:3,1
DA:4,1
DA:5,1
DA:6,1
DA:8,1
DA:9,1
DA:10,1
DA:12,1
DA:15,1
DA:19,1
DA:20,1
DA:22,1
DA:24,1
DA:25,10
DA:26,10
DA:27,10
DA:28,10
DA:29,10
DA:30,10
DA:31,10
DA:32,10
DA:36,1
DA:37,1
DA:39,1
DA:40,1
DA:41,0
DA:43,1
DA:44,1
DA:45,1
DA:48,1
DA:49,1
DA:50,1
DA:51,1
LF:34
LH:33
BRF:0
BRH:0
end_of_record
TN:
SF:is-user-logged-in.js
FN:3,(anonymous_0)
FNF:1
FNH:1
FNDA:2,(anonymous_0)
DA:1,1
DA:3,1
DA:4,2
DA:5,2
LF:4
LH:4
BRF:0
BRH:0
end_of_record
TN:
SF:is-user-logged-in.spec.js
FN:20,(anonymous_0)
FN:23,(anonymous_1)
FN:28,(anonymous_2)
FN:44,(anonymous_3)
FN:52,(anonymous_4)
FN:62,(anonymous_5)
FN:64,(anonymous_6)
FNF:7
FNH:7
FNDA:1,(anonymous_0)
FNDA:1,(anonymous_1)
FNDA:2,(anonymous_2)
FNDA:1,(anonymous_3)
FNDA:1,(anonymous_4)
FNDA:2,(anonymous_5)
FNDA:1,(anonymous_6)
DA:1,1
DA:3,1
DA:5,1
DA:6,1
DA:7,1
DA:8,1
DA:9,1
DA:10,1
DA:11,1
DA:12,1
DA:13,1
DA:14,1
DA:15,1
DA:17,1
DA:18,1
DA:20,1
DA:23,1
DA:24,1
DA:25,1
DA:28,1
DA:29,2
DA:30,2
DA:31,2
DA:32,2
DA:33,2
DA:35,2
DA:36,2
DA:38,2
DA:39,2
DA:44,1
DA:46,1
DA:48,1
DA:52,1
DA:53,1
DA:55,1
DA:57,1
DA:62,2
DA:64,1
DA:65,1
LF:39
LH:39
BRF:0
BRH:0
end_of_record
TN:
SF:is-user-session-valid.js
FN:4,(anonymous_0)
FN:5,(anonymous_1)
FNF:2
FNH:2
FNDA:2,(anonymous_0)
FNDA:2,(anonymous_1)
DA:1,1
DA:2,1
DA:4,1
DA:5,2
DA:6,2
DA:7,2
DA:8,2
DA:9,2
LF:8
LH:8
BRF:0
BRH:0
end_of_record
TN:
SF:is-user-session-valid.spec.js
FN:19,(anonymous_0)
FN:22,(anonymous_1)
FN:27,(anonymous_2)
FN:43,(anonymous_3)
FN:51,(anonymous_4)
FN:61,(anonymous_5)
FN:63,(anonymous_6)
FNF:7
FNH:7
FNDA:1,(anonymous_0)
FNDA:1,(anonymous_1)
FNDA:2,(anonymous_2)
FNDA:1,(anonymous_3)
FNDA:1,(anonymous_4)
FNDA:2,(anonymous_5)
FNDA:1,(anonymous_6)
DA:1,1
DA:3,1
DA:5,1
DA:6,1
DA:7,1
DA:8,1
DA:9,1
DA:10,1
DA:11,1
DA:12,1
DA:13,1
DA:14,1
DA:16,1
DA:17,1
DA:19,1
DA:22,1
DA:23,1
DA:24,1
DA:27,1
DA:28,2
DA:29,2
DA:30,2
DA:31,2
DA:32,2
DA:34,2
DA:35,2
DA:37,2
DA:38,2
DA:43,1
DA:45,1
DA:47,1
DA:51,1
DA:52,1
DA:54,1
DA:56,1
DA:61,2
DA:63,1
DA:64,1
LF:38
LH:38
BRF:0
BRH:0
end_of_record
TN:
SF:list-my-books.js
FN:14,(anonymous_0)
FN:16,(anonymous_1)
FNF:2
FNH:2
FNDA:3,(anonymous_0)
FNDA:3,(anonymous_1)
DA:11,1
DA:12,1
DA:14,1
DA:16,3
DA:17,3
DA:18,3
DA:23,3
DA:24,3
DA:25,1
DA:26,1
DA:28,2
DA:29,2
LF:12
LH:12
BRDA:20,0,0,3
BRDA:20,0,1,3
BRDA:24,1,0,1
BRDA:24,1,1,2
BRF:4
BRH:4
end_of_record
TN:
SF:list-my-books.spec.js
FN:21,(anonymous_0)
FN:26,(anonymous_1)
FN:31,(anonymous_2)
FN:60,(anonymous_3)
FN:63,(anonymous_4)
FN:71,(anonymous_5)
FN:85,(anonymous_6)
FN:98,(anonymous_7)
FN:102,(anonymous_8)
FNF:9
FNH:9
FNDA:1,(anonymous_0)
FNDA:1,(anonymous_1)
FNDA:3,(anonymous_2)
FNDA:1,(anonymous_3)
FNDA:1,(anonymous_4)
FNDA:1,(anonymous_5)
FNDA:1,(anonymous_6)
FNDA:3,(anonymous_7)
FNDA:1,(anonymous_8)
DA:1,1
DA:3,1
DA:4,1
DA:5,1
DA:6,1
DA:7,1
DA:9,1
DA:10,1
DA:11,1
DA:12,1
DA:13,1
DA:14,1
DA:15,1
DA:17,1
DA:18,1
DA:21,1
DA:26,1
DA:27,1
DA:28,1
DA:31,1
DA:32,3
DA:33,3
DA:34,3
DA:35,3
DA:36,3
DA:38,3
DA:39,3
DA:41,3
DA:42,3
DA:43,3
DA:44,3
DA:45,3
DA:47,3
DA:48,3
DA:50,3
DA:51,3
DA:52,3
DA:53,3
DA:54,3
DA:56,3
DA:57,3
DA:60,1
DA:61,1
DA:63,1
DA:64,1
DA:65,1
DA:66,1
DA:67,1
DA:71,1
DA:72,1
DA:73,1
DA:74,1
DA:75,1
DA:76,1
DA:77,0
DA:79,1
DA:80,1
DA:81,1
DA:85,1
DA:86,1
DA:88,1
DA:89,1
DA:90,0
DA:92,1
DA:93,1
DA:94,1
DA:98,1
DA:99,3
DA:102,1
DA:103,1
DA:104,1
LF:71
LH:69
BRF:0
BRH:0
end_of_record
TN:
SF:list-share-books.js
FN:15,(anonymous_0)
FN:17,(anonymous_1)
FNF:2
FNH:2
FNDA:3,(anonymous_0)
FNDA:3,(anonymous_1)
DA:12,1
DA:13,1
DA:15,1
DA:17,3
DA:18,3
DA:19,3
DA:24,3
DA:26,3
DA:27,1
DA:28,1
DA:30,2
DA:31,2
LF:12
LH:12
BRDA:26,0,0,1
BRDA:26,0,1,2
BRF:2
BRH:2
end_of_record
TN:
SF:list-share-books.spec.js
FN:21,(anonymous_0)
FN:27,(anonymous_1)
FN:32,(anonymous_2)
FN:61,(anonymous_3)
FN:66,(anonymous_4)
FN:79,(anonymous_5)
FN:94,(anonymous_6)
FN:106,(anonymous_7)
FN:110,(anonymous_8)
FNF:9
FNH:9
FNDA:1,(anonymous_0)
FNDA:1,(anonymous_1)
FNDA:3,(anonymous_2)
FNDA:1,(anonymous_3)
FNDA:1,(anonymous_4)
FNDA:1,(anonymous_5)
FNDA:1,(anonymous_6)
FNDA:3,(anonymous_7)
FNDA:1,(anonymous_8)
DA:1,1
DA:3,1
DA:4,1
DA:5,1
DA:6,1
DA:7,1
DA:9,1
DA:10,1
DA:11,1
DA:12,1
DA:13,1
DA:14,1
DA:15,1
DA:17,1
DA:18,1
DA:21,1
DA:27,1
DA:28,1
DA:29,1
DA:32,1
DA:33,3
DA:34,3
DA:35,3
DA:36,3
DA:37,3
DA:39,3
DA:40,3
DA:42,3
DA:43,3
DA:44,3
DA:45,3
DA:46,3
DA:48,3
DA:49,3
DA:51,3
DA:52,3
DA:53,3
DA:54,3
DA:55,3
DA:57,3
DA:58,3
DA:61,1
DA:62,1
DA:64,1
DA:66,1
DA:67,1
DA:68,1
DA:69,1
DA:70,1
DA:73,1
DA:75,1
DA:76,1
DA:79,1
DA:80,1
DA:82,1
DA:83,1
DA:84,1
DA:85,1
DA:86,0
DA:88,1
DA:89,1
DA:90,1
DA:94,1
DA:96,1
DA:97,1
DA:98,0
DA:100,1
DA:101,1
DA:102,1
DA:106,1
DA:107,3
DA:110,1
DA:111,1
DA:112,1
LF:74
LH:72
BRF:0
BRH:0
end_of_record
TN:
SF:login-user.js
FN:21,(anonymous_0)
FN:31,(anonymous_1)
FNF:2
FNH:2
FNDA:9,(anonymous_0)
FNDA:3,(anonymous_1)
DA:17,1
DA:18,1
DA:19,1
DA:21,1
DA:22,9
DA:23,7
DA:25,5
DA:26,5
DA:28,5
DA:29,4
DA:31,3
DA:32,3
DA:38,3
DA:40,3
DA:41,1
DA:43,1
DA:45,2
DA:46,2
LF:18
LH:18
BRDA:40,0,0,1
BRDA:40,0,1,2
BRF:2
BRH:2
end_of_record
TN:
SF:login-user.spec.js
FN:19,(anonymous_0)
FN:20,(anonymous_1)
FN:24,(anonymous_2)
FN:34,(anonymous_3)
FN:35,(anonymous_4)
FN:40,(anonymous_5)
FN:57,(anonymous_6)
FN:70,(anonymous_7)
FN:81,(anonymous_8)
FN:82,(anonymous_9)
FN:83,(anonymous_10)
FN:87,(anonymous_11)
FN:92,(anonymous_12)
FN:93,(anonymous_13)
FN:97,(anonymous_14)
FN:103,(anonymous_15)
FN:106,(anonymous_16)
FN:111,(anonymous_17)
FN:114,(anonymous_18)
FN:121,(anonymous_19)
FN:123,(anonymous_20)
FNF:21
FNH:21
FNDA:1,(anonymous_0)
FNDA:1,(anonymous_1)
FNDA:7,(anonymous_2)
FNDA:1,(anonymous_3)
FNDA:2,(anonymous_4)
FNDA:1,(anonymous_5)
FNDA:1,(anonymous_6)
FNDA:1,(anonymous_7)
FNDA:1,(anonymous_8)
FNDA:1,(anonymous_9)
FNDA:1,(anonymous_10)
FNDA:1,(anonymous_11)
FNDA:1,(anonymous_12)
FNDA:1,(anonymous_13)
FNDA:1,(anonymous_14)
FNDA:1,(anonymous_15)
FNDA:1,(anonymous_16)
FNDA:1,(anonymous_17)
FNDA:1,(anonymous_18)
FNDA:7,(anonymous_19)
FNDA:1,(anonymous_20)
DA:1,1
DA:3,1
DA:5,1
DA:6,1
DA:7,1
DA:8,1
DA:9,1
DA:10,1
DA:11,1
DA:12,1
DA:13,1
DA:14,1
DA:16,1
DA:17,1
DA:19,1
DA:20,1
DA:24,1
DA:25,7
DA:27,7
DA:28,7
DA:29,7
DA:30,7
DA:31,7
DA:34,1
DA:35,1
DA:36,2
DA:37,2
DA:40,1
DA:41,1
DA:43,1
DA:45,1
DA:47,1
DA:49,1
DA:51,1
DA:53,1
DA:57,1
DA:58,1
DA:59,1
DA:60,1
DA:61,0
DA:63,1
DA:64,1
DA:70,1
DA:71,1
DA:72,1
DA:73,1
DA:74,0
DA:76,1
DA:77,1
DA:81,1
DA:82,1
DA:83,1
DA:84,1
DA:87,1
DA:88,1
DA:92,1
DA:93,1
DA:94,1
DA:97,1
DA:98,1
DA:103,1
DA:104,1
DA:106,1
DA:107,1
DA:111,1
DA:112,1
DA:114,1
DA:115,1
DA:121,7
DA:123,1
DA:124,1
LF:71
LH:69
BRF:0
BRH:0
end_of_record
TN:
SF:logout-user.js
FN:3,(anonymous_0)
FNF:1
FNH:1
FNDA:1,(anonymous_0)
DA:1,1
DA:3,1
DA:4,1
LF:3
LH:3
BRF:0
BRH:0
end_of_record
TN:
SF:logout-user.spec.js
FN:19,(anonymous_0)
FN:22,(anonymous_1)
FN:27,(anonymous_2)
FN:43,(anonymous_3)
FN:54,(anonymous_4)
FN:56,(anonymous_5)
FNF:6
FNH:6
FNDA:1,(anonymous_0)
FNDA:1,(anonymous_1)
FNDA:1,(anonymous_2)
FNDA:1,(anonymous_3)
FNDA:1,(anonymous_4)
FNDA:1,(anonymous_5)
DA:1,1
DA:3,1
DA:5,1
DA:6,1
DA:7,1
DA:8,1
DA:9,1
DA:10,1
DA:11,1
DA:12,1
DA:13,1
DA:14,1
DA:16,1
DA:17,1
DA:19,1
DA:22,1
DA:23,1
DA:24,1
DA:27,1
DA:28,1
DA:29,1
DA:30,1
DA:31,1
DA:32,1
DA:34,1
DA:35,1
DA:37,1
DA:38,1
DA:43,1
DA:45,1
DA:47,1
DA:49,1
DA:54,1
DA:56,1
DA:57,1
LF:35
LH:35
BRF:0
BRH:0
end_of_record
TN:
SF:register-user.js
FN:21,(anonymous_0)
FN:35,(anonymous_1)
FNF:2
FNH:2
FNDA:14,(anonymous_0)
FNDA:2,(anonymous_1)
DA:17,1
DA:18,1
DA:19,1
DA:21,1
DA:22,14
DA:23,10
DA:24,6
DA:25,5
DA:27,4
DA:28,4
DA:29,4
DA:30,4
DA:32,4
DA:33,3
DA:35,2
DA:37,2
DA:44,2
DA:46,2
DA:48,1
DA:50,1
LF:20
LH:20
BRDA:46,0,0,1
BRDA:46,0,1,1
BRF:2
BRH:2
end_of_record
TN:
SF:register-user.spec.js
FN:18,(anonymous_0)
FN:19,(anonymous_1)
FN:23,(anonymous_2)
FN:32,(anonymous_3)
FN:53,(anonymous_4)
FN:54,(anonymous_5)
FN:56,(anonymous_6)
FN:71,(anonymous_7)
FN:72,(anonymous_8)
FN:73,(anonymous_9)
FN:77,(anonymous_10)
FN:81,(anonymous_11)
FN:85,(anonymous_12)
FN:89,(anonymous_13)
FN:93,(anonymous_14)
FN:98,(anonymous_15)
FN:99,(anonymous_16)
FN:103,(anonymous_17)
FN:107,(anonymous_18)
FN:111,(anonymous_19)
FN:116,(anonymous_20)
FN:119,(anonymous_21)
FN:124,(anonymous_22)
FN:127,(anonymous_23)
FN:135,(anonymous_24)
FN:137,(anonymous_25)
FNF:26
FNH:26
FNDA:1,(anonymous_0)
FNDA:1,(anonymous_1)
FNDA:6,(anonymous_2)
FNDA:1,(anonymous_3)
FNDA:1,(anonymous_4)
FNDA:1,(anonymous_5)
FNDA:1,(anonymous_6)
FNDA:1,(anonymous_7)
FNDA:1,(anonymous_8)
FNDA:1,(anonymous_9)
FNDA:1,(anonymous_10)
FNDA:1,(anonymous_11)
FNDA:1,(anonymous_12)
FNDA:1,(anonymous_13)
FNDA:1,(anonymous_14)
FNDA:1,(anonymous_15)
FNDA:1,(anonymous_16)
FNDA:1,(anonymous_17)
FNDA:1,(anonymous_18)
FNDA:1,(anonymous_19)
FNDA:1,(anonymous_20)
FNDA:1,(anonymous_21)
FNDA:1,(anonymous_22)
FNDA:1,(anonymous_23)
FNDA:6,(anonymous_24)
FNDA:1,(anonymous_25)
DA:1,1
DA:3,1
DA:5,1
DA:6,1
DA:7,1
DA:8,1
DA:9,1
DA:10,1
DA:11,1
DA:12,1
DA:13,1
DA:14,1
DA:18,1
DA:19,1
DA:23,1
DA:24,6
DA:26,6
DA:27,6
DA:28,6
DA:29,6
DA:32,1
DA:34,1
DA:36,1
DA:38,1
DA:40,1
DA:42,1
DA:44,1
DA:45,1
DA:46,1
DA:48,1
DA:50,1
DA:53,1
DA:54,1
DA:56,1
DA:57,1
DA:58,1
DA:60,0
DA:62,1
DA:64,1
DA:65,1
DA:71,1
DA:72,1
DA:73,1
DA:74,1
DA:77,1
DA:78,1
DA:81,1
DA:82,1
DA:85,1
DA:86,1
DA:89,1
DA:90,1
DA:93,1
DA:94,1
DA:98,1
DA:99,1
DA:100,1
DA:103,1
DA:104,1
DA:107,1
DA:108,1
DA:111,1
DA:112,1
DA:116,1
DA:117,1
DA:119,1
DA:120,1
DA:124,1
DA:125,1
DA:127,1
DA:128,1
DA:135,6
DA:137,1
DA:138,1
LF:74
LH:73
BRF:0
BRH:0
end_of_record
TN:
SF:retrieve-avg-score.js
FN:17,(anonymous_0)
FN:20,(anonymous_1)
FNF:2
FNH:2
FNDA:6,(anonymous_0)
FNDA:3,(anonymous_1)
DA:13,1
DA:14,1
DA:15,1
DA:17,1
DA:18,6
DA:20,3
DA:21,3
DA:25,3
DA:27,3
DA:28,1
DA:29,1
DA:31,2
DA:32,2
LF:13
LH:13
BRDA:27,0,0,1
BRDA:27,0,1,2
BRF:2
BRH:2
end_of_record
TN:
SF:retrieve-avg-score.spec.js
FN:16,(anonymous_0)
FN:20,(anonymous_1)
FN:25,(anonymous_2)
FN:39,(anonymous_3)
FN:49,(anonymous_4)
FN:62,(anonymous_5)
FN:75,(anonymous_6)
FN:76,(anonymous_7)
FN:79,(anonymous_8)
FN:84,(anonymous_9)
FN:85,(anonymous_10)
FN:90,(anonymous_11)
FN:94,(anonymous_12)
FNF:13
FNH:13
FNDA:1,(anonymous_0)
FNDA:1,(anonymous_1)
FNDA:5,(anonymous_2)
FNDA:1,(anonymous_3)
FNDA:1,(anonymous_4)
FNDA:1,(anonymous_5)
FNDA:1,(anonymous_6)
FNDA:1,(anonymous_7)
FNDA:1,(anonymous_8)
FNDA:1,(anonymous_9)
FNDA:1,(anonymous_10)
FNDA:5,(anonymous_11)
FNDA:1,(anonymous_12)
DA:1,1
DA:3,1
DA:5,1
DA:6,1
DA:7,1
DA:8,1
DA:9,1
DA:10,1
DA:11,1
DA:12,1
DA:13,1
DA:14,1
DA:16,1
DA:20,1
DA:21,1
DA:22,1
DA:25,1
DA:26,5
DA:27,5
DA:28,5
DA:29,5
DA:30,5
DA:32,5
DA:33,5
DA:35,5
DA:39,1
DA:40,1
DA:42,1
DA:44,1
DA:45,1
DA:49,1
DA:50,1
DA:52,1
DA:53,1
DA:54,0
DA:56,1
DA:57,1
DA:58,1
DA:62,1
DA:64,1
DA:65,1
DA:66,0
DA:68,1
DA:69,1
DA:70,1
DA:75,1
DA:76,1
DA:77,1
DA:79,1
DA:80,1
DA:84,1
DA:85,1
DA:86,1
DA:90,1
DA:91,5
DA:94,1
DA:95,1
DA:96,1
LF:58
LH:56
BRF:0
BRH:0
end_of_record
TN:
SF:retrieve-book.js
FN:17,(anonymous_0)
FN:20,(anonymous_1)
FNF:2
FNH:2
FNDA:5,(anonymous_0)
FNDA:2,(anonymous_1)
DA:13,1
DA:14,1
DA:15,1
DA:17,1
DA:18,5
DA:20,2
DA:21,2
DA:25,2
DA:27,2
DA:28,1
DA:29,1
DA:32,1
DA:33,1
LF:13
LH:13
BRDA:27,0,0,1
BRDA:27,0,1,1
BRF:2
BRH:2
end_of_record
TN:
SF:retrieve-book.spec.js
FN:16,(anonymous_0)
FN:20,(anonymous_1)
FN:25,(anonymous_2)
FN:42,(anonymous_3)
FN:53,(anonymous_4)
FN:67,(anonymous_5)
FN:68,(anonymous_6)
FN:71,(anonymous_7)
FN:76,(anonymous_8)
FN:77,(anonymous_9)
FN:82,(anonymous_10)
FN:86,(anonymous_11)
FNF:12
FNH:12
FNDA:1,(anonymous_0)
FNDA:1,(anonymous_1)
FNDA:4,(anonymous_2)
FNDA:1,(anonymous_3)
FNDA:1,(anonymous_4)
FNDA:1,(anonymous_5)
FNDA:1,(anonymous_6)
FNDA:1,(anonymous_7)
FNDA:1,(anonymous_8)
FNDA:1,(anonymous_9)
FNDA:4,(anonymous_10)
FNDA:1,(anonymous_11)
DA:1,1
DA:3,1
DA:5,1
DA:6,1
DA:7,1
DA:8,1
DA:9,1
DA:10,1
DA:11,1
DA:12,1
DA:13,1
DA:14,1
DA:16,1
DA:20,1
DA:21,1
DA:22,1
DA:25,1
DA:26,4
DA:27,4
DA:28,4
DA:29,4
DA:30,4
DA:32,4
DA:33,4
DA:35,4
DA:36,4
DA:37,4
DA:38,4
DA:39,4
DA:42,1
DA:43,1
DA:45,1
DA:46,1
DA:47,1
DA:48,1
DA:49,1
DA:53,1
DA:54,1
DA:55,1
DA:56,1
DA:57,0
DA:59,1
DA:60,1
DA:61,1
DA:67,1
DA:68,1
DA:69,1
DA:71,1
DA:72,1
DA:76,1
DA:77,1
DA:78,1
DA:82,1
DA:83,4
DA:86,1
DA:87,1
DA:88,1
LF:57
LH:56
BRF:0
BRH:0
end_of_record
TN:
SF:retrieve-coordinates.js
FN:15,(anonymous_0)
FN:17,(anonymous_1)
FNF:2
FNH:2
FNDA:3,(anonymous_0)
FNDA:3,(anonymous_1)
DA:12,1
DA:13,1
DA:15,1
DA:17,3
DA:18,3
DA:19,3
DA:24,3
DA:26,3
DA:27,1
DA:28,1
DA:31,2
DA:32,2
LF:12
LH:12
BRDA:26,0,0,1
BRDA:26,0,1,2
BRF:2
BRH:2
end_of_record
TN:
SF:retrieve-coordinates.spec.js
FN:20,(anonymous_0)
FN:24,(anonymous_1)
FN:29,(anonymous_2)
FN:47,(anonymous_3)
FN:57,(anonymous_4)
FN:72,(anonymous_5)
FN:84,(anonymous_6)
FN:88,(anonymous_7)
FNF:8
FNH:8
FNDA:1,(anonymous_0)
FNDA:1,(anonymous_1)
FNDA:3,(anonymous_2)
FNDA:1,(anonymous_3)
FNDA:1,(anonymous_4)
FNDA:1,(anonymous_5)
FNDA:3,(anonymous_6)
FNDA:1,(anonymous_7)
DA:1,1
DA:3,1
DA:5,1
DA:6,1
DA:7,1
DA:8,1
DA:9,1
DA:10,1
DA:11,1
DA:12,1
DA:13,1
DA:14,1
DA:15,1
DA:17,1
DA:18,1
DA:20,1
DA:24,1
DA:25,1
DA:26,1
DA:29,1
DA:30,3
DA:31,3
DA:32,3
DA:33,3
DA:34,3
DA:36,3
DA:37,3
DA:39,3
DA:40,3
DA:41,3
DA:43,3
DA:44,3
DA:47,1
DA:48,1
DA:50,1
DA:52,1
DA:53,1
DA:54,1
DA:57,1
DA:58,1
DA:60,1
DA:61,1
DA:62,1
DA:63,1
DA:64,0
DA:66,1
DA:67,1
DA:68,1
DA:72,1
DA:74,1
DA:75,1
DA:76,0
DA:78,1
DA:79,1
DA:80,1
DA:84,1
DA:85,3
DA:88,1
DA:89,1
DA:90,1
LF:60
LH:58
BRF:0
BRH:0
end_of_record
TN:
SF:retrieve-following.js
FN:15,(anonymous_0)
FN:17,(anonymous_1)
FNF:2
FNH:2
FNDA:2,(anonymous_0)
FNDA:2,(anonymous_1)
DA:12,1
DA:13,1
DA:15,1
DA:17,2
DA:18,2
DA:19,2
DA:24,2
DA:26,2
DA:27,1
DA:28,1
DA:31,1
DA:32,1
LF:12
LH:12
BRDA:26,0,0,1
BRDA:26,0,1,1
BRF:2
BRH:2
end_of_record
TN:
SF:retrieve-following.spec.js
FN:20,(anonymous_0)
FN:23,(anonymous_1)
FN:28,(anonymous_2)
FN:59,(anonymous_3)
FN:68,(anonymous_4)
FN:83,(anonymous_5)
FN:85,(anonymous_6)
FNF:7
FNH:7
FNDA:1,(anonymous_0)
FNDA:1,(anonymous_1)
FNDA:2,(anonymous_2)
FNDA:1,(anonymous_3)
FNDA:1,(anonymous_4)
FNDA:2,(anonymous_5)
FNDA:1,(anonymous_6)
DA:1,1
DA:3,1
DA:5,1
DA:6,1
DA:7,1
DA:8,1
DA:9,1
DA:10,1
DA:11,1
DA:12,1
DA:13,1
DA:14,1
DA:15,1
DA:17,1
DA:18,1
DA:20,1
DA:23,1
DA:24,1
DA:25,1
DA:28,1
DA:29,2
DA:30,2
DA:31,2
DA:32,2
DA:33,2
DA:35,2
DA:36,2
DA:38,2
DA:40,20
DA:41,20
DA:42,20
DA:43,20
DA:44,20
DA:46,20
DA:47,20
DA:49,20
DA:50,20
DA:53,2
DA:54,2
DA:59,1
DA:60,1
DA:62,1
DA:63,1
DA:64,1
DA:68,1
DA:69,1
DA:71,1
DA:72,1
DA:73,1
DA:74,1
DA:75,0
DA:77,1
DA:78,1
DA:79,1
DA:83,2
DA:85,1
DA:86,1
LF:57
LH:56
BRF:0
BRH:0
end_of_record
TN:
SF:retrieve-received-messages.js
FN:17,(anonymous_0)
FN:19,(anonymous_1)
FNF:2
FNH:2
FNDA:3,(anonymous_0)
FNDA:3,(anonymous_1)
DA:14,1
DA:15,1
DA:17,1
DA:19,3
DA:20,3
DA:21,3
DA:26,3
DA:28,3
DA:29,1
DA:30,1
DA:33,2
DA:34,2
LF:12
LH:12
BRDA:28,0,0,1
BRDA:28,0,1,2
BRF:2
BRH:2
end_of_record
TN:
SF:retrieve-received-messages.spec.js
FN:21,(anonymous_0)
FN:28,(anonymous_1)
FN:33,(anonymous_2)
FN:67,(anonymous_3)
FN:79,(anonymous_4)
FN:93,(anonymous_5)
FN:106,(anonymous_6)
FN:110,(anonymous_7)
FNF:8
FNH:8
FNDA:1,(anonymous_0)
FNDA:1,(anonymous_1)
FNDA:3,(anonymous_2)
FNDA:1,(anonymous_3)
FNDA:1,(anonymous_4)
FNDA:1,(anonymous_5)
FNDA:3,(anonymous_6)
FNDA:1,(anonymous_7)
DA:1,1
DA:3,1
DA:5,1
DA:6,1
DA:7,1
DA:8,1
DA:9,1
DA:10,1
DA:11,1
DA:12,1
DA:13,1
DA:14,1
DA:15,1
DA:17,1
DA:18,1
DA:21,1
DA:28,1
DA:29,1
DA:30,1
DA:33,1
DA:34,3
DA:35,3
DA:36,3
DA:37,3
DA:38,3
DA:40,3
DA:41,3
DA:43,3
DA:44,3
DA:45,3
DA:46,3
DA:47,3
DA:49,3
DA:50,3
DA:52,3
DA:53,3
DA:54,3
DA:55,3
DA:56,3
DA:58,3
DA:60,3
DA:61,3
DA:63,3
DA:64,3
DA:67,1
DA:69,1
DA:71,1
DA:72,1
DA:73,1
DA:74,1
DA:75,1
DA:79,1
DA:80,1
DA:81,1
DA:82,1
DA:83,1
DA:84,1
DA:85,0
DA:87,1
DA:88,1
DA:89,1
DA:93,1
DA:94,1
DA:95,1
DA:96,1
DA:97,1
DA:98,0
DA:100,1
DA:101,1
DA:102,1
DA:106,1
DA:107,3
DA:110,1
DA:111,1
DA:112,1
LF:75
LH:73
BRF:0
BRH:0
end_of_record
TN:
SF:retrieve-requested-books.js
FN:14,(anonymous_0)
FN:16,(anonymous_1)
FNF:2
FNH:2
FNDA:3,(anonymous_0)
FNDA:3,(anonymous_1)
DA:11,1
DA:12,1
DA:14,1
DA:16,3
DA:17,3
DA:18,3
DA:23,3
DA:25,3
DA:26,1
DA:27,1
DA:30,2
DA:31,2
LF:12
LH:12
BRDA:25,0,0,1
BRDA:25,0,1,2
BRF:2
BRH:2
end_of_record
TN:
SF:retrieve-requested-books.spec.js
FN:20,(anonymous_0)
FN:26,(anonymous_1)
FN:31,(anonymous_2)
FN:60,(anonymous_3)
FN:65,(anonymous_4)
FN:74,(anonymous_5)
FN:89,(anonymous_6)
FN:101,(anonymous_7)
FN:105,(anonymous_8)
FNF:9
FNH:9
FNDA:1,(anonymous_0)
FNDA:1,(anonymous_1)
FNDA:3,(anonymous_2)
FNDA:1,(anonymous_3)
FNDA:1,(anonymous_4)
FNDA:1,(anonymous_5)
FNDA:1,(anonymous_6)
FNDA:3,(anonymous_7)
FNDA:1,(anonymous_8)
DA:1,1
DA:3,1
DA:5,1
DA:6,1
DA:7,1
DA:8,1
DA:9,1
DA:10,1
DA:11,1
DA:12,1
DA:13,1
DA:14,1
DA:15,1
DA:17,1
DA:18,1
DA:20,1
DA:26,1
DA:27,1
DA:28,1
DA:31,1
DA:32,3
DA:33,3
DA:34,3
DA:35,3
DA:36,3
DA:38,3
DA:39,3
DA:41,3
DA:42,3
DA:43,3
DA:44,3
DA:45,3
DA:47,3
DA:48,3
DA:50,3
DA:51,3
DA:52,3
DA:53,3
DA:54,3
DA:56,3
DA:57,3
DA:60,1
DA:61,1
DA:63,1
DA:65,1
DA:66,1
DA:67,1
DA:68,1
DA:69,1
DA:70,1
DA:74,1
DA:75,1
DA:77,1
DA:78,1
DA:79,1
DA:80,1
DA:81,0
DA:83,1
DA:84,1
DA:85,1
DA:89,1
DA:91,1
DA:92,1
DA:93,0
DA:95,1
DA:96,1
DA:97,1
DA:101,1
DA:102,3
DA:105,1
DA:106,1
DA:107,1
LF:72
LH:70
BRF:0
BRH:0
end_of_record
TN:
SF:retrieve-user.js
FN:17,(anonymous_0)
FN:20,(anonymous_1)
FNF:2
FNH:2
FNDA:2,(anonymous_0)
FNDA:2,(anonymous_1)
DA:13,1
DA:14,1
DA:15,1
DA:17,1
DA:18,2
DA:20,2
DA:21,2
DA:23,2
DA:24,2
DA:26,2
DA:27,1
DA:29,1
DA:31,1
LF:13
LH:13
BRDA:18,0,0,0
BRDA:18,0,1,2
BRDA:23,1,0,2
BRDA:23,1,1,2
BRDA:26,2,0,1
BRDA:26,2,1,1
BRF:6
BRH:5
end_of_record
TN:
SF:retrieve-user.spec.js
FN:18,(anonymous_0)
FN:19,(anonymous_1)
FN:23,(anonymous_2)
FN:32,(anonymous_3)
FN:33,(anonymous_4)
FN:41,(anonymous_5)
FN:55,(anonymous_6)
FN:71,(anonymous_7)
FN:73,(anonymous_8)
FNF:9
FNH:9
FNDA:1,(anonymous_0)
FNDA:1,(anonymous_1)
FNDA:2,(anonymous_2)
FNDA:1,(anonymous_3)
FNDA:1,(anonymous_4)
FNDA:1,(anonymous_5)
FNDA:1,(anonymous_6)
FNDA:2,(anonymous_7)
FNDA:1,(anonymous_8)
DA:1,1
DA:3,1
DA:5,1
DA:6,1
DA:7,1
DA:8,1
DA:9,1
DA:10,1
DA:11,1
DA:12,1
DA:13,1
DA:15,1
DA:16,1
DA:18,1
DA:19,1
DA:23,1
DA:24,2
DA:26,2
DA:27,2
DA:28,2
DA:29,2
DA:32,1
DA:33,1
DA:34,1
DA:35,1
DA:36,1
DA:38,1
DA:41,1
DA:42,1
DA:44,1
DA:45,1
DA:46,1
DA:47,1
DA:48,1
DA:49,1
DA:50,1
DA:51,1
DA:55,1
DA:56,1
DA:58,1
DA:59,1
DA:61,1
DA:62,1
DA:63,0
DA:65,1
DA:66,1
DA:67,1
DA:71,2
DA:73,1
DA:74,1
LF:50
LH:49
BRF:0
BRH:0
end_of_record
TN:
SF:search-book.js
FN:16,(anonymous_0)
FN:20,(anonymous_1)
FNF:2
FNH:2
FNDA:7,(anonymous_0)
FNDA:4,(anonymous_1)
DA:13,1
DA:14,1
DA:16,1
DA:17,7
DA:18,4
DA:20,4
DA:21,4
DA:22,4
DA:23,4
DA:25,4
DA:26,2
DA:28,2
DA:30,2
LF:13
LH:13
BRDA:25,0,0,2
BRDA:25,0,1,2
BRF:2
BRH:2
end_of_record
TN:
SF:search-book.spec.js
FN:20,(anonymous_0)
FN:21,(anonymous_1)
FN:26,(anonymous_2)
FN:49,(anonymous_3)
FN:57,(anonymous_4)
FN:80,(anonymous_5)
FN:91,(anonymous_6)
FN:108,(anonymous_7)
FN:109,(anonymous_8)
FN:112,(anonymous_9)
FN:117,(anonymous_10)
FN:118,(anonymous_11)
FN:124,(anonymous_12)
FN:129,(anonymous_13)
FNF:14
FNH:14
FNDA:1,(anonymous_0)
FNDA:1,(anonymous_1)
FNDA:6,(anonymous_2)
FNDA:1,(anonymous_3)
FNDA:1,(anonymous_4)
FNDA:1,(anonymous_5)
FNDA:1,(anonymous_6)
FNDA:1,(anonymous_7)
FNDA:1,(anonymous_8)
FNDA:1,(anonymous_9)
FNDA:1,(anonymous_10)
FNDA:1,(anonymous_11)
FNDA:6,(anonymous_12)
FNDA:1,(anonymous_13)
DA:1,1
DA:3,1
DA:5,1
DA:6,1
DA:7,1
DA:8,1
DA:9,1
DA:10,1
DA:11,1
DA:12,1
DA:13,1
DA:14,1
DA:15,1
DA:17,1
DA:18,1
DA:20,1
DA:21,1
DA:26,1
DA:27,6
DA:29,6
DA:30,6
DA:31,6
DA:32,6
DA:33,6
DA:35,6
DA:36,6
DA:38,6
DA:39,6
DA:40,6
DA:41,6
DA:42,6
DA:43,6
DA:45,6
DA:46,6
DA:49,1
DA:50,1
DA:52,1
DA:54,1
DA:57,1
DA:58,1
DA:59,1
DA:60,1
DA:61,1
DA:62,1
DA:64,1
DA:65,1
DA:67,1
DA:68,1
DA:70,1
DA:72,1
DA:74,1
DA:75,1
DA:76,1
DA:77,1
DA:80,1
DA:81,1
DA:82,1
DA:83,1
DA:85,1
DA:86,1
DA:87,1
DA:91,1
DA:93,1
DA:94,1
DA:95,1
DA:96,1
DA:98,1
DA:99,1
DA:101,1
DA:102,1
DA:103,1
DA:108,1
DA:109,1
DA:110,1
DA:112,1
DA:113,1
DA:117,1
DA:118,1
DA:119,1
DA:124,1
DA:125,6
DA:126,6
DA:129,1
DA:130,1
LF:84
LH:84
BRF:0
BRH:0
end_of_record
TN:
SF:search-user.js
FN:17,(anonymous_0)
FN:20,(anonymous_1)
FNF:2
FNH:2
FNDA:4,(anonymous_0)
FNDA:2,(anonymous_1)
DA:13,1
DA:14,1
DA:15,1
DA:17,1
DA:18,4
DA:20,2
DA:21,2
DA:22,2
DA:23,2
DA:25,2
DA:26,1
DA:28,1
DA:30,1
LF:13
LH:13
BRDA:18,0,0,4
BRDA:18,0,1,0
BRDA:22,1,0,2
BRDA:22,1,1,0
BRDA:25,2,0,1
BRDA:25,2,1,1
BRF:6
BRH:4
end_of_record
TN:
SF:search-user.spec.js
FN:20,(anonymous_0)
FN:21,(anonymous_1)
FN:26,(anonymous_2)
FN:42,(anonymous_3)
FN:54,(anonymous_4)
FN:67,(anonymous_5)
FN:68,(anonymous_6)
FN:71,(anonymous_7)
FN:76,(anonymous_8)
FN:80,(anonymous_9)
FNF:10
FNH:10
FNDA:1,(anonymous_0)
FNDA:1,(anonymous_1)
FNDA:3,(anonymous_2)
FNDA:1,(anonymous_3)
FNDA:1,(anonymous_4)
FNDA:1,(anonymous_5)
FNDA:1,(anonymous_6)
FNDA:1,(anonymous_7)
FNDA:3,(anonymous_8)
FNDA:1,(anonymous_9)
DA:1,1
DA:3,1
DA:5,1
DA:6,1
DA:7,1
DA:8,1
DA:9,1
DA:10,1
DA:11,1
DA:12,1
DA:13,1
DA:14,1
DA:15,1
DA:17,1
DA:18,1
DA:20,1
DA:21,1
DA:26,1
DA:27,3
DA:29,3
DA:30,3
DA:31,3
DA:32,3
DA:33,3
DA:35,3
DA:36,3
DA:38,3
DA:39,3
DA:42,1
DA:43,1
DA:45,1
DA:47,1
DA:48,1
DA:49,1
DA:50,1
DA:51,1
DA:54,1
DA:55,1
DA:57,1
DA:58,1
DA:59,0
DA:61,1
DA:62,1
DA:63,1
DA:67,1
DA:68,1
DA:69,1
DA:71,1
DA:72,1
DA:76,1
DA:77,3
DA:80,1
DA:81,1
LF:53
LH:52
BRF:0
BRH:0
end_of_record
TN:
SF:send-message.js
FN:19,(anonymous_0)
FN:25,(anonymous_1)
FNF:2
FNH:2
FNDA:10,(anonymous_0)
FNDA:4,(anonymous_1)
DA:15,1
DA:16,1
DA:17,1
DA:19,1
DA:20,10
DA:21,8
DA:22,6
DA:25,4
DA:26,4
DA:27,4
DA:33,4
DA:35,4
DA:37,3
DA:39,3
LF:14
LH:14
BRDA:35,0,0,1
BRDA:35,0,1,3
BRF:2
BRH:2
end_of_record
TN:
SF:send-message.spec.js
FN:20,(anonymous_0)
FN:26,(anonymous_1)
FN:31,(anonymous_2)
FN:62,(anonymous_3)
FN:74,(anonymous_4)
FN:88,(anonymous_5)
FN:101,(anonymous_6)
FN:114,(anonymous_7)
FN:115,(anonymous_8)
FN:118,(anonymous_9)
FN:121,(anonymous_10)
FN:126,(anonymous_11)
FN:127,(anonymous_12)
FN:130,(anonymous_13)
FN:133,(anonymous_14)
FN:139,(anonymous_15)
FN:143,(anonymous_16)
FNF:17
FNH:17
FNDA:1,(anonymous_0)
FNDA:1,(anonymous_1)
FNDA:6,(anonymous_2)
FNDA:1,(anonymous_3)
FNDA:1,(anonymous_4)
FNDA:1,(anonymous_5)
FNDA:1,(anonymous_6)
FNDA:1,(anonymous_7)
FNDA:1,(anonymous_8)
FNDA:1,(anonymous_9)
FNDA:1,(anonymous_10)
FNDA:1,(anonymous_11)
FNDA:1,(anonymous_12)
FNDA:1,(anonymous_13)
FNDA:1,(anonymous_14)
FNDA:6,(anonymous_15)
FNDA:1,(anonymous_16)
DA:1,1
DA:3,1
DA:5,1
DA:6,1
DA:7,1
DA:8,1
DA:9,1
DA:10,1
DA:11,1
DA:12,1
DA:13,1
DA:14,1
DA:15,1
DA:17,1
DA:18,1
DA:20,1
DA:26,1
DA:27,1
DA:28,1
DA:31,1
DA:32,6
DA:33,6
DA:34,6
DA:35,6
DA:36,6
DA:38,6
DA:39,6
DA:41,6
DA:42,6
DA:43,6
DA:44,6
DA:45,6
DA:47,6
DA:48,6
DA:50,6
DA:51,6
DA:52,6
DA:53,6
DA:54,6
DA:56,6
DA:57,6
DA:58,6
DA:62,1
DA:63,1
DA:65,1
DA:67,1
DA:68,1
DA:69,1
DA:70,1
DA:71,1
DA:74,1
DA:75,1
DA:76,1
DA:77,1
DA:78,1
DA:79,1
DA:80,0
DA:82,1
DA:83,1
DA:84,1
DA:88,1
DA:89,1
DA:91,1
DA:92,1
DA:93,0
DA:95,1
DA:96,1
DA:97,1
DA:101,1
DA:102,1
DA:104,1
DA:105,1
DA:106,0
DA:108,1
DA:109,1
DA:110,1
DA:114,1
DA:115,1
DA:116,1
DA:118,1
DA:119,1
DA:121,1
DA:122,1
DA:126,1
DA:127,1
DA:128,1
DA:130,1
DA:131,1
DA:133,1
DA:134,1
DA:139,1
DA:140,6
DA:143,1
DA:144,1
DA:145,1
LF:95
LH:92
BRF:0
BRH:0
end_of_record
TN:
SF:toggle-following.js
FN:17,(anonymous_0)
FN:20,(anonymous_1)
FNF:2
FNH:2
FNDA:9,(anonymous_0)
FNDA:6,(anonymous_1)
DA:13,1
DA:14,1
DA:15,1
DA:17,1
DA:18,9
DA:20,6
DA:21,6
DA:22,6
DA:28,6
DA:30,6
DA:32,3
DA:34,3
LF:12
LH:12
BRDA:30,0,0,3
BRDA:30,0,1,3
BRF:2
BRH:2
end_of_record
TN:
SF:toggle-following.spec.js
FN:20,(anonymous_0)
FN:25,(anonymous_1)
FN:33,(anonymous_2)
FN:56,(anonymous_3)
FN:63,(anonymous_4)
FN:71,(anonymous_5)
FN:77,(anonymous_6)
FN:92,(anonymous_7)
FN:103,(anonymous_8)
FN:118,(anonymous_9)
FN:131,(anonymous_10)
FN:132,(anonymous_11)
FN:135,(anonymous_12)
FN:140,(anonymous_13)
FN:141,(anonymous_14)
FN:147,(anonymous_15)
FN:148,(anonymous_16)
FNF:17
FNH:17
FNDA:1,(anonymous_0)
FNDA:1,(anonymous_1)
FNDA:7,(anonymous_2)
FNDA:1,(anonymous_3)
FNDA:1,(anonymous_4)
FNDA:1,(anonymous_5)
FNDA:1,(anonymous_6)
FNDA:1,(anonymous_7)
FNDA:1,(anonymous_8)
FNDA:1,(anonymous_9)
FNDA:1,(anonymous_10)
FNDA:1,(anonymous_11)
FNDA:1,(anonymous_12)
FNDA:1,(anonymous_13)
FNDA:1,(anonymous_14)
FNDA:7,(anonymous_15)
FNDA:1,(anonymous_16)
DA:1,1
DA:3,1
DA:5,1
DA:6,1
DA:7,1
DA:8,1
DA:9,1
DA:10,1
DA:11,1
DA:12,1
DA:13,1
DA:14,1
DA:15,1
DA:17,1
DA:18,1
DA:20,1
DA:25,1
DA:26,1
DA:33,1
DA:34,7
DA:35,7
DA:36,7
DA:37,7
DA:38,7
DA:40,7
DA:41,7
DA:43,7
DA:44,7
DA:45,7
DA:46,7
DA:47,7
DA:49,7
DA:50,7
DA:52,7
DA:53,7
DA:56,1
DA:57,1
DA:59,1
DA:60,1
DA:61,1
DA:63,1
DA:64,1
DA:67,1
DA:68,1
DA:69,1
DA:71,1
DA:72,1
DA:77,1
DA:78,1
DA:79,1
DA:82,1
DA:83,1
DA:84,1
DA:86,1
DA:87,1
DA:88,1
DA:92,1
DA:94,1
DA:95,1
DA:96,0
DA:98,1
DA:99,1
DA:100,1
DA:103,1
DA:104,1
DA:106,1
DA:107,1
DA:108,1
DA:109,1
DA:110,0
DA:112,1
DA:113,1
DA:114,1
DA:118,1
DA:119,1
DA:121,1
DA:122,1
DA:123,0
DA:125,1
DA:126,1
DA:127,1
DA:131,1
DA:132,1
DA:133,1
DA:135,1
DA:136,1
DA:140,1
DA:141,1
DA:142,1
DA:147,7
DA:148,1
DA:149,1
LF:92
LH:89
BRF:0
BRH:0
end_of_record
TN:
SF:update-coordinates.js
FN:19,(anonymous_0)
FN:23,(anonymous_1)
FNF:2
FNH:2
FNDA:7,(anonymous_0)
FNDA:3,(anonymous_1)
DA:15,1
DA:16,1
DA:17,1
DA:19,1
DA:20,7
DA:21,5
DA:23,3
DA:24,3
DA:25,3
DA:32,3
DA:34,3
DA:36,1
DA:38,1
LF:13
LH:13
BRDA:34,0,0,2
BRDA:34,0,1,1
BRF:2
BRH:2
end_of_record
TN:
SF:update-coordinates.spec.js
FN:21,(anonymous_0)
FN:25,(anonymous_1)
FN:30,(anonymous_2)
FN:44,(anonymous_3)
FN:58,(anonymous_4)
FN:76,(anonymous_5)
FN:91,(anonymous_6)
FN:92,(anonymous_7)
FN:95,(anonymous_8)
FN:100,(anonymous_9)
FN:101,(anonymous_10)
FN:104,(anonymous_11)
FN:109,(anonymous_12)
FN:113,(anonymous_13)
FNF:14
FNH:14
FNDA:1,(anonymous_0)
FNDA:1,(anonymous_1)
FNDA:5,(anonymous_2)
FNDA:1,(anonymous_3)
FNDA:1,(anonymous_4)
FNDA:1,(anonymous_5)
FNDA:1,(anonymous_6)
FNDA:1,(anonymous_7)
FNDA:1,(anonymous_8)
FNDA:1,(anonymous_9)
FNDA:1,(anonymous_10)
FNDA:1,(anonymous_11)
FNDA:5,(anonymous_12)
FNDA:1,(anonymous_13)
DA:1,1
DA:3,1
DA:4,1
DA:5,1
DA:6,1
DA:8,1
DA:10,1
DA:11,1
DA:12,1
DA:13,1
DA:14,1
DA:15,1
DA:16,1
DA:18,1
DA:19,1
DA:21,1
DA:25,1
DA:26,1
DA:27,1
DA:30,1
DA:31,5
DA:32,5
DA:33,5
DA:34,5
DA:35,5
DA:37,5
DA:38,5
DA:40,5
DA:41,5
DA:44,1
DA:46,1
DA:47,1
DA:49,1
DA:51,1
DA:53,1
DA:54,1
DA:55,1
DA:58,1
DA:59,1
DA:60,1
DA:62,1
DA:63,1
DA:65,1
DA:66,1
DA:68,1
DA:70,1
DA:72,1
DA:73,1
DA:74,1
DA:76,1
DA:77,1
DA:78,1
DA:79,1
DA:80,1
DA:81,1
DA:82,0
DA:84,1
DA:85,1
DA:86,1
DA:91,1
DA:92,1
DA:93,1
DA:95,1
DA:96,1
DA:100,1
DA:101,1
DA:102,1
DA:104,1
DA:105,1
DA:109,1
DA:110,5
DA:113,1
DA:114,1
DA:115,1
LF:74
LH:73
BRF:0
BRH:0
end_of_record
TN:
SF:update-user.js
FN:24,(anonymous_0)
FN:31,(anonymous_1)
FNF:2
FNH:2
FNDA:9,(anonymous_0)
FNDA:4,(anonymous_1)
DA:20,1
DA:21,1
DA:22,1
DA:24,1
DA:25,9
DA:26,8
DA:27,7
DA:28,6
DA:31,4
DA:32,4
DA:33,4
DA:39,4
DA:41,4
DA:43,3
DA:45,3
LF:15
LH:15
BRDA:25,0,0,9
BRDA:25,0,1,0
BRDA:26,1,0,8
BRDA:26,1,1,0
BRDA:27,2,0,7
BRDA:27,2,1,0
BRDA:41,3,0,1
BRDA:41,3,1,3
BRF:8
BRH:5
end_of_record
TN:
SF:update-user.spec.js
FN:21,(anonymous_0)
FN:26,(anonymous_1)
FN:31,(anonymous_2)
FN:48,(anonymous_3)
FN:64,(anonymous_4)
FN:75,(anonymous_5)
FN:87,(anonymous_6)
FN:102,(anonymous_7)
FN:103,(anonymous_8)
FN:106,(anonymous_9)
FN:109,(anonymous_10)
FN:112,(anonymous_11)
FN:117,(anonymous_12)
FN:118,(anonymous_13)
FN:124,(anonymous_14)
FN:128,(anonymous_15)
FNF:16
FNH:16
FNDA:1,(anonymous_0)
FNDA:1,(anonymous_1)
FNDA:6,(anonymous_2)
FNDA:1,(anonymous_3)
FNDA:1,(anonymous_4)
FNDA:1,(anonymous_5)
FNDA:1,(anonymous_6)
FNDA:1,(anonymous_7)
FNDA:1,(anonymous_8)
FNDA:1,(anonymous_9)
FNDA:1,(anonymous_10)
FNDA:1,(anonymous_11)
FNDA:1,(anonymous_12)
FNDA:1,(anonymous_13)
FNDA:6,(anonymous_14)
FNDA:1,(anonymous_15)
DA:1,1
DA:3,1
DA:4,1
DA:5,1
DA:6,1
DA:8,1
DA:10,1
DA:11,1
DA:12,1
DA:13,1
DA:14,1
DA:15,1
DA:16,1
DA:18,1
DA:19,1
DA:21,1
DA:26,1
DA:27,1
DA:28,1
DA:31,1
DA:32,6
DA:33,6
DA:34,6
DA:35,6
DA:36,6
DA:38,6
DA:39,6
DA:40,6
DA:41,6
DA:43,6
DA:44,6
DA:45,6
DA:48,1
DA:50,1
DA:51,1
DA:52,1
DA:54,1
DA:56,1
DA:58,1
DA:59,1
DA:60,1
DA:61,1
DA:64,1
DA:65,1
DA:66,1
DA:67,1
DA:68,0
DA:70,1
DA:71,1
DA:72,1
DA:75,1
DA:77,1
DA:78,1
DA:79,0
DA:81,1
DA:82,1
DA:83,1
DA:87,1
DA:88,1
DA:89,1
DA:90,1
DA:91,1
DA:92,1
DA:93,0
DA:95,1
DA:96,1
DA:97,1
DA:102,1
DA:103,1
DA:104,1
DA:106,1
DA:107,1
DA:109,1
DA:110,1
DA:112,1
DA:113,1
DA:117,1
DA:118,1
DA:119,1
DA:124,1
DA:125,6
DA:128,1
DA:129,1
LF:83
LH:80
BRF:0
BRH:0
end_of_record
