{"/Users/sergioluis/bootcamp/collab/skylab-bootcamp-202004/staff/sergio-luis/books/books-server-logic/accepted-share-book.spec.js":{"path":"/Users/sergioluis/bootcamp/collab/skylab-bootcamp-202004/staff/sergio-luis/books/books-server-logic/accepted-share-book.spec.js","statementMap":{"0":{"start":{"line":1,"column":0},"end":{"line":1,"column":26}},"1":{"start":{"line":3,"column":51},"end":{"line":3,"column":58}},"2":{"start":{"line":4,"column":19},"end":{"line":4,"column":23}},"3":{"start":{"line":5,"column":18},"end":{"line":5,"column":50}},"4":{"start":{"line":6,"column":19},"end":{"line":6,"column":34}},"5":{"start":{"line":8,"column":0},"end":{"line":8,"column":39}},"6":{"start":{"line":10,"column":44},"end":{"line":10,"column":65}},"7":{"start":{"line":11,"column":15},"end":{"line":11,"column":34}},"8":{"start":{"line":12,"column":34},"end":{"line":12,"column":58}},"9":{"start":{"line":14,"column":0},"end":{"line":146,"column":2}},"10":{"start":{"line":19,"column":4},"end":{"line":22,"column":6}},"11":{"start":{"line":20,"column":8},"end":{"line":20,"column":69}},"12":{"start":{"line":21,"column":8},"end":{"line":21,"column":66}},"13":{"start":{"line":24,"column":4},"end":{"line":49,"column":6}},"14":{"start":{"line":25,"column":8},"end":{"line":25,"column":34}},"15":{"start":{"line":26,"column":8},"end":{"line":26,"column":40}},"16":{"start":{"line":27,"column":8},"end":{"line":27,"column":46}},"17":{"start":{"line":28,"column":8},"end":{"line":28,"column":42}},"18":{"start":{"line":29,"column":8},"end":{"line":29,"column":60}},"19":{"start":{"line":31,"column":21},"end":{"line":31,"column":93}},"20":{"start":{"line":32,"column":8},"end":{"line":32,"column":25}},"21":{"start":{"line":34,"column":8},"end":{"line":34,"column":46}},"22":{"start":{"line":35,"column":8},"end":{"line":35,"column":52}},"23":{"start":{"line":36,"column":8},"end":{"line":36,"column":58}},"24":{"start":{"line":37,"column":8},"end":{"line":37,"column":54}},"25":{"start":{"line":38,"column":8},"end":{"line":38,"column":72}},"26":{"start":{"line":40,"column":27},"end":{"line":40,"column":145}},"27":{"start":{"line":41,"column":8},"end":{"line":41,"column":36}},"28":{"start":{"line":43,"column":8},"end":{"line":43,"column":36}},"29":{"start":{"line":44,"column":8},"end":{"line":44,"column":32}},"30":{"start":{"line":45,"column":8},"end":{"line":45,"column":28}},"31":{"start":{"line":46,"column":21},"end":{"line":46,"column":111}},"32":{"start":{"line":47,"column":8},"end":{"line":47,"column":25}},"33":{"start":{"line":51,"column":4},"end":{"line":59,"column":6}},"34":{"start":{"line":52,"column":8},"end":{"line":52,"column":51}},"35":{"start":{"line":54,"column":21},"end":{"line":54,"column":48}},"36":{"start":{"line":56,"column":8},"end":{"line":56,"column":29}},"37":{"start":{"line":57,"column":8},"end":{"line":57,"column":67}},"38":{"start":{"line":58,"column":8},"end":{"line":58,"column":60}},"39":{"start":{"line":61,"column":4},"end":{"line":71,"column":6}},"40":{"start":{"line":63,"column":8},"end":{"line":70,"column":8}},"41":{"start":{"line":64,"column":12},"end":{"line":64,"column":55}},"42":{"start":{"line":65,"column":12},"end":{"line":65,"column":58}},"43":{"start":{"line":67,"column":11},"end":{"line":67,"column":33}},"44":{"start":{"line":68,"column":11},"end":{"line":68,"column":51}},"45":{"start":{"line":69,"column":11},"end":{"line":69,"column":74}},"46":{"start":{"line":75,"column":4},"end":{"line":86,"column":6}},"47":{"start":{"line":76,"column":8},"end":{"line":76,"column":43}},"48":{"start":{"line":78,"column":8},"end":{"line":85,"column":9}},"49":{"start":{"line":79,"column":12},"end":{"line":79,"column":55}},"50":{"start":{"line":80,"column":12},"end":{"line":80,"column":58}},"51":{"start":{"line":82,"column":12},"end":{"line":82,"column":34}},"52":{"start":{"line":83,"column":12},"end":{"line":83,"column":52}},"53":{"start":{"line":84,"column":12},"end":{"line":84,"column":83}},"54":{"start":{"line":88,"column":4},"end":{"line":99,"column":6}},"55":{"start":{"line":89,"column":8},"end":{"line":89,"column":49}},"56":{"start":{"line":91,"column":8},"end":{"line":98,"column":9}},"57":{"start":{"line":92,"column":12},"end":{"line":92,"column":55}},"58":{"start":{"line":93,"column":12},"end":{"line":93,"column":58}},"59":{"start":{"line":95,"column":12},"end":{"line":95,"column":34}},"60":{"start":{"line":96,"column":12},"end":{"line":96,"column":52}},"61":{"start":{"line":97,"column":12},"end":{"line":97,"column":89}},"62":{"start":{"line":100,"column":4},"end":{"line":111,"column":6}},"63":{"start":{"line":101,"column":8},"end":{"line":101,"column":43}},"64":{"start":{"line":103,"column":8},"end":{"line":110,"column":9}},"65":{"start":{"line":104,"column":12},"end":{"line":104,"column":55}},"66":{"start":{"line":105,"column":12},"end":{"line":105,"column":58}},"67":{"start":{"line":107,"column":12},"end":{"line":107,"column":34}},"68":{"start":{"line":108,"column":12},"end":{"line":108,"column":52}},"69":{"start":{"line":109,"column":12},"end":{"line":109,"column":83}},"70":{"start":{"line":114,"column":4},"end":{"line":124,"column":6}},"71":{"start":{"line":115,"column":8},"end":{"line":117,"column":54}},"72":{"start":{"line":116,"column":12},"end":{"line":116,"column":47}},"73":{"start":{"line":118,"column":8},"end":{"line":120,"column":53}},"74":{"start":{"line":119,"column":12},"end":{"line":119,"column":40}},"75":{"start":{"line":121,"column":8},"end":{"line":123,"column":55}},"76":{"start":{"line":122,"column":12},"end":{"line":122,"column":48}},"77":{"start":{"line":126,"column":4},"end":{"line":136,"column":6}},"78":{"start":{"line":127,"column":8},"end":{"line":129,"column":58}},"79":{"start":{"line":128,"column":12},"end":{"line":128,"column":45}},"80":{"start":{"line":130,"column":8},"end":{"line":132,"column":58}},"81":{"start":{"line":131,"column":12},"end":{"line":131,"column":39}},"82":{"start":{"line":133,"column":8},"end":{"line":135,"column":58}},"83":{"start":{"line":134,"column":12},"end":{"line":134,"column":45}},"84":{"start":{"line":138,"column":4},"end":{"line":140,"column":6}},"85":{"start":{"line":139,"column":8},"end":{"line":139,"column":66}},"86":{"start":{"line":142,"column":4},"end":{"line":145,"column":6}},"87":{"start":{"line":143,"column":8},"end":{"line":143,"column":66}},"88":{"start":{"line":144,"column":8},"end":{"line":144,"column":36}}},"fnMap":{"0":{"name":"(anonymous_0)","decl":{"start":{"line":14,"column":30},"end":{"line":14,"column":31}},"loc":{"start":{"line":14,"column":36},"end":{"line":146,"column":1}},"line":14},"1":{"name":"(anonymous_1)","decl":{"start":{"line":19,"column":12},"end":{"line":19,"column":13}},"loc":{"start":{"line":19,"column":23},"end":{"line":22,"column":5}},"line":19},"2":{"name":"(anonymous_2)","decl":{"start":{"line":24,"column":15},"end":{"line":24,"column":16}},"loc":{"start":{"line":24,"column":26},"end":{"line":49,"column":5}},"line":24},"3":{"name":"(anonymous_3)","decl":{"start":{"line":51,"column":49},"end":{"line":51,"column":50}},"loc":{"start":{"line":51,"column":60},"end":{"line":59,"column":5}},"line":51},"4":{"name":"(anonymous_4)","decl":{"start":{"line":61,"column":78},"end":{"line":61,"column":79}},"loc":{"start":{"line":61,"column":89},"end":{"line":71,"column":5}},"line":61},"5":{"name":"(anonymous_5)","decl":{"start":{"line":75,"column":38},"end":{"line":75,"column":39}},"loc":{"start":{"line":75,"column":50},"end":{"line":86,"column":5}},"line":75},"6":{"name":"(anonymous_6)","decl":{"start":{"line":88,"column":44},"end":{"line":88,"column":45}},"loc":{"start":{"line":88,"column":56},"end":{"line":99,"column":5}},"line":88},"7":{"name":"(anonymous_7)","decl":{"start":{"line":100,"column":38},"end":{"line":100,"column":39}},"loc":{"start":{"line":100,"column":50},"end":{"line":111,"column":5}},"line":100},"8":{"name":"(anonymous_8)","decl":{"start":{"line":114,"column":42},"end":{"line":114,"column":43}},"loc":{"start":{"line":114,"column":48},"end":{"line":124,"column":5}},"line":114},"9":{"name":"(anonymous_9)","decl":{"start":{"line":115,"column":15},"end":{"line":115,"column":16}},"loc":{"start":{"line":115,"column":21},"end":{"line":117,"column":9}},"line":115},"10":{"name":"(anonymous_10)","decl":{"start":{"line":118,"column":15},"end":{"line":118,"column":16}},"loc":{"start":{"line":118,"column":21},"end":{"line":120,"column":9}},"line":118},"11":{"name":"(anonymous_11)","decl":{"start":{"line":121,"column":15},"end":{"line":121,"column":16}},"loc":{"start":{"line":121,"column":21},"end":{"line":123,"column":9}},"line":121},"12":{"name":"(anonymous_12)","decl":{"start":{"line":126,"column":42},"end":{"line":126,"column":43}},"loc":{"start":{"line":126,"column":48},"end":{"line":136,"column":5}},"line":126},"13":{"name":"(anonymous_13)","decl":{"start":{"line":127,"column":15},"end":{"line":127,"column":16}},"loc":{"start":{"line":127,"column":21},"end":{"line":129,"column":9}},"line":127},"14":{"name":"(anonymous_14)","decl":{"start":{"line":130,"column":15},"end":{"line":130,"column":16}},"loc":{"start":{"line":130,"column":21},"end":{"line":132,"column":9}},"line":130},"15":{"name":"(anonymous_15)","decl":{"start":{"line":133,"column":15},"end":{"line":133,"column":16}},"loc":{"start":{"line":133,"column":21},"end":{"line":135,"column":9}},"line":133},"16":{"name":"(anonymous_16)","decl":{"start":{"line":138,"column":14},"end":{"line":138,"column":15}},"loc":{"start":{"line":138,"column":25},"end":{"line":140,"column":5}},"line":138},"17":{"name":"(anonymous_17)","decl":{"start":{"line":142,"column":11},"end":{"line":142,"column":12}},"loc":{"start":{"line":142,"column":22},"end":{"line":145,"column":5}},"line":142}},"branchMap":{},"s":{"0":1,"1":1,"2":1,"3":1,"4":1,"5":1,"6":1,"7":1,"8":1,"9":1,"10":1,"11":1,"12":1,"13":1,"14":7,"15":7,"16":7,"17":7,"18":7,"19":7,"20":7,"21":7,"22":7,"23":7,"24":7,"25":7,"26":7,"27":7,"28":7,"29":7,"30":7,"31":7,"32":7,"33":1,"34":1,"35":1,"36":1,"37":1,"38":1,"39":1,"40":1,"41":1,"42":0,"43":1,"44":1,"45":1,"46":1,"47":1,"48":1,"49":1,"50":0,"51":1,"52":1,"53":1,"54":1,"55":1,"56":1,"57":1,"58":0,"59":1,"60":1,"61":1,"62":1,"63":1,"64":1,"65":1,"66":0,"67":1,"68":1,"69":1,"70":1,"71":1,"72":1,"73":1,"74":1,"75":1,"76":1,"77":1,"78":1,"79":1,"80":1,"81":1,"82":1,"83":1,"84":1,"85":7,"86":1,"87":1,"88":1},"f":{"0":1,"1":1,"2":7,"3":1,"4":1,"5":1,"6":1,"7":1,"8":1,"9":1,"10":1,"11":1,"12":1,"13":1,"14":1,"15":1,"16":7,"17":1},"b":{},"_coverageSchema":"1a1c01bbd47fc00a2c39e90264f33305004495a9","hash":"a0ed6082157196c8aa6008377f27b3f998e75599","contentHash":"cde13882faa1bf21f31c1582bd55b5d04333e91347fc9ecb1be90002e939ab55"},"/Users/sergioluis/bootcamp/collab/skylab-bootcamp-202004/staff/sergio-luis/books/books-server-logic/accepted-share-book.js":{"path":"/Users/sergioluis/bootcamp/collab/skylab-bootcamp-202004/staff/sergio-luis/books/books-server-logic/accepted-share-book.js","statementMap":{"0":{"start":{"line":16,"column":0},"end":{"line":16,"column":41}},"1":{"start":{"line":18,"column":58},"end":{"line":18,"column":82}},"2":{"start":{"line":19,"column":34},"end":{"line":19,"column":55}},"3":{"start":{"line":21,"column":0},"end":{"line":49,"column":1}},"4":{"start":{"line":22,"column":4},"end":{"line":22,"column":35}},"5":{"start":{"line":23,"column":4},"end":{"line":23,"column":38}},"6":{"start":{"line":24,"column":4},"end":{"line":24,"column":35}},"7":{"start":{"line":26,"column":4},"end":{"line":26,"column":97}},"8":{"start":{"line":26,"column":27},"end":{"line":26,"column":97}},"9":{"start":{"line":28,"column":4},"end":{"line":48,"column":8}},"10":{"start":{"line":29,"column":40},"end":{"line":33,"column":6}},"11":{"start":{"line":35,"column":4},"end":{"line":35,"column":89}},"12":{"start":{"line":35,"column":21},"end":{"line":35,"column":89}},"13":{"start":{"line":36,"column":4},"end":{"line":36,"column":89}},"14":{"start":{"line":36,"column":18},"end":{"line":36,"column":89}},"15":{"start":{"line":37,"column":4},"end":{"line":37,"column":83}},"16":{"start":{"line":37,"column":15},"end":{"line":37,"column":83}},"17":{"start":{"line":40,"column":20},"end":{"line":40,"column":47}},"18":{"start":{"line":42,"column":6},"end":{"line":42,"column":111}},"19":{"start":{"line":42,"column":51},"end":{"line":42,"column":111}},"20":{"start":{"line":44,"column":6},"end":{"line":47,"column":6}}},"fnMap":{"0":{"name":"(anonymous_0)","decl":{"start":{"line":21,"column":17},"end":{"line":21,"column":18}},"loc":{"start":{"line":21,"column":46},"end":{"line":49,"column":1}},"line":21},"1":{"name":"(anonymous_1)","decl":{"start":{"line":28,"column":12},"end":{"line":28,"column":13}},"loc":{"start":{"line":28,"column":23},"end":{"line":48,"column":5}},"line":28}},"branchMap":{"0":{"loc":{"start":{"line":26,"column":4},"end":{"line":26,"column":97}},"type":"if","locations":[{"start":{"line":26,"column":4},"end":{"line":26,"column":97}},{"start":{"line":26,"column":4},"end":{"line":26,"column":97}}],"line":26},"1":{"loc":{"start":{"line":35,"column":4},"end":{"line":35,"column":89}},"type":"if","locations":[{"start":{"line":35,"column":4},"end":{"line":35,"column":89}},{"start":{"line":35,"column":4},"end":{"line":35,"column":89}}],"line":35},"2":{"loc":{"start":{"line":36,"column":4},"end":{"line":36,"column":89}},"type":"if","locations":[{"start":{"line":36,"column":4},"end":{"line":36,"column":89}},{"start":{"line":36,"column":4},"end":{"line":36,"column":89}}],"line":36},"3":{"loc":{"start":{"line":37,"column":4},"end":{"line":37,"column":83}},"type":"if","locations":[{"start":{"line":37,"column":4},"end":{"line":37,"column":83}},{"start":{"line":37,"column":4},"end":{"line":37,"column":83}}],"line":37},"4":{"loc":{"start":{"line":42,"column":6},"end":{"line":42,"column":111}},"type":"if","locations":[{"start":{"line":42,"column":6},"end":{"line":42,"column":111}},{"start":{"line":42,"column":6},"end":{"line":42,"column":111}}],"line":42}},"s":{"0":1,"1":1,"2":1,"3":1,"4":11,"5":9,"6":7,"7":5,"8":0,"9":5,"10":5,"11":5,"12":1,"13":4,"14":1,"15":3,"16":1,"17":2,"18":2,"19":1,"20":1},"f":{"0":11,"1":5},"b":{"0":[0,5],"1":[1,4],"2":[1,3],"3":[1,2],"4":[1,1]},"_coverageSchema":"1a1c01bbd47fc00a2c39e90264f33305004495a9","hash":"545841a2305d4bfc3e746930ab880d129cd4091a","contentHash":"32473bf67b5751de9b9827dd475888d50fde9b7ab1266af11cf39d15bd5d2658"},"/Users/sergioluis/bootcamp/collab/skylab-bootcamp-202004/staff/sergio-luis/books/books-server-logic/add-requested-book.spec.js":{"path":"/Users/sergioluis/bootcamp/collab/skylab-bootcamp-202004/staff/sergio-luis/books/books-server-logic/add-requested-book.spec.js","statementMap":{"0":{"start":{"line":1,"column":0},"end":{"line":1,"column":26}},"1":{"start":{"line":3,"column":51},"end":{"line":3,"column":58}},"2":{"start":{"line":4,"column":19},"end":{"line":4,"column":23}},"3":{"start":{"line":5,"column":20},"end":{"line":5,"column":51}},"4":{"start":{"line":6,"column":19},"end":{"line":6,"column":34}},"5":{"start":{"line":8,"column":0},"end":{"line":8,"column":39}},"6":{"start":{"line":10,"column":54},"end":{"line":10,"column":75}},"7":{"start":{"line":11,"column":15},"end":{"line":11,"column":34}},"8":{"start":{"line":12,"column":34},"end":{"line":12,"column":58}},"9":{"start":{"line":14,"column":0},"end":{"line":132,"column":2}},"10":{"start":{"line":19,"column":4},"end":{"line":22,"column":6}},"11":{"start":{"line":20,"column":8},"end":{"line":20,"column":69}},"12":{"start":{"line":21,"column":8},"end":{"line":21,"column":66}},"13":{"start":{"line":24,"column":4},"end":{"line":49,"column":6}},"14":{"start":{"line":25,"column":8},"end":{"line":25,"column":34}},"15":{"start":{"line":26,"column":8},"end":{"line":26,"column":40}},"16":{"start":{"line":27,"column":8},"end":{"line":27,"column":46}},"17":{"start":{"line":28,"column":8},"end":{"line":28,"column":42}},"18":{"start":{"line":29,"column":8},"end":{"line":29,"column":60}},"19":{"start":{"line":31,"column":21},"end":{"line":31,"column":93}},"20":{"start":{"line":32,"column":8},"end":{"line":32,"column":25}},"21":{"start":{"line":34,"column":8},"end":{"line":34,"column":46}},"22":{"start":{"line":35,"column":8},"end":{"line":35,"column":52}},"23":{"start":{"line":36,"column":8},"end":{"line":36,"column":58}},"24":{"start":{"line":37,"column":8},"end":{"line":37,"column":54}},"25":{"start":{"line":38,"column":8},"end":{"line":38,"column":72}},"26":{"start":{"line":40,"column":27},"end":{"line":40,"column":145}},"27":{"start":{"line":41,"column":8},"end":{"line":41,"column":36}},"28":{"start":{"line":43,"column":8},"end":{"line":43,"column":36}},"29":{"start":{"line":44,"column":8},"end":{"line":44,"column":32}},"30":{"start":{"line":45,"column":8},"end":{"line":45,"column":28}},"31":{"start":{"line":46,"column":21},"end":{"line":46,"column":123}},"32":{"start":{"line":47,"column":8},"end":{"line":47,"column":25}},"33":{"start":{"line":51,"column":4},"end":{"line":62,"column":6}},"34":{"start":{"line":52,"column":8},"end":{"line":52,"column":41}},"35":{"start":{"line":54,"column":21},"end":{"line":54,"column":48}},"36":{"start":{"line":56,"column":8},"end":{"line":56,"column":29}},"37":{"start":{"line":58,"column":8},"end":{"line":60,"column":10}},"38":{"start":{"line":59,"column":12},"end":{"line":59,"column":52}},"39":{"start":{"line":63,"column":4},"end":{"line":77,"column":6}},"40":{"start":{"line":64,"column":8},"end":{"line":64,"column":36}},"41":{"start":{"line":65,"column":8},"end":{"line":65,"column":32}},"42":{"start":{"line":66,"column":8},"end":{"line":66,"column":28}},"43":{"start":{"line":67,"column":21},"end":{"line":67,"column":111}},"44":{"start":{"line":68,"column":8},"end":{"line":68,"column":25}},"45":{"start":{"line":70,"column":8},"end":{"line":76,"column":8}},"46":{"start":{"line":71,"column":12},"end":{"line":71,"column":45}},"47":{"start":{"line":73,"column":11},"end":{"line":73,"column":33}},"48":{"start":{"line":74,"column":11},"end":{"line":74,"column":51}},"49":{"start":{"line":75,"column":11},"end":{"line":75,"column":107}},"50":{"start":{"line":79,"column":4},"end":{"line":90,"column":6}},"51":{"start":{"line":80,"column":8},"end":{"line":80,"column":43}},"52":{"start":{"line":82,"column":8},"end":{"line":89,"column":9}},"53":{"start":{"line":83,"column":13},"end":{"line":83,"column":46}},"54":{"start":{"line":84,"column":13},"end":{"line":84,"column":59}},"55":{"start":{"line":86,"column":12},"end":{"line":86,"column":34}},"56":{"start":{"line":87,"column":12},"end":{"line":87,"column":52}},"57":{"start":{"line":88,"column":12},"end":{"line":88,"column":83}},"58":{"start":{"line":92,"column":4},"end":{"line":103,"column":6}},"59":{"start":{"line":93,"column":8},"end":{"line":93,"column":43}},"60":{"start":{"line":95,"column":8},"end":{"line":102,"column":9}},"61":{"start":{"line":96,"column":12},"end":{"line":96,"column":45}},"62":{"start":{"line":97,"column":12},"end":{"line":97,"column":58}},"63":{"start":{"line":99,"column":12},"end":{"line":99,"column":34}},"64":{"start":{"line":100,"column":12},"end":{"line":100,"column":52}},"65":{"start":{"line":101,"column":12},"end":{"line":101,"column":83}},"66":{"start":{"line":106,"column":4},"end":{"line":113,"column":6}},"67":{"start":{"line":107,"column":8},"end":{"line":109,"column":54}},"68":{"start":{"line":108,"column":12},"end":{"line":108,"column":37}},"69":{"start":{"line":110,"column":8},"end":{"line":112,"column":53}},"70":{"start":{"line":111,"column":12},"end":{"line":111,"column":36}},"71":{"start":{"line":115,"column":4},"end":{"line":122,"column":6}},"72":{"start":{"line":116,"column":8},"end":{"line":118,"column":58}},"73":{"start":{"line":117,"column":12},"end":{"line":117,"column":35}},"74":{"start":{"line":119,"column":8},"end":{"line":121,"column":58}},"75":{"start":{"line":120,"column":12},"end":{"line":120,"column":35}},"76":{"start":{"line":124,"column":4},"end":{"line":126,"column":6}},"77":{"start":{"line":125,"column":8},"end":{"line":125,"column":66}},"78":{"start":{"line":128,"column":4},"end":{"line":131,"column":6}},"79":{"start":{"line":129,"column":8},"end":{"line":129,"column":66}},"80":{"start":{"line":130,"column":8},"end":{"line":130,"column":36}}},"fnMap":{"0":{"name":"(anonymous_0)","decl":{"start":{"line":14,"column":31},"end":{"line":14,"column":32}},"loc":{"start":{"line":14,"column":37},"end":{"line":132,"column":1}},"line":14},"1":{"name":"(anonymous_1)","decl":{"start":{"line":19,"column":12},"end":{"line":19,"column":13}},"loc":{"start":{"line":19,"column":23},"end":{"line":22,"column":5}},"line":19},"2":{"name":"(anonymous_2)","decl":{"start":{"line":24,"column":15},"end":{"line":24,"column":16}},"loc":{"start":{"line":24,"column":26},"end":{"line":49,"column":5}},"line":24},"3":{"name":"(anonymous_3)","decl":{"start":{"line":51,"column":44},"end":{"line":51,"column":45}},"loc":{"start":{"line":51,"column":55},"end":{"line":62,"column":5}},"line":51},"4":{"name":"(anonymous_4)","decl":{"start":{"line":58,"column":36},"end":{"line":58,"column":37}},"loc":{"start":{"line":58,"column":42},"end":{"line":60,"column":9}},"line":58},"5":{"name":"(anonymous_5)","decl":{"start":{"line":63,"column":60},"end":{"line":63,"column":61}},"loc":{"start":{"line":63,"column":71},"end":{"line":77,"column":5}},"line":63},"6":{"name":"(anonymous_6)","decl":{"start":{"line":79,"column":36},"end":{"line":79,"column":37}},"loc":{"start":{"line":79,"column":48},"end":{"line":90,"column":5}},"line":79},"7":{"name":"(anonymous_7)","decl":{"start":{"line":92,"column":38},"end":{"line":92,"column":39}},"loc":{"start":{"line":92,"column":50},"end":{"line":103,"column":5}},"line":92},"8":{"name":"(anonymous_8)","decl":{"start":{"line":106,"column":42},"end":{"line":106,"column":43}},"loc":{"start":{"line":106,"column":48},"end":{"line":113,"column":5}},"line":106},"9":{"name":"(anonymous_9)","decl":{"start":{"line":107,"column":15},"end":{"line":107,"column":16}},"loc":{"start":{"line":107,"column":21},"end":{"line":109,"column":9}},"line":107},"10":{"name":"(anonymous_10)","decl":{"start":{"line":110,"column":15},"end":{"line":110,"column":16}},"loc":{"start":{"line":110,"column":21},"end":{"line":112,"column":9}},"line":110},"11":{"name":"(anonymous_11)","decl":{"start":{"line":115,"column":42},"end":{"line":115,"column":43}},"loc":{"start":{"line":115,"column":48},"end":{"line":122,"column":5}},"line":115},"12":{"name":"(anonymous_12)","decl":{"start":{"line":116,"column":15},"end":{"line":116,"column":16}},"loc":{"start":{"line":116,"column":21},"end":{"line":118,"column":9}},"line":116},"13":{"name":"(anonymous_13)","decl":{"start":{"line":119,"column":15},"end":{"line":119,"column":16}},"loc":{"start":{"line":119,"column":21},"end":{"line":121,"column":9}},"line":119},"14":{"name":"(anonymous_14)","decl":{"start":{"line":124,"column":14},"end":{"line":124,"column":15}},"loc":{"start":{"line":124,"column":25},"end":{"line":126,"column":5}},"line":124},"15":{"name":"(anonymous_15)","decl":{"start":{"line":128,"column":11},"end":{"line":128,"column":12}},"loc":{"start":{"line":128,"column":22},"end":{"line":131,"column":5}},"line":128}},"branchMap":{},"s":{"0":1,"1":1,"2":1,"3":1,"4":1,"5":1,"6":1,"7":1,"8":1,"9":1,"10":1,"11":1,"12":1,"13":1,"14":6,"15":6,"16":6,"17":6,"18":6,"19":6,"20":6,"21":6,"22":6,"23":6,"24":6,"25":6,"26":6,"27":6,"28":6,"29":6,"30":6,"31":6,"32":6,"33":1,"34":1,"35":1,"36":1,"37":1,"38":1,"39":1,"40":1,"41":1,"42":1,"43":1,"44":1,"45":1,"46":1,"47":1,"48":1,"49":1,"50":1,"51":1,"52":1,"53":1,"54":0,"55":1,"56":1,"57":1,"58":1,"59":1,"60":1,"61":1,"62":0,"63":1,"64":1,"65":1,"66":1,"67":1,"68":1,"69":1,"70":1,"71":1,"72":1,"73":1,"74":1,"75":1,"76":1,"77":6,"78":1,"79":1,"80":1},"f":{"0":1,"1":1,"2":6,"3":1,"4":1,"5":1,"6":1,"7":1,"8":1,"9":1,"10":1,"11":1,"12":1,"13":1,"14":6,"15":1},"b":{},"_coverageSchema":"1a1c01bbd47fc00a2c39e90264f33305004495a9","hash":"7332de40264e6612f4e5d52ab20306a84933a897","contentHash":"e8c92b80d0d575c0476ef642fad3625fe34ef866bca103ba1bc6058683543b11"},"/Users/sergioluis/bootcamp/collab/skylab-bootcamp-202004/staff/sergio-luis/books/books-server-logic/add-requested-book.js":{"path":"/Users/sergioluis/bootcamp/collab/skylab-bootcamp-202004/staff/sergio-luis/books/books-server-logic/add-requested-book.js","statementMap":{"0":{"start":{"line":15,"column":0},"end":{"line":15,"column":41}},"1":{"start":{"line":17,"column":58},"end":{"line":17,"column":82}},"2":{"start":{"line":18,"column":34},"end":{"line":18,"column":55}},"3":{"start":{"line":20,"column":0},"end":{"line":41,"column":1}},"4":{"start":{"line":22,"column":4},"end":{"line":22,"column":35}},"5":{"start":{"line":23,"column":4},"end":{"line":23,"column":35}},"6":{"start":{"line":25,"column":4},"end":{"line":40,"column":8}},"7":{"start":{"line":26,"column":26},"end":{"line":29,"column":6}},"8":{"start":{"line":31,"column":4},"end":{"line":31,"column":83}},"9":{"start":{"line":31,"column":15},"end":{"line":31,"column":83}},"10":{"start":{"line":32,"column":4},"end":{"line":32,"column":83}},"11":{"start":{"line":32,"column":15},"end":{"line":32,"column":83}},"12":{"start":{"line":35,"column":20},"end":{"line":35,"column":47}},"13":{"start":{"line":37,"column":6},"end":{"line":37,"column":144}},"14":{"start":{"line":37,"column":51},"end":{"line":37,"column":144}},"15":{"start":{"line":39,"column":6},"end":{"line":39,"column":80}}},"fnMap":{"0":{"name":"(anonymous_0)","decl":{"start":{"line":20,"column":17},"end":{"line":20,"column":18}},"loc":{"start":{"line":20,"column":36},"end":{"line":41,"column":1}},"line":20},"1":{"name":"(anonymous_1)","decl":{"start":{"line":25,"column":12},"end":{"line":25,"column":13}},"loc":{"start":{"line":25,"column":23},"end":{"line":40,"column":5}},"line":25}},"branchMap":{"0":{"loc":{"start":{"line":31,"column":4},"end":{"line":31,"column":83}},"type":"if","locations":[{"start":{"line":31,"column":4},"end":{"line":31,"column":83}},{"start":{"line":31,"column":4},"end":{"line":31,"column":83}}],"line":31},"1":{"loc":{"start":{"line":32,"column":4},"end":{"line":32,"column":83}},"type":"if","locations":[{"start":{"line":32,"column":4},"end":{"line":32,"column":83}},{"start":{"line":32,"column":4},"end":{"line":32,"column":83}}],"line":32},"2":{"loc":{"start":{"line":37,"column":6},"end":{"line":37,"column":144}},"type":"if","locations":[{"start":{"line":37,"column":6},"end":{"line":37,"column":144}},{"start":{"line":37,"column":6},"end":{"line":37,"column":144}}],"line":37}},"s":{"0":1,"1":1,"2":1,"3":1,"4":8,"5":6,"6":4,"7":4,"8":4,"9":1,"10":3,"11":1,"12":2,"13":2,"14":1,"15":1},"f":{"0":8,"1":4},"b":{"0":[1,3],"1":[1,2],"2":[1,1]},"_coverageSchema":"1a1c01bbd47fc00a2c39e90264f33305004495a9","hash":"4d8af6a470604e8d02b82db88ecb50ee3e755b1e","contentHash":"6760b4bbed3d6cf8d1ce9de84e4f6b2f1127a0981293303350af77607791f833"},"/Users/sergioluis/bootcamp/collab/skylab-bootcamp-202004/staff/sergio-luis/books/books-server-logic/add-score.spec.js":{"path":"/Users/sergioluis/bootcamp/collab/skylab-bootcamp-202004/staff/sergio-luis/books/books-server-logic/add-score.spec.js","statementMap":{"0":{"start":{"line":1,"column":0},"end":{"line":1,"column":26}},"1":{"start":{"line":3,"column":51},"end":{"line":3,"column":58}},"2":{"start":{"line":4,"column":19},"end":{"line":4,"column":23}},"3":{"start":{"line":5,"column":17},"end":{"line":5,"column":39}},"4":{"start":{"line":6,"column":19},"end":{"line":6,"column":34}},"5":{"start":{"line":8,"column":0},"end":{"line":8,"column":39}},"6":{"start":{"line":10,"column":38},"end":{"line":10,"column":59}},"7":{"start":{"line":11,"column":15},"end":{"line":11,"column":34}},"8":{"start":{"line":12,"column":34},"end":{"line":12,"column":58}},"9":{"start":{"line":14,"column":0},"end":{"line":186,"column":2}},"10":{"start":{"line":20,"column":4},"end":{"line":23,"column":6}},"11":{"start":{"line":21,"column":8},"end":{"line":21,"column":69}},"12":{"start":{"line":22,"column":8},"end":{"line":22,"column":47}},"13":{"start":{"line":25,"column":4},"end":{"line":55,"column":6}},"14":{"start":{"line":26,"column":8},"end":{"line":26,"column":34}},"15":{"start":{"line":27,"column":8},"end":{"line":27,"column":40}},"16":{"start":{"line":28,"column":8},"end":{"line":28,"column":46}},"17":{"start":{"line":29,"column":8},"end":{"line":29,"column":42}},"18":{"start":{"line":30,"column":8},"end":{"line":30,"column":60}},"19":{"start":{"line":32,"column":21},"end":{"line":32,"column":93}},"20":{"start":{"line":33,"column":8},"end":{"line":33,"column":25}},"21":{"start":{"line":35,"column":8},"end":{"line":35,"column":46}},"22":{"start":{"line":36,"column":8},"end":{"line":36,"column":52}},"23":{"start":{"line":37,"column":8},"end":{"line":37,"column":58}},"24":{"start":{"line":38,"column":8},"end":{"line":38,"column":54}},"25":{"start":{"line":39,"column":8},"end":{"line":39,"column":72}},"26":{"start":{"line":41,"column":27},"end":{"line":41,"column":145}},"27":{"start":{"line":42,"column":8},"end":{"line":42,"column":36}},"28":{"start":{"line":44,"column":8},"end":{"line":44,"column":44}},"29":{"start":{"line":45,"column":8},"end":{"line":45,"column":50}},"30":{"start":{"line":46,"column":8},"end":{"line":46,"column":56}},"31":{"start":{"line":47,"column":8},"end":{"line":47,"column":52}},"32":{"start":{"line":48,"column":8},"end":{"line":48,"column":70}},"33":{"start":{"line":50,"column":26},"end":{"line":50,"column":140}},"34":{"start":{"line":51,"column":8},"end":{"line":51,"column":34}},"35":{"start":{"line":54,"column":8},"end":{"line":54,"column":45}},"36":{"start":{"line":57,"column":4},"end":{"line":68,"column":6}},"37":{"start":{"line":58,"column":23},"end":{"line":58,"column":52}},"38":{"start":{"line":59,"column":8},"end":{"line":59,"column":53}},"39":{"start":{"line":61,"column":27},"end":{"line":61,"column":60}},"40":{"start":{"line":63,"column":32},"end":{"line":63,"column":48}},"41":{"start":{"line":65,"column":8},"end":{"line":65,"column":48}},"42":{"start":{"line":66,"column":8},"end":{"line":66,"column":39}},"43":{"start":{"line":67,"column":8},"end":{"line":67,"column":53}},"44":{"start":{"line":71,"column":4},"end":{"line":81,"column":6}},"45":{"start":{"line":72,"column":23},"end":{"line":72,"column":52}},"46":{"start":{"line":74,"column":8},"end":{"line":74,"column":53}},"47":{"start":{"line":75,"column":8},"end":{"line":75,"column":58}},"48":{"start":{"line":77,"column":27},"end":{"line":77,"column":60}},"49":{"start":{"line":79,"column":8},"end":{"line":79,"column":65}},"50":{"start":{"line":83,"column":4},"end":{"line":97,"column":6}},"51":{"start":{"line":84,"column":23},"end":{"line":84,"column":52}},"52":{"start":{"line":86,"column":8},"end":{"line":95,"column":9}},"53":{"start":{"line":87,"column":12},"end":{"line":87,"column":57}},"54":{"start":{"line":88,"column":12},"end":{"line":88,"column":57}},"55":{"start":{"line":90,"column":12},"end":{"line":90,"column":58}},"56":{"start":{"line":92,"column":12},"end":{"line":92,"column":34}},"57":{"start":{"line":93,"column":12},"end":{"line":93,"column":52}},"58":{"start":{"line":94,"column":12},"end":{"line":94,"column":82}},"59":{"start":{"line":100,"column":4},"end":{"line":111,"column":6}},"60":{"start":{"line":101,"column":8},"end":{"line":101,"column":43}},"61":{"start":{"line":103,"column":8},"end":{"line":110,"column":9}},"62":{"start":{"line":104,"column":12},"end":{"line":104,"column":56}},"63":{"start":{"line":105,"column":13},"end":{"line":105,"column":59}},"64":{"start":{"line":107,"column":12},"end":{"line":107,"column":34}},"65":{"start":{"line":108,"column":12},"end":{"line":108,"column":52}},"66":{"start":{"line":109,"column":12},"end":{"line":109,"column":83}},"67":{"start":{"line":112,"column":4},"end":{"line":122,"column":6}},"68":{"start":{"line":114,"column":8},"end":{"line":121,"column":9}},"69":{"start":{"line":115,"column":12},"end":{"line":115,"column":50}},"70":{"start":{"line":116,"column":13},"end":{"line":116,"column":59}},"71":{"start":{"line":118,"column":12},"end":{"line":118,"column":34}},"72":{"start":{"line":119,"column":12},"end":{"line":119,"column":52}},"73":{"start":{"line":120,"column":12},"end":{"line":120,"column":69}},"74":{"start":{"line":124,"column":4},"end":{"line":135,"column":6}},"75":{"start":{"line":125,"column":8},"end":{"line":125,"column":49}},"76":{"start":{"line":127,"column":8},"end":{"line":134,"column":9}},"77":{"start":{"line":128,"column":12},"end":{"line":128,"column":56}},"78":{"start":{"line":129,"column":12},"end":{"line":129,"column":58}},"79":{"start":{"line":131,"column":12},"end":{"line":131,"column":34}},"80":{"start":{"line":132,"column":12},"end":{"line":132,"column":52}},"81":{"start":{"line":133,"column":12},"end":{"line":133,"column":89}},"82":{"start":{"line":137,"column":4},"end":{"line":148,"column":6}},"83":{"start":{"line":138,"column":8},"end":{"line":138,"column":18}},"84":{"start":{"line":140,"column":8},"end":{"line":147,"column":9}},"85":{"start":{"line":141,"column":12},"end":{"line":141,"column":56}},"86":{"start":{"line":142,"column":12},"end":{"line":142,"column":58}},"87":{"start":{"line":144,"column":12},"end":{"line":144,"column":34}},"88":{"start":{"line":145,"column":12},"end":{"line":145,"column":52}},"89":{"start":{"line":146,"column":12},"end":{"line":146,"column":67}},"90":{"start":{"line":151,"column":4},"end":{"line":161,"column":6}},"91":{"start":{"line":152,"column":8},"end":{"line":154,"column":54}},"92":{"start":{"line":153,"column":12},"end":{"line":153,"column":48}},"93":{"start":{"line":155,"column":8},"end":{"line":157,"column":53}},"94":{"start":{"line":156,"column":12},"end":{"line":156,"column":41}},"95":{"start":{"line":158,"column":8},"end":{"line":160,"column":52}},"96":{"start":{"line":159,"column":12},"end":{"line":159,"column":52}},"97":{"start":{"line":163,"column":4},"end":{"line":176,"column":6}},"98":{"start":{"line":164,"column":8},"end":{"line":166,"column":58}},"99":{"start":{"line":165,"column":12},"end":{"line":165,"column":46}},"100":{"start":{"line":168,"column":8},"end":{"line":170,"column":58}},"101":{"start":{"line":169,"column":12},"end":{"line":169,"column":40}},"102":{"start":{"line":172,"column":7},"end":{"line":172,"column":25}},"103":{"start":{"line":173,"column":8},"end":{"line":175,"column":55}},"104":{"start":{"line":174,"column":12},"end":{"line":174,"column":50}},"105":{"start":{"line":178,"column":4},"end":{"line":180,"column":6}},"106":{"start":{"line":179,"column":8},"end":{"line":179,"column":32}},"107":{"start":{"line":182,"column":4},"end":{"line":185,"column":6}},"108":{"start":{"line":183,"column":8},"end":{"line":183,"column":32}},"109":{"start":{"line":184,"column":8},"end":{"line":184,"column":36}}},"fnMap":{"0":{"name":"(anonymous_0)","decl":{"start":{"line":14,"column":22},"end":{"line":14,"column":23}},"loc":{"start":{"line":14,"column":28},"end":{"line":186,"column":1}},"line":14},"1":{"name":"(anonymous_1)","decl":{"start":{"line":20,"column":12},"end":{"line":20,"column":13}},"loc":{"start":{"line":20,"column":23},"end":{"line":23,"column":5}},"line":20},"2":{"name":"(anonymous_2)","decl":{"start":{"line":25,"column":15},"end":{"line":25,"column":16}},"loc":{"start":{"line":25,"column":26},"end":{"line":55,"column":5}},"line":25},"3":{"name":"(anonymous_3)","decl":{"start":{"line":57,"column":45},"end":{"line":57,"column":46}},"loc":{"start":{"line":57,"column":56},"end":{"line":68,"column":5}},"line":57},"4":{"name":"(anonymous_4)","decl":{"start":{"line":71,"column":48},"end":{"line":71,"column":49}},"loc":{"start":{"line":71,"column":59},"end":{"line":81,"column":5}},"line":71},"5":{"name":"(anonymous_5)","decl":{"start":{"line":83,"column":56},"end":{"line":83,"column":57}},"loc":{"start":{"line":83,"column":67},"end":{"line":97,"column":5}},"line":83},"6":{"name":"(anonymous_6)","decl":{"start":{"line":100,"column":36},"end":{"line":100,"column":37}},"loc":{"start":{"line":100,"column":48},"end":{"line":111,"column":5}},"line":100},"7":{"name":"(anonymous_7)","decl":{"start":{"line":112,"column":38},"end":{"line":112,"column":39}},"loc":{"start":{"line":112,"column":50},"end":{"line":122,"column":5}},"line":112},"8":{"name":"(anonymous_8)","decl":{"start":{"line":124,"column":41},"end":{"line":124,"column":42}},"loc":{"start":{"line":124,"column":53},"end":{"line":135,"column":5}},"line":124},"9":{"name":"(anonymous_9)","decl":{"start":{"line":137,"column":50},"end":{"line":137,"column":51}},"loc":{"start":{"line":137,"column":62},"end":{"line":148,"column":5}},"line":137},"10":{"name":"(anonymous_10)","decl":{"start":{"line":151,"column":42},"end":{"line":151,"column":43}},"loc":{"start":{"line":151,"column":48},"end":{"line":161,"column":5}},"line":151},"11":{"name":"(anonymous_11)","decl":{"start":{"line":152,"column":15},"end":{"line":152,"column":16}},"loc":{"start":{"line":152,"column":21},"end":{"line":154,"column":9}},"line":152},"12":{"name":"(anonymous_12)","decl":{"start":{"line":155,"column":15},"end":{"line":155,"column":16}},"loc":{"start":{"line":155,"column":21},"end":{"line":157,"column":9}},"line":155},"13":{"name":"(anonymous_13)","decl":{"start":{"line":158,"column":15},"end":{"line":158,"column":16}},"loc":{"start":{"line":158,"column":21},"end":{"line":160,"column":9}},"line":158},"14":{"name":"(anonymous_14)","decl":{"start":{"line":163,"column":42},"end":{"line":163,"column":43}},"loc":{"start":{"line":163,"column":48},"end":{"line":176,"column":5}},"line":163},"15":{"name":"(anonymous_15)","decl":{"start":{"line":164,"column":15},"end":{"line":164,"column":16}},"loc":{"start":{"line":164,"column":21},"end":{"line":166,"column":9}},"line":164},"16":{"name":"(anonymous_16)","decl":{"start":{"line":168,"column":15},"end":{"line":168,"column":16}},"loc":{"start":{"line":168,"column":21},"end":{"line":170,"column":9}},"line":168},"17":{"name":"(anonymous_17)","decl":{"start":{"line":173,"column":15},"end":{"line":173,"column":16}},"loc":{"start":{"line":173,"column":21},"end":{"line":175,"column":9}},"line":173},"18":{"name":"(anonymous_18)","decl":{"start":{"line":178,"column":14},"end":{"line":178,"column":15}},"loc":{"start":{"line":178,"column":25},"end":{"line":180,"column":5}},"line":178},"19":{"name":"(anonymous_19)","decl":{"start":{"line":182,"column":11},"end":{"line":182,"column":12}},"loc":{"start":{"line":182,"column":22},"end":{"line":185,"column":5}},"line":182}},"branchMap":{},"s":{"0":1,"1":1,"2":1,"3":1,"4":1,"5":1,"6":1,"7":1,"8":1,"9":1,"10":1,"11":1,"12":1,"13":1,"14":9,"15":9,"16":9,"17":9,"18":9,"19":9,"20":9,"21":9,"22":9,"23":9,"24":9,"25":9,"26":9,"27":9,"28":9,"29":9,"30":9,"31":9,"32":9,"33":9,"34":9,"35":9,"36":1,"37":1,"38":1,"39":1,"40":1,"41":1,"42":1,"43":1,"44":1,"45":1,"46":1,"47":1,"48":1,"49":1,"50":1,"51":1,"52":1,"53":1,"54":1,"55":0,"56":1,"57":1,"58":1,"59":1,"60":1,"61":1,"62":1,"63":0,"64":1,"65":1,"66":1,"67":1,"68":1,"69":1,"70":0,"71":1,"72":1,"73":1,"74":1,"75":1,"76":1,"77":1,"78":0,"79":1,"80":1,"81":1,"82":1,"83":1,"84":1,"85":1,"86":0,"87":1,"88":1,"89":1,"90":1,"91":1,"92":1,"93":1,"94":1,"95":1,"96":1,"97":1,"98":1,"99":1,"100":1,"101":1,"102":1,"103":1,"104":1,"105":1,"106":9,"107":1,"108":1,"109":1},"f":{"0":1,"1":1,"2":9,"3":1,"4":1,"5":1,"6":1,"7":1,"8":1,"9":1,"10":1,"11":1,"12":1,"13":1,"14":1,"15":1,"16":1,"17":1,"18":9,"19":1},"b":{},"_coverageSchema":"1a1c01bbd47fc00a2c39e90264f33305004495a9","hash":"da3b0c09697a8b67e9aa8407f83c3603781aee9b","contentHash":"53a63be4536663b2e6d8c2ca6baa1a1feade6a089ee696507601d066685b52fd"},"/Users/sergioluis/bootcamp/collab/skylab-bootcamp-202004/staff/sergio-luis/books/books-server-logic/add-score.js":{"path":"/Users/sergioluis/bootcamp/collab/skylab-bootcamp-202004/staff/sergio-luis/books/books-server-logic/add-score.js","statementMap":{"0":{"start":{"line":16,"column":0},"end":{"line":16,"column":41}},"1":{"start":{"line":17,"column":0},"end":{"line":17,"column":41}},"2":{"start":{"line":19,"column":59},"end":{"line":19,"column":83}},"3":{"start":{"line":20,"column":29},"end":{"line":20,"column":50}},"4":{"start":{"line":22,"column":0},"end":{"line":53,"column":1}},"5":{"start":{"line":24,"column":4},"end":{"line":24,"column":35}},"6":{"start":{"line":25,"column":4},"end":{"line":25,"column":48}},"7":{"start":{"line":26,"column":4},"end":{"line":26,"column":36}},"8":{"start":{"line":28,"column":4},"end":{"line":28,"column":94}},"9":{"start":{"line":28,"column":40},"end":{"line":28,"column":94}},"10":{"start":{"line":30,"column":4},"end":{"line":30,"column":54}},"11":{"start":{"line":30,"column":17},"end":{"line":30,"column":54}},"12":{"start":{"line":32,"column":4},"end":{"line":52,"column":8}},"13":{"start":{"line":33,"column":35},"end":{"line":36,"column":10}},"14":{"start":{"line":38,"column":8},"end":{"line":38,"column":87}},"15":{"start":{"line":38,"column":19},"end":{"line":38,"column":87}},"16":{"start":{"line":39,"column":8},"end":{"line":39,"column":106}},"17":{"start":{"line":39,"column":25},"end":{"line":39,"column":106}},"18":{"start":{"line":41,"column":30},"end":{"line":41,"column":98}},"19":{"start":{"line":41,"column":71},"end":{"line":41,"column":97}},"20":{"start":{"line":43,"column":8},"end":{"line":43,"column":101}},"21":{"start":{"line":43,"column":34},"end":{"line":43,"column":101}},"22":{"start":{"line":45,"column":22},"end":{"line":45,"column":54}},"23":{"start":{"line":47,"column":8},"end":{"line":47,"column":83}},"24":{"start":{"line":49,"column":25},"end":{"line":49,"column":209}},"25":{"start":{"line":49,"column":120},"end":{"line":49,"column":129}},"26":{"start":{"line":49,"column":130},"end":{"line":49,"column":154}},"27":{"start":{"line":51,"column":8},"end":{"line":51,"column":81}}},"fnMap":{"0":{"name":"(anonymous_0)","decl":{"start":{"line":22,"column":17},"end":{"line":22,"column":18}},"loc":{"start":{"line":22,"column":58},"end":{"line":53,"column":1}},"line":22},"1":{"name":"(anonymous_1)","decl":{"start":{"line":32,"column":12},"end":{"line":32,"column":13}},"loc":{"start":{"line":32,"column":23},"end":{"line":52,"column":5}},"line":32},"2":{"name":"(anonymous_2)","decl":{"start":{"line":41,"column":57},"end":{"line":41,"column":58}},"loc":{"start":{"line":41,"column":71},"end":{"line":41,"column":97}},"line":41},"3":{"name":"(anonymous_3)","decl":{"start":{"line":49,"column":104},"end":{"line":49,"column":105}},"loc":{"start":{"line":49,"column":119},"end":{"line":49,"column":155}},"line":49}},"branchMap":{"0":{"loc":{"start":{"line":28,"column":4},"end":{"line":28,"column":94}},"type":"if","locations":[{"start":{"line":28,"column":4},"end":{"line":28,"column":94}},{"start":{"line":28,"column":4},"end":{"line":28,"column":94}}],"line":28},"1":{"loc":{"start":{"line":30,"column":4},"end":{"line":30,"column":54}},"type":"if","locations":[{"start":{"line":30,"column":4},"end":{"line":30,"column":54}},{"start":{"line":30,"column":4},"end":{"line":30,"column":54}}],"line":30},"2":{"loc":{"start":{"line":38,"column":8},"end":{"line":38,"column":87}},"type":"if","locations":[{"start":{"line":38,"column":8},"end":{"line":38,"column":87}},{"start":{"line":38,"column":8},"end":{"line":38,"column":87}}],"line":38},"3":{"loc":{"start":{"line":39,"column":8},"end":{"line":39,"column":106}},"type":"if","locations":[{"start":{"line":39,"column":8},"end":{"line":39,"column":106}},{"start":{"line":39,"column":8},"end":{"line":39,"column":106}}],"line":39},"4":{"loc":{"start":{"line":43,"column":8},"end":{"line":43,"column":101}},"type":"if","locations":[{"start":{"line":43,"column":8},"end":{"line":43,"column":101}},{"start":{"line":43,"column":8},"end":{"line":43,"column":101}}],"line":43},"5":{"loc":{"start":{"line":49,"column":25},"end":{"line":49,"column":209}},"type":"cond-expr","locations":[{"start":{"line":49,"column":57},"end":{"line":49,"column":63}},{"start":{"line":49,"column":66},"end":{"line":49,"column":209}}],"line":49}},"s":{"0":1,"1":1,"2":1,"3":1,"4":1,"5":15,"6":13,"7":11,"8":9,"9":1,"10":8,"11":1,"12":7,"13":7,"14":7,"15":1,"16":6,"17":1,"18":5,"19":2,"20":5,"21":1,"22":4,"23":4,"24":4,"25":1,"26":1,"27":4},"f":{"0":15,"1":7,"2":2,"3":1},"b":{"0":[1,8],"1":[1,7],"2":[1,6],"3":[1,5],"4":[1,4],"5":[3,1]},"_coverageSchema":"1a1c01bbd47fc00a2c39e90264f33305004495a9","hash":"ed1924fc99378a00fa439a86610f6933af874f91","contentHash":"cec76ae6712825ead2f3c827e2f5600ca80cb3bb097bf2d3e275e640c4b7c260"},"/Users/sergioluis/bootcamp/collab/skylab-bootcamp-202004/staff/sergio-luis/books/books-server-logic/authenticate-user.spec.js":{"path":"/Users/sergioluis/bootcamp/collab/skylab-bootcamp-202004/staff/sergio-luis/books/books-server-logic/authenticate-user.spec.js","statementMap":{"0":{"start":{"line":1,"column":0},"end":{"line":1,"column":26}},"1":{"start":{"line":3,"column":51},"end":{"line":3,"column":58}},"2":{"start":{"line":5,"column":25},"end":{"line":5,"column":55}},"3":{"start":{"line":6,"column":19},"end":{"line":6,"column":23}},"4":{"start":{"line":7,"column":19},"end":{"line":7,"column":34}},"5":{"start":{"line":8,"column":0},"end":{"line":8,"column":39}},"6":{"start":{"line":9,"column":39},"end":{"line":9,"column":60}},"7":{"start":{"line":10,"column":15},"end":{"line":10,"column":34}},"8":{"start":{"line":11,"column":33},"end":{"line":11,"column":57}},"9":{"start":{"line":13,"column":0},"end":{"line":108,"column":2}},"10":{"start":{"line":14,"column":4},"end":{"line":14,"column":47}},"11":{"start":{"line":14,"column":17},"end":{"line":14,"column":46}},"12":{"start":{"line":18,"column":4},"end":{"line":29,"column":5}},"13":{"start":{"line":19,"column":8},"end":{"line":28,"column":36}},"14":{"start":{"line":21,"column":12},"end":{"line":21,"column":37}},"15":{"start":{"line":22,"column":12},"end":{"line":22,"column":43}},"16":{"start":{"line":23,"column":12},"end":{"line":23,"column":44}},"17":{"start":{"line":24,"column":12},"end":{"line":24,"column":45}},"18":{"start":{"line":26,"column":12},"end":{"line":26,"column":44}},"19":{"start":{"line":28,"column":23},"end":{"line":28,"column":35}},"20":{"start":{"line":31,"column":4},"end":{"line":52,"column":6}},"21":{"start":{"line":32,"column":8},"end":{"line":35,"column":9}},"22":{"start":{"line":33,"column":12},"end":{"line":34,"column":43}},"23":{"start":{"line":34,"column":26},"end":{"line":34,"column":42}},"24":{"start":{"line":37,"column":8},"end":{"line":40,"column":9}},"25":{"start":{"line":38,"column":12},"end":{"line":39,"column":62}},"26":{"start":{"line":39,"column":29},"end":{"line":39,"column":61}},"27":{"start":{"line":42,"column":8},"end":{"line":51,"column":10}},"28":{"start":{"line":43,"column":12},"end":{"line":43,"column":32}},"29":{"start":{"line":45,"column":12},"end":{"line":50,"column":18}},"30":{"start":{"line":46,"column":30},"end":{"line":46,"column":76}},"31":{"start":{"line":48,"column":20},"end":{"line":48,"column":60}},"32":{"start":{"line":49,"column":20},"end":{"line":49,"column":68}},"33":{"start":{"line":54,"column":4},"end":{"line":61,"column":5}},"34":{"start":{"line":55,"column":8},"end":{"line":60,"column":10}},"35":{"start":{"line":56,"column":22},"end":{"line":56,"column":68}},"36":{"start":{"line":58,"column":12},"end":{"line":58,"column":52}},"37":{"start":{"line":59,"column":12},"end":{"line":59,"column":86}},"38":{"start":{"line":63,"column":4},"end":{"line":101,"column":6}},"39":{"start":{"line":64,"column":8},"end":{"line":72,"column":10}},"40":{"start":{"line":65,"column":12},"end":{"line":67,"column":58}},"41":{"start":{"line":66,"column":16},"end":{"line":66,"column":48}},"42":{"start":{"line":69,"column":12},"end":{"line":71,"column":59}},"43":{"start":{"line":70,"column":16},"end":{"line":70,"column":46}},"44":{"start":{"line":74,"column":8},"end":{"line":83,"column":10}},"45":{"start":{"line":75,"column":12},"end":{"line":77,"column":62}},"46":{"start":{"line":76,"column":16},"end":{"line":76,"column":46}},"47":{"start":{"line":79,"column":12},"end":{"line":81,"column":62}},"48":{"start":{"line":80,"column":16},"end":{"line":80,"column":43}},"49":{"start":{"line":85,"column":8},"end":{"line":91,"column":10}},"50":{"start":{"line":86,"column":12},"end":{"line":86,"column":141}},"51":{"start":{"line":88,"column":12},"end":{"line":90,"column":59}},"52":{"start":{"line":89,"column":16},"end":{"line":89,"column":49}},"53":{"start":{"line":93,"column":8},"end":{"line":100,"column":10}},"54":{"start":{"line":94,"column":12},"end":{"line":94,"column":31}},"55":{"start":{"line":96,"column":12},"end":{"line":98,"column":85}},"56":{"start":{"line":97,"column":16},"end":{"line":97,"column":49}},"57":{"start":{"line":103,"column":4},"end":{"line":103,"column":49}},"58":{"start":{"line":103,"column":25},"end":{"line":103,"column":48}},"59":{"start":{"line":105,"column":4},"end":{"line":107,"column":6}},"60":{"start":{"line":106,"column":8},"end":{"line":106,"column":43}}},"fnMap":{"0":{"name":"(anonymous_0)","decl":{"start":{"line":13,"column":43},"end":{"line":13,"column":44}},"loc":{"start":{"line":13,"column":49},"end":{"line":108,"column":1}},"line":13},"1":{"name":"(anonymous_1)","decl":{"start":{"line":14,"column":11},"end":{"line":14,"column":12}},"loc":{"start":{"line":14,"column":17},"end":{"line":14,"column":46}},"line":14},"2":{"name":"(anonymous_2)","decl":{"start":{"line":18,"column":15},"end":{"line":18,"column":16}},"loc":{"start":{"line":19,"column":8},"end":{"line":28,"column":36}},"line":19},"3":{"name":"(anonymous_3)","decl":{"start":{"line":20,"column":14},"end":{"line":20,"column":15}},"loc":{"start":{"line":20,"column":20},"end":{"line":27,"column":9}},"line":20},"4":{"name":"(anonymous_4)","decl":{"start":{"line":28,"column":14},"end":{"line":28,"column":15}},"loc":{"start":{"line":28,"column":23},"end":{"line":28,"column":35}},"line":28},"5":{"name":"(anonymous_5)","decl":{"start":{"line":31,"column":41},"end":{"line":31,"column":42}},"loc":{"start":{"line":31,"column":47},"end":{"line":52,"column":5}},"line":31},"6":{"name":"(anonymous_6)","decl":{"start":{"line":32,"column":19},"end":{"line":32,"column":20}},"loc":{"start":{"line":33,"column":12},"end":{"line":34,"column":43}},"line":33},"7":{"name":"(anonymous_7)","decl":{"start":{"line":34,"column":18},"end":{"line":34,"column":19}},"loc":{"start":{"line":34,"column":26},"end":{"line":34,"column":42}},"line":34},"8":{"name":"(anonymous_8)","decl":{"start":{"line":37,"column":52},"end":{"line":37,"column":53}},"loc":{"start":{"line":38,"column":12},"end":{"line":39,"column":62}},"line":38},"9":{"name":"(anonymous_9)","decl":{"start":{"line":39,"column":18},"end":{"line":39,"column":19}},"loc":{"start":{"line":39,"column":29},"end":{"line":39,"column":61}},"line":39},"10":{"name":"(anonymous_10)","decl":{"start":{"line":42,"column":44},"end":{"line":42,"column":45}},"loc":{"start":{"line":42,"column":50},"end":{"line":51,"column":9}},"line":42},"11":{"name":"(anonymous_11)","decl":{"start":{"line":46,"column":22},"end":{"line":46,"column":23}},"loc":{"start":{"line":46,"column":28},"end":{"line":46,"column":78}},"line":46},"12":{"name":"(anonymous_12)","decl":{"start":{"line":47,"column":23},"end":{"line":47,"column":24}},"loc":{"start":{"line":47,"column":32},"end":{"line":50,"column":17}},"line":47},"13":{"name":"(anonymous_13)","decl":{"start":{"line":54,"column":47},"end":{"line":54,"column":48}},"loc":{"start":{"line":55,"column":8},"end":{"line":60,"column":10}},"line":55},"14":{"name":"(anonymous_14)","decl":{"start":{"line":56,"column":14},"end":{"line":56,"column":15}},"loc":{"start":{"line":56,"column":20},"end":{"line":56,"column":70}},"line":56},"15":{"name":"(anonymous_15)","decl":{"start":{"line":57,"column":15},"end":{"line":57,"column":16}},"loc":{"start":{"line":57,"column":24},"end":{"line":60,"column":9}},"line":57},"16":{"name":"(anonymous_16)","decl":{"start":{"line":63,"column":42},"end":{"line":63,"column":43}},"loc":{"start":{"line":63,"column":48},"end":{"line":101,"column":5}},"line":63},"17":{"name":"(anonymous_17)","decl":{"start":{"line":64,"column":46},"end":{"line":64,"column":47}},"loc":{"start":{"line":64,"column":52},"end":{"line":72,"column":9}},"line":64},"18":{"name":"(anonymous_18)","decl":{"start":{"line":65,"column":19},"end":{"line":65,"column":20}},"loc":{"start":{"line":65,"column":25},"end":{"line":67,"column":13}},"line":65},"19":{"name":"(anonymous_19)","decl":{"start":{"line":69,"column":19},"end":{"line":69,"column":20}},"loc":{"start":{"line":69,"column":25},"end":{"line":71,"column":13}},"line":69},"20":{"name":"(anonymous_20)","decl":{"start":{"line":74,"column":40},"end":{"line":74,"column":41}},"loc":{"start":{"line":74,"column":46},"end":{"line":83,"column":9}},"line":74},"21":{"name":"(anonymous_21)","decl":{"start":{"line":75,"column":19},"end":{"line":75,"column":20}},"loc":{"start":{"line":75,"column":25},"end":{"line":77,"column":13}},"line":75},"22":{"name":"(anonymous_22)","decl":{"start":{"line":79,"column":19},"end":{"line":79,"column":20}},"loc":{"start":{"line":79,"column":25},"end":{"line":81,"column":13}},"line":79},"23":{"name":"(anonymous_23)","decl":{"start":{"line":85,"column":45},"end":{"line":85,"column":46}},"loc":{"start":{"line":85,"column":51},"end":{"line":91,"column":9}},"line":85},"24":{"name":"(anonymous_24)","decl":{"start":{"line":88,"column":19},"end":{"line":88,"column":20}},"loc":{"start":{"line":88,"column":25},"end":{"line":90,"column":13}},"line":88},"25":{"name":"(anonymous_25)","decl":{"start":{"line":93,"column":53},"end":{"line":93,"column":54}},"loc":{"start":{"line":93,"column":59},"end":{"line":100,"column":9}},"line":93},"26":{"name":"(anonymous_26)","decl":{"start":{"line":96,"column":19},"end":{"line":96,"column":20}},"loc":{"start":{"line":96,"column":25},"end":{"line":98,"column":13}},"line":96},"27":{"name":"(anonymous_27)","decl":{"start":{"line":103,"column":14},"end":{"line":103,"column":15}},"loc":{"start":{"line":103,"column":25},"end":{"line":103,"column":48}},"line":103},"28":{"name":"(anonymous_28)","decl":{"start":{"line":105,"column":11},"end":{"line":105,"column":12}},"loc":{"start":{"line":105,"column":22},"end":{"line":107,"column":5}},"line":105}},"branchMap":{},"s":{"0":1,"1":1,"2":1,"3":1,"4":1,"5":1,"6":1,"7":1,"8":1,"9":1,"10":1,"11":1,"12":1,"13":7,"14":7,"15":7,"16":7,"17":7,"18":7,"19":7,"20":1,"21":1,"22":2,"23":2,"24":1,"25":1,"26":1,"27":1,"28":1,"29":1,"30":0,"31":1,"32":1,"33":1,"34":1,"35":0,"36":1,"37":1,"38":1,"39":1,"40":1,"41":1,"42":1,"43":1,"44":1,"45":1,"46":1,"47":1,"48":1,"49":1,"50":1,"51":1,"52":1,"53":1,"54":1,"55":1,"56":1,"57":1,"58":7,"59":1,"60":1},"f":{"0":1,"1":1,"2":7,"3":7,"4":7,"5":1,"6":2,"7":2,"8":1,"9":1,"10":1,"11":0,"12":1,"13":1,"14":0,"15":1,"16":1,"17":1,"18":1,"19":1,"20":1,"21":1,"22":1,"23":1,"24":1,"25":1,"26":1,"27":7,"28":1},"b":{},"_coverageSchema":"1a1c01bbd47fc00a2c39e90264f33305004495a9","hash":"b3b82ca3c75b9f6fadfdaada1b5fb0e58e787982","contentHash":"f3ac2b42b5157b9a6e8f6c38cb1f6b6b53273cfc4dbb7b82ee2b1d845d8cd7b1"},"/Users/sergioluis/bootcamp/collab/skylab-bootcamp-202004/staff/sergio-luis/books/books-server-logic/authenticate-user.js":{"path":"/Users/sergioluis/bootcamp/collab/skylab-bootcamp-202004/staff/sergio-luis/books/books-server-logic/authenticate-user.js","statementMap":{"0":{"start":{"line":17,"column":0},"end":{"line":17,"column":41}},"1":{"start":{"line":18,"column":29},"end":{"line":18,"column":50}},"2":{"start":{"line":19,"column":77},"end":{"line":19,"column":101}},"3":{"start":{"line":20,"column":15},"end":{"line":20,"column":34}},"4":{"start":{"line":22,"column":0},"end":{"line":40,"column":1}},"5":{"start":{"line":23,"column":4},"end":{"line":23,"column":34}},"6":{"start":{"line":24,"column":4},"end":{"line":24,"column":37}},"7":{"start":{"line":25,"column":4},"end":{"line":25,"column":25}},"8":{"start":{"line":26,"column":4},"end":{"line":26,"column":55}},"9":{"start":{"line":29,"column":4},"end":{"line":39,"column":10}},"10":{"start":{"line":31,"column":12},"end":{"line":31,"column":93}},"11":{"start":{"line":31,"column":23},"end":{"line":31,"column":93}},"12":{"start":{"line":33,"column":12},"end":{"line":38,"column":18}},"13":{"start":{"line":35,"column":20},"end":{"line":35,"column":76}},"14":{"start":{"line":35,"column":32},"end":{"line":35,"column":76}},"15":{"start":{"line":37,"column":20},"end":{"line":37,"column":34}}},"fnMap":{"0":{"name":"(anonymous_0)","decl":{"start":{"line":22,"column":17},"end":{"line":22,"column":18}},"loc":{"start":{"line":22,"column":38},"end":{"line":40,"column":1}},"line":22},"1":{"name":"(anonymous_1)","decl":{"start":{"line":30,"column":14},"end":{"line":30,"column":15}},"loc":{"start":{"line":30,"column":22},"end":{"line":39,"column":9}},"line":30},"2":{"name":"(anonymous_2)","decl":{"start":{"line":34,"column":22},"end":{"line":34,"column":23}},"loc":{"start":{"line":34,"column":31},"end":{"line":38,"column":17}},"line":34}},"branchMap":{"0":{"loc":{"start":{"line":31,"column":12},"end":{"line":31,"column":93}},"type":"if","locations":[{"start":{"line":31,"column":12},"end":{"line":31,"column":93}},{"start":{"line":31,"column":12},"end":{"line":31,"column":93}}],"line":31},"1":{"loc":{"start":{"line":35,"column":20},"end":{"line":35,"column":76}},"type":"if","locations":[{"start":{"line":35,"column":20},"end":{"line":35,"column":76}},{"start":{"line":35,"column":20},"end":{"line":35,"column":76}}],"line":35}},"s":{"0":1,"1":1,"2":1,"3":1,"4":1,"5":9,"6":7,"7":5,"8":4,"9":3,"10":3,"11":1,"12":2,"13":2,"14":1,"15":1},"f":{"0":9,"1":3,"2":2},"b":{"0":[1,2],"1":[1,1]},"_coverageSchema":"1a1c01bbd47fc00a2c39e90264f33305004495a9","hash":"caf4910dd6f0496239b46d09ee0c86184c11c81f","contentHash":"c5d8c6ee8295f0a068f21fb6ee5ec7ed808cbd4307ce8e56bfcf20c8a04862d3"},"/Users/sergioluis/bootcamp/collab/skylab-bootcamp-202004/staff/sergio-luis/books/books-server-logic/calculate-distance-book.spec.js":{"path":"/Users/sergioluis/bootcamp/collab/skylab-bootcamp-202004/staff/sergio-luis/books/books-server-logic/calculate-distance-book.spec.js","statementMap":{"0":{"start":{"line":1,"column":0},"end":{"line":1,"column":26}},"1":{"start":{"line":3,"column":51},"end":{"line":3,"column":58}},"2":{"start":{"line":4,"column":19},"end":{"line":4,"column":23}},"3":{"start":{"line":5,"column":30},"end":{"line":5,"column":66}},"4":{"start":{"line":6,"column":19},"end":{"line":6,"column":34}},"5":{"start":{"line":8,"column":0},"end":{"line":8,"column":39}},"6":{"start":{"line":10,"column":44},"end":{"line":10,"column":65}},"7":{"start":{"line":11,"column":15},"end":{"line":11,"column":34}},"8":{"start":{"line":12,"column":34},"end":{"line":12,"column":58}},"9":{"start":{"line":14,"column":0},"end":{"line":179,"column":2}},"10":{"start":{"line":21,"column":4},"end":{"line":24,"column":6}},"11":{"start":{"line":22,"column":8},"end":{"line":22,"column":69}},"12":{"start":{"line":23,"column":8},"end":{"line":23,"column":66}},"13":{"start":{"line":26,"column":4},"end":{"line":59,"column":6}},"14":{"start":{"line":27,"column":8},"end":{"line":27,"column":34}},"15":{"start":{"line":28,"column":8},"end":{"line":28,"column":40}},"16":{"start":{"line":29,"column":8},"end":{"line":29,"column":46}},"17":{"start":{"line":30,"column":8},"end":{"line":30,"column":42}},"18":{"start":{"line":31,"column":8},"end":{"line":31,"column":60}},"19":{"start":{"line":33,"column":21},"end":{"line":33,"column":93}},"20":{"start":{"line":34,"column":8},"end":{"line":34,"column":25}},"21":{"start":{"line":36,"column":8},"end":{"line":36,"column":46}},"22":{"start":{"line":37,"column":8},"end":{"line":37,"column":52}},"23":{"start":{"line":38,"column":8},"end":{"line":38,"column":58}},"24":{"start":{"line":39,"column":8},"end":{"line":39,"column":54}},"25":{"start":{"line":40,"column":8},"end":{"line":40,"column":72}},"26":{"start":{"line":42,"column":27},"end":{"line":42,"column":145}},"27":{"start":{"line":43,"column":8},"end":{"line":43,"column":36}},"28":{"start":{"line":45,"column":8},"end":{"line":45,"column":36}},"29":{"start":{"line":46,"column":8},"end":{"line":46,"column":32}},"30":{"start":{"line":47,"column":8},"end":{"line":47,"column":28}},"31":{"start":{"line":48,"column":21},"end":{"line":48,"column":111}},"32":{"start":{"line":49,"column":8},"end":{"line":49,"column":25}},"33":{"start":{"line":51,"column":8},"end":{"line":51,"column":31}},"34":{"start":{"line":52,"column":8},"end":{"line":52,"column":32}},"35":{"start":{"line":53,"column":8},"end":{"line":53,"column":37}},"36":{"start":{"line":54,"column":8},"end":{"line":54,"column":38}},"37":{"start":{"line":56,"column":8},"end":{"line":56,"column":117}},"38":{"start":{"line":57,"column":8},"end":{"line":57,"column":135}},"39":{"start":{"line":61,"column":4},"end":{"line":68,"column":6}},"40":{"start":{"line":62,"column":8},"end":{"line":62,"column":63}},"41":{"start":{"line":64,"column":21},"end":{"line":64,"column":48}},"42":{"start":{"line":66,"column":8},"end":{"line":66,"column":29}},"43":{"start":{"line":67,"column":8},"end":{"line":67,"column":47}},"44":{"start":{"line":69,"column":4},"end":{"line":83,"column":6}},"45":{"start":{"line":70,"column":8},"end":{"line":70,"column":63}},"46":{"start":{"line":72,"column":21},"end":{"line":72,"column":48}},"47":{"start":{"line":74,"column":8},"end":{"line":74,"column":29}},"48":{"start":{"line":75,"column":8},"end":{"line":75,"column":47}},"49":{"start":{"line":77,"column":8},"end":{"line":77,"column":63}},"50":{"start":{"line":78,"column":22},"end":{"line":78,"column":49}},"51":{"start":{"line":80,"column":8},"end":{"line":80,"column":30}},"52":{"start":{"line":81,"column":8},"end":{"line":81,"column":60}},"53":{"start":{"line":85,"column":4},"end":{"line":95,"column":6}},"54":{"start":{"line":86,"column":8},"end":{"line":86,"column":43}},"55":{"start":{"line":87,"column":8},"end":{"line":94,"column":8}},"56":{"start":{"line":88,"column":12},"end":{"line":88,"column":67}},"57":{"start":{"line":89,"column":12},"end":{"line":89,"column":58}},"58":{"start":{"line":91,"column":11},"end":{"line":91,"column":33}},"59":{"start":{"line":92,"column":11},"end":{"line":92,"column":51}},"60":{"start":{"line":93,"column":11},"end":{"line":93,"column":82}},"61":{"start":{"line":97,"column":4},"end":{"line":108,"column":6}},"62":{"start":{"line":98,"column":8},"end":{"line":98,"column":49}},"63":{"start":{"line":100,"column":8},"end":{"line":107,"column":9}},"64":{"start":{"line":101,"column":12},"end":{"line":101,"column":67}},"65":{"start":{"line":102,"column":12},"end":{"line":102,"column":58}},"66":{"start":{"line":104,"column":12},"end":{"line":104,"column":34}},"67":{"start":{"line":105,"column":12},"end":{"line":105,"column":52}},"68":{"start":{"line":106,"column":12},"end":{"line":106,"column":89}},"69":{"start":{"line":109,"column":4},"end":{"line":120,"column":6}},"70":{"start":{"line":110,"column":8},"end":{"line":110,"column":43}},"71":{"start":{"line":112,"column":8},"end":{"line":119,"column":9}},"72":{"start":{"line":113,"column":12},"end":{"line":113,"column":67}},"73":{"start":{"line":114,"column":12},"end":{"line":114,"column":58}},"74":{"start":{"line":116,"column":12},"end":{"line":116,"column":34}},"75":{"start":{"line":117,"column":12},"end":{"line":117,"column":52}},"76":{"start":{"line":118,"column":12},"end":{"line":118,"column":83}},"77":{"start":{"line":121,"column":4},"end":{"line":132,"column":6}},"78":{"start":{"line":122,"column":8},"end":{"line":122,"column":110}},"79":{"start":{"line":124,"column":8},"end":{"line":131,"column":9}},"80":{"start":{"line":125,"column":12},"end":{"line":125,"column":67}},"81":{"start":{"line":126,"column":12},"end":{"line":126,"column":58}},"82":{"start":{"line":128,"column":12},"end":{"line":128,"column":34}},"83":{"start":{"line":129,"column":12},"end":{"line":129,"column":52}},"84":{"start":{"line":130,"column":12},"end":{"line":130,"column":94}},"85":{"start":{"line":133,"column":4},"end":{"line":144,"column":6}},"86":{"start":{"line":134,"column":8},"end":{"line":134,"column":116}},"87":{"start":{"line":136,"column":8},"end":{"line":143,"column":9}},"88":{"start":{"line":137,"column":12},"end":{"line":137,"column":67}},"89":{"start":{"line":138,"column":12},"end":{"line":138,"column":58}},"90":{"start":{"line":140,"column":12},"end":{"line":140,"column":34}},"91":{"start":{"line":141,"column":12},"end":{"line":141,"column":52}},"92":{"start":{"line":142,"column":12},"end":{"line":142,"column":100}},"93":{"start":{"line":147,"column":4},"end":{"line":157,"column":6}},"94":{"start":{"line":148,"column":8},"end":{"line":150,"column":54}},"95":{"start":{"line":149,"column":12},"end":{"line":149,"column":59}},"96":{"start":{"line":151,"column":8},"end":{"line":153,"column":53}},"97":{"start":{"line":152,"column":12},"end":{"line":152,"column":52}},"98":{"start":{"line":154,"column":8},"end":{"line":156,"column":55}},"99":{"start":{"line":155,"column":12},"end":{"line":155,"column":60}},"100":{"start":{"line":159,"column":4},"end":{"line":169,"column":6}},"101":{"start":{"line":160,"column":8},"end":{"line":162,"column":58}},"102":{"start":{"line":161,"column":12},"end":{"line":161,"column":57}},"103":{"start":{"line":163,"column":8},"end":{"line":165,"column":58}},"104":{"start":{"line":164,"column":12},"end":{"line":164,"column":51}},"105":{"start":{"line":166,"column":8},"end":{"line":168,"column":58}},"106":{"start":{"line":167,"column":12},"end":{"line":167,"column":57}},"107":{"start":{"line":171,"column":4},"end":{"line":173,"column":6}},"108":{"start":{"line":172,"column":8},"end":{"line":172,"column":66}},"109":{"start":{"line":175,"column":4},"end":{"line":178,"column":6}},"110":{"start":{"line":176,"column":8},"end":{"line":176,"column":66}},"111":{"start":{"line":177,"column":8},"end":{"line":177,"column":36}}},"fnMap":{"0":{"name":"(anonymous_0)","decl":{"start":{"line":14,"column":36},"end":{"line":14,"column":37}},"loc":{"start":{"line":14,"column":42},"end":{"line":179,"column":1}},"line":14},"1":{"name":"(anonymous_1)","decl":{"start":{"line":21,"column":12},"end":{"line":21,"column":13}},"loc":{"start":{"line":21,"column":23},"end":{"line":24,"column":5}},"line":21},"2":{"name":"(anonymous_2)","decl":{"start":{"line":26,"column":15},"end":{"line":26,"column":16}},"loc":{"start":{"line":26,"column":26},"end":{"line":59,"column":5}},"line":26},"3":{"name":"(anonymous_3)","decl":{"start":{"line":61,"column":37},"end":{"line":61,"column":38}},"loc":{"start":{"line":61,"column":48},"end":{"line":68,"column":5}},"line":61},"4":{"name":"(anonymous_4)","decl":{"start":{"line":69,"column":54},"end":{"line":69,"column":55}},"loc":{"start":{"line":69,"column":65},"end":{"line":83,"column":5}},"line":69},"5":{"name":"(anonymous_5)","decl":{"start":{"line":85,"column":40},"end":{"line":85,"column":41}},"loc":{"start":{"line":85,"column":51},"end":{"line":95,"column":5}},"line":85},"6":{"name":"(anonymous_6)","decl":{"start":{"line":97,"column":44},"end":{"line":97,"column":45}},"loc":{"start":{"line":97,"column":56},"end":{"line":108,"column":5}},"line":97},"7":{"name":"(anonymous_7)","decl":{"start":{"line":109,"column":38},"end":{"line":109,"column":39}},"loc":{"start":{"line":109,"column":50},"end":{"line":120,"column":5}},"line":109},"8":{"name":"(anonymous_8)","decl":{"start":{"line":121,"column":57},"end":{"line":121,"column":58}},"loc":{"start":{"line":121,"column":69},"end":{"line":132,"column":5}},"line":121},"9":{"name":"(anonymous_9)","decl":{"start":{"line":133,"column":58},"end":{"line":133,"column":59}},"loc":{"start":{"line":133,"column":70},"end":{"line":144,"column":5}},"line":133},"10":{"name":"(anonymous_10)","decl":{"start":{"line":147,"column":42},"end":{"line":147,"column":43}},"loc":{"start":{"line":147,"column":48},"end":{"line":157,"column":5}},"line":147},"11":{"name":"(anonymous_11)","decl":{"start":{"line":148,"column":15},"end":{"line":148,"column":16}},"loc":{"start":{"line":148,"column":21},"end":{"line":150,"column":9}},"line":148},"12":{"name":"(anonymous_12)","decl":{"start":{"line":151,"column":15},"end":{"line":151,"column":16}},"loc":{"start":{"line":151,"column":21},"end":{"line":153,"column":9}},"line":151},"13":{"name":"(anonymous_13)","decl":{"start":{"line":154,"column":15},"end":{"line":154,"column":16}},"loc":{"start":{"line":154,"column":21},"end":{"line":156,"column":9}},"line":154},"14":{"name":"(anonymous_14)","decl":{"start":{"line":159,"column":42},"end":{"line":159,"column":43}},"loc":{"start":{"line":159,"column":48},"end":{"line":169,"column":5}},"line":159},"15":{"name":"(anonymous_15)","decl":{"start":{"line":160,"column":15},"end":{"line":160,"column":16}},"loc":{"start":{"line":160,"column":21},"end":{"line":162,"column":9}},"line":160},"16":{"name":"(anonymous_16)","decl":{"start":{"line":163,"column":15},"end":{"line":163,"column":16}},"loc":{"start":{"line":163,"column":21},"end":{"line":165,"column":9}},"line":163},"17":{"name":"(anonymous_17)","decl":{"start":{"line":166,"column":15},"end":{"line":166,"column":16}},"loc":{"start":{"line":166,"column":21},"end":{"line":168,"column":9}},"line":166},"18":{"name":"(anonymous_18)","decl":{"start":{"line":171,"column":14},"end":{"line":171,"column":15}},"loc":{"start":{"line":171,"column":25},"end":{"line":173,"column":5}},"line":171},"19":{"name":"(anonymous_19)","decl":{"start":{"line":175,"column":11},"end":{"line":175,"column":12}},"loc":{"start":{"line":175,"column":22},"end":{"line":178,"column":5}},"line":175}},"branchMap":{},"s":{"0":1,"1":1,"2":1,"3":1,"4":1,"5":1,"6":1,"7":1,"8":1,"9":1,"10":1,"11":1,"12":1,"13":1,"14":9,"15":9,"16":9,"17":9,"18":9,"19":9,"20":9,"21":9,"22":9,"23":9,"24":9,"25":9,"26":9,"27":9,"28":9,"29":9,"30":9,"31":9,"32":9,"33":9,"34":9,"35":9,"36":9,"37":9,"38":9,"39":1,"40":1,"41":1,"42":1,"43":1,"44":1,"45":1,"46":1,"47":1,"48":1,"49":1,"50":1,"51":1,"52":1,"53":1,"54":1,"55":1,"56":1,"57":0,"58":1,"59":1,"60":1,"61":1,"62":1,"63":1,"64":1,"65":0,"66":1,"67":1,"68":1,"69":1,"70":1,"71":1,"72":1,"73":0,"74":1,"75":1,"76":1,"77":1,"78":1,"79":1,"80":1,"81":0,"82":1,"83":1,"84":1,"85":1,"86":1,"87":1,"88":1,"89":0,"90":1,"91":1,"92":1,"93":1,"94":1,"95":1,"96":1,"97":1,"98":1,"99":1,"100":1,"101":1,"102":1,"103":1,"104":1,"105":1,"106":1,"107":1,"108":9,"109":1,"110":1,"111":1},"f":{"0":1,"1":1,"2":9,"3":1,"4":1,"5":1,"6":1,"7":1,"8":1,"9":1,"10":1,"11":1,"12":1,"13":1,"14":1,"15":1,"16":1,"17":1,"18":9,"19":1},"b":{},"_coverageSchema":"1a1c01bbd47fc00a2c39e90264f33305004495a9","hash":"29d3a71cfc0b35296eaf2b34d9aed07fff424477","contentHash":"f9cb7c6cf7bcd7c6dc5db7fa7e883429f8afcc21906d5ffe6e7b63b574601614"},"/Users/sergioluis/bootcamp/collab/skylab-bootcamp-202004/staff/sergio-luis/books/books-server-logic/calculate-distance-book.js":{"path":"/Users/sergioluis/bootcamp/collab/skylab-bootcamp-202004/staff/sergio-luis/books/books-server-logic/calculate-distance-book.js","statementMap":{"0":{"start":{"line":15,"column":0},"end":{"line":15,"column":41}},"1":{"start":{"line":17,"column":41},"end":{"line":17,"column":65}},"2":{"start":{"line":18,"column":35},"end":{"line":18,"column":56}},"3":{"start":{"line":20,"column":0},"end":{"line":60,"column":1}},"4":{"start":{"line":21,"column":4},"end":{"line":21,"column":35}},"5":{"start":{"line":22,"column":4},"end":{"line":22,"column":41}},"6":{"start":{"line":23,"column":4},"end":{"line":23,"column":35}},"7":{"start":{"line":25,"column":4},"end":{"line":25,"column":97}},"8":{"start":{"line":25,"column":32},"end":{"line":25,"column":97}},"9":{"start":{"line":27,"column":4},"end":{"line":59,"column":8}},"10":{"start":{"line":28,"column":41},"end":{"line":32,"column":10}},"11":{"start":{"line":34,"column":8},"end":{"line":34,"column":87}},"12":{"start":{"line":34,"column":19},"end":{"line":34,"column":87}},"13":{"start":{"line":35,"column":8},"end":{"line":35,"column":99}},"14":{"start":{"line":35,"column":25},"end":{"line":35,"column":99}},"15":{"start":{"line":36,"column":8},"end":{"line":36,"column":87}},"16":{"start":{"line":36,"column":19},"end":{"line":36,"column":87}},"17":{"start":{"line":38,"column":52},"end":{"line":38,"column":71}},"18":{"start":{"line":39,"column":52},"end":{"line":39,"column":77}},"19":{"start":{"line":41,"column":8},"end":{"line":41,"column":107}},"20":{"start":{"line":41,"column":28},"end":{"line":41,"column":107}},"21":{"start":{"line":42,"column":8},"end":{"line":42,"column":113}},"22":{"start":{"line":42,"column":28},"end":{"line":42,"column":113}},"23":{"start":{"line":44,"column":18},"end":{"line":44,"column":24}},"24":{"start":{"line":45,"column":19},"end":{"line":45,"column":41}},"25":{"start":{"line":46,"column":19},"end":{"line":46,"column":41}},"26":{"start":{"line":47,"column":19},"end":{"line":47,"column":50}},"27":{"start":{"line":48,"column":19},"end":{"line":48,"column":50}},"28":{"start":{"line":50,"column":18},"end":{"line":52,"column":47}},"29":{"start":{"line":53,"column":18},"end":{"line":53,"column":64}},"30":{"start":{"line":55,"column":25},"end":{"line":55,"column":52}},"31":{"start":{"line":57,"column":8},"end":{"line":57,"column":69}}},"fnMap":{"0":{"name":"(anonymous_0)","decl":{"start":{"line":20,"column":17},"end":{"line":20,"column":18}},"loc":{"start":{"line":20,"column":51},"end":{"line":60,"column":1}},"line":20},"1":{"name":"(anonymous_1)","decl":{"start":{"line":27,"column":12},"end":{"line":27,"column":13}},"loc":{"start":{"line":27,"column":23},"end":{"line":59,"column":5}},"line":27}},"branchMap":{"0":{"loc":{"start":{"line":25,"column":4},"end":{"line":25,"column":97}},"type":"if","locations":[{"start":{"line":25,"column":4},"end":{"line":25,"column":97}},{"start":{"line":25,"column":4},"end":{"line":25,"column":97}}],"line":25},"1":{"loc":{"start":{"line":34,"column":8},"end":{"line":34,"column":87}},"type":"if","locations":[{"start":{"line":34,"column":8},"end":{"line":34,"column":87}},{"start":{"line":34,"column":8},"end":{"line":34,"column":87}}],"line":34},"2":{"loc":{"start":{"line":35,"column":8},"end":{"line":35,"column":99}},"type":"if","locations":[{"start":{"line":35,"column":8},"end":{"line":35,"column":99}},{"start":{"line":35,"column":8},"end":{"line":35,"column":99}}],"line":35},"3":{"loc":{"start":{"line":36,"column":8},"end":{"line":36,"column":87}},"type":"if","locations":[{"start":{"line":36,"column":8},"end":{"line":36,"column":87}},{"start":{"line":36,"column":8},"end":{"line":36,"column":87}}],"line":36},"4":{"loc":{"start":{"line":41,"column":8},"end":{"line":41,"column":107}},"type":"if","locations":[{"start":{"line":41,"column":8},"end":{"line":41,"column":107}},{"start":{"line":41,"column":8},"end":{"line":41,"column":107}}],"line":41},"5":{"loc":{"start":{"line":41,"column":12},"end":{"line":41,"column":26}},"type":"binary-expr","locations":[{"start":{"line":41,"column":12},"end":{"line":41,"column":17}},{"start":{"line":41,"column":21},"end":{"line":41,"column":26}}],"line":41},"6":{"loc":{"start":{"line":42,"column":8},"end":{"line":42,"column":113}},"type":"if","locations":[{"start":{"line":42,"column":8},"end":{"line":42,"column":113}},{"start":{"line":42,"column":8},"end":{"line":42,"column":113}}],"line":42},"7":{"loc":{"start":{"line":42,"column":12},"end":{"line":42,"column":26}},"type":"binary-expr","locations":[{"start":{"line":42,"column":12},"end":{"line":42,"column":17}},{"start":{"line":42,"column":21},"end":{"line":42,"column":26}}],"line":42}},"s":{"0":1,"1":1,"2":1,"3":1,"4":14,"5":12,"6":10,"7":8,"8":0,"9":8,"10":8,"11":8,"12":1,"13":7,"14":1,"15":6,"16":1,"17":5,"18":5,"19":5,"20":1,"21":4,"22":1,"23":3,"24":3,"25":3,"26":3,"27":3,"28":3,"29":3,"30":3,"31":3},"f":{"0":14,"1":8},"b":{"0":[0,8],"1":[1,7],"2":[1,6],"3":[1,5],"4":[1,4],"5":[5,4],"6":[1,3],"7":[4,3]},"_coverageSchema":"1a1c01bbd47fc00a2c39e90264f33305004495a9","hash":"23c65231c9126015488eb97cf27afe1f433626ce","contentHash":"c7a5e722f13cbd16f5bcf5b912ce250d29de73da233ba0a8824d5ba926e0492b"},"/Users/sergioluis/bootcamp/collab/skylab-bootcamp-202004/staff/sergio-luis/books/books-server-logic/create-book.spec.js":{"path":"/Users/sergioluis/bootcamp/collab/skylab-bootcamp-202004/staff/sergio-luis/books/books-server-logic/create-book.spec.js","statementMap":{"0":{"start":{"line":1,"column":0},"end":{"line":1,"column":26}},"1":{"start":{"line":3,"column":51},"end":{"line":3,"column":58}},"2":{"start":{"line":4,"column":17},"end":{"line":4,"column":21}},"3":{"start":{"line":5,"column":19},"end":{"line":5,"column":43}},"4":{"start":{"line":6,"column":19},"end":{"line":6,"column":34}},"5":{"start":{"line":8,"column":0},"end":{"line":8,"column":39}},"6":{"start":{"line":10,"column":44},"end":{"line":10,"column":65}},"7":{"start":{"line":11,"column":15},"end":{"line":11,"column":34}},"8":{"start":{"line":12,"column":33},"end":{"line":12,"column":57}},"9":{"start":{"line":14,"column":0},"end":{"line":116,"column":2}},"10":{"start":{"line":18,"column":4},"end":{"line":21,"column":6}},"11":{"start":{"line":19,"column":8},"end":{"line":19,"column":69}},"12":{"start":{"line":20,"column":8},"end":{"line":20,"column":66}},"13":{"start":{"line":23,"column":4},"end":{"line":37,"column":6}},"14":{"start":{"line":24,"column":8},"end":{"line":24,"column":34}},"15":{"start":{"line":25,"column":8},"end":{"line":25,"column":40}},"16":{"start":{"line":26,"column":8},"end":{"line":26,"column":46}},"17":{"start":{"line":27,"column":8},"end":{"line":27,"column":42}},"18":{"start":{"line":28,"column":8},"end":{"line":28,"column":60}},"19":{"start":{"line":30,"column":21},"end":{"line":30,"column":93}},"20":{"start":{"line":31,"column":8},"end":{"line":31,"column":25}},"21":{"start":{"line":33,"column":8},"end":{"line":33,"column":36}},"22":{"start":{"line":34,"column":8},"end":{"line":34,"column":130}},"23":{"start":{"line":35,"column":8},"end":{"line":35,"column":45}},"24":{"start":{"line":36,"column":8},"end":{"line":36,"column":32}},"25":{"start":{"line":39,"column":4},"end":{"line":71,"column":6}},"26":{"start":{"line":40,"column":8},"end":{"line":56,"column":10}},"27":{"start":{"line":41,"column":12},"end":{"line":41,"column":78}},"28":{"start":{"line":43,"column":26},"end":{"line":43,"column":53}},"29":{"start":{"line":45,"column":12},"end":{"line":45,"column":40}},"30":{"start":{"line":46,"column":12},"end":{"line":46,"column":49}},"31":{"start":{"line":47,"column":12},"end":{"line":47,"column":40}},"32":{"start":{"line":48,"column":12},"end":{"line":48,"column":49}},"33":{"start":{"line":49,"column":12},"end":{"line":49,"column":42}},"34":{"start":{"line":50,"column":12},"end":{"line":50,"column":51}},"35":{"start":{"line":51,"column":12},"end":{"line":51,"column":46}},"36":{"start":{"line":52,"column":12},"end":{"line":52,"column":65}},"37":{"start":{"line":53,"column":12},"end":{"line":53,"column":47}},"38":{"start":{"line":54,"column":12},"end":{"line":54,"column":66}},"39":{"start":{"line":55,"column":12},"end":{"line":55,"column":49}},"40":{"start":{"line":58,"column":8},"end":{"line":69,"column":10}},"41":{"start":{"line":59,"column":12},"end":{"line":59,"column":45}},"42":{"start":{"line":61,"column":12},"end":{"line":68,"column":13}},"43":{"start":{"line":62,"column":16},"end":{"line":62,"column":73}},"44":{"start":{"line":63,"column":16},"end":{"line":63,"column":62}},"45":{"start":{"line":65,"column":16},"end":{"line":65,"column":38}},"46":{"start":{"line":66,"column":16},"end":{"line":66,"column":56}},"47":{"start":{"line":67,"column":16},"end":{"line":67,"column":74}},"48":{"start":{"line":73,"column":4},"end":{"line":106,"column":6}},"49":{"start":{"line":75,"column":12},"end":{"line":88,"column":14}},"50":{"start":{"line":76,"column":16},"end":{"line":78,"column":62}},"51":{"start":{"line":77,"column":20},"end":{"line":77,"column":69}},"52":{"start":{"line":79,"column":16},"end":{"line":81,"column":61}},"53":{"start":{"line":80,"column":20},"end":{"line":80,"column":69}},"54":{"start":{"line":82,"column":16},"end":{"line":84,"column":63}},"55":{"start":{"line":83,"column":20},"end":{"line":83,"column":69}},"56":{"start":{"line":85,"column":16},"end":{"line":87,"column":61}},"57":{"start":{"line":86,"column":20},"end":{"line":86,"column":69}},"58":{"start":{"li
[...]
},"end":{"line":75,"column":16}},"loc":{"start":{"line":75,"column":21},"end":{"line":77,"column":9}},"line":75},"8":{"name":"(anonymous_8)","decl":{"start":{"line":78,"column":15},"end":{"line":78,"column":16}},"loc":{"start":{"line":78,"column":21},"end":{"line":80,"column":9}},"line":78},"9":{"name":"(anonymous_9)","decl":{"start":{"line":81,"column":15},"end":{"line":81,"column":16}},"loc":{"start":{"line":81,"column":21},"end":{"line":83,"column":9}},"line":81},"10":{"name":"(anonymous_10)","decl":{"start":{"line":86,"column":42},"end":{"line":86,"column":43}},"loc":{"start":{"line":86,"column":48},"end":{"line":96,"column":5}},"line":86},"11":{"name":"(anonymous_11)","decl":{"start":{"line":87,"column":15},"end":{"line":87,"column":16}},"loc":{"start":{"line":87,"column":21},"end":{"line":89,"column":9}},"line":87},"12":{"name":"(anonymous_12)","decl":{"start":{"line":90,"column":15},"end":{"line":90,"column":16}},"loc":{"start":{"line":90,"column":21},"end":{"line":92,"column":9}},"line":90},"13":{"name":"(anonymous_13)","decl":{"start":{"line":93,"column":15},"end":{"line":93,"column":16}},"loc":{"start":{"line":93,"column":21},"end":{"line":95,"column":9}},"line":93},"14":{"name":"(anonymous_14)","decl":{"start":{"line":98,"column":14},"end":{"line":98,"column":15}},"loc":{"start":{"line":98,"column":25},"end":{"line":100,"column":5}},"line":98},"15":{"name":"(anonymous_15)","decl":{"start":{"line":102,"column":11},"end":{"line":102,"column":12}},"loc":{"start":{"line":102,"column":22},"end":{"line":105,"column":5}},"line":102}},"branchMap":{},"s":{"0":1,"1":1,"2":1,"3":1,"4":1,"5":1,"6":1,"7":1,"8":1,"9":1,"10":1,"11":1,"12":1,"13":1,"14":5,"15":5,"16":5,"17":5,"18":5,"19":5,"20":5,"21":5,"22":5,"23":1,"24":1,"25":1,"26":1,"27":1,"28":1,"29":1,"30":1,"31":1,"32":1,"33":1,"34":1,"35":1,"36":1,"37":1,"38":1,"39":1,"40":1,"41":1,"42":0,"43":1,"44":1,"45":1,"46":1,"47":1,"48":1,"49":1,"50":1,"51":1,"52":1,"53":1,"54":1,"55":1,"56":1,"57":1,"58":1,"59":1,"60":1,"61":5,"62":1,"63":1,"64":1},"f":{"0":1,"1":1,"2":5,"3":1,"4":1,"5":1,"6":1,"7":1,"8":1,"9":1,"10":1,"11":1,"12":1,"13":1,"14":5,"15":1},"b":{},"_coverageSchema":"1a1c01bbd47fc00a2c39e90264f33305004495a9","hash":"eb77be7a3c07b7feec5ce774b8b8ae6da1b0b70b","contentHash":"b5a0471b1a93d38de0ff75121e2aff4b47fea178b3967bd2c36a485e0ecf1c90"},"/Users/sergioluis/bootcamp/collab/skylab-bootcamp-202004/staff/sergio-luis/books/books-server-logic/update-coordinates.js":{"path":"/Users/sergioluis/bootcamp/collab/skylab-bootcamp-202004/staff/sergio-luis/books/books-server-logic/update-coordinates.js","statementMap":{"0":{"start":{"line":16,"column":0},"end":{"line":16,"column":41}},"1":{"start":{"line":17,"column":0},"end":{"line":17,"column":41}},"2":{"start":{"line":19,"column":40},"end":{"line":19,"column":64}},"3":{"start":{"line":20,"column":29},"end":{"line":20,"column":50}},"4":{"start":{"line":22,"column":0},"end":{"line":38,"column":1}},"5":{"start":{"line":24,"column":4},"end":{"line":24,"column":35}},"6":{"start":{"line":25,"column":4},"end":{"line":25,"column":29}},"7":{"start":{"line":26,"column":4},"end":{"line":26,"column":30}},"8":{"start":{"line":28,"column":4},"end":{"line":37,"column":8}},"9":{"start":{"line":30,"column":21},"end":{"line":30,"column":48}},"10":{"start":{"line":32,"column":8},"end":{"line":32,"column":87}},"11":{"start":{"line":32,"column":19},"end":{"line":32,"column":87}},"12":{"start":{"line":34,"column":8},"end":{"line":34,"column":44}},"13":{"start":{"line":36,"column":8},"end":{"line":36,"column":74}}},"fnMap":{"0":{"name":"(anonymous_0)","decl":{"start":{"line":22,"column":17},"end":{"line":22,"column":18}},"loc":{"start":{"line":22,"column":48},"end":{"line":38,"column":1}},"line":22},"1":{"name":"(anonymous_1)","decl":{"start":{"line":28,"column":12},"end":{"line":28,"column":13}},"loc":{"start":{"line":28,"column":23},"end":{"line":37,"column":5}},"line":28}},"branchMap":{"0":{"loc":{"start":{"line":32,"column":8},"end":{"line":32,"column":87}},"type":"if","locations":[{"start":{"line":32,"column":8},"end":{"line":32,"column":87}},{"start":{"line":32,"column":8},"end":{"line":32,"column":87}}],"line":32}},"s":{"0":1,"1":1,"2":1,"3":1,"4":1,"5":10,"6":8,"7":6,"8":4,"9":4,"10":4,"11":1,"12":3,"13":3},"f":{"0":10,"1":4},"b":{"0":[1,3]},"_coverageSchema":"1a1c01bbd47fc00a2c39e90264f33305004495a9","hash":"7e460ff05dbae41078875ed6252cc934f6eb37c6","contentHash":"9e9bb46089e33584a083435fcd4efab3576f7b3e32a7f1a99d2e5e5adb5cae16"},"/Users/sergioluis/bootcamp/collab/skylab-bootcamp-202004/staff/sergio-luis/books/books-server-logic/update-user.spec.js":{"path":"/Users/sergioluis/bootcamp/collab/skylab-bootcamp-202004/staff/sergio-luis/books/books-server-logic/update-user.spec.js","statementMap":{"0":{"start":{"line":1,"column":0},"end":{"line":1,"column":26}},"1":{"start":{"line":3,"column":51},"end":{"line":3,"column":58}},"2":{"start":{"line":4,"column":19},"end":{"line":4,"column":23}},"3":{"start":{"line":5,"column":19},"end":{"line":5,"column":43}},"4":{"start":{"line":6,"column":19},"end":{"line":6,"column":34}},"5":{"start":{"line":8,"column":0},"end":{"line":8,"column":39}},"6":{"start":{"line":10,"column":39},"end":{"line":10,"column":60}},"7":{"start":{"line":11,"column":15},"end":{"line":11,"column":34}},"8":{"start":{"line":12,"column":34},"end":{"line":12,"column":58}},"9":{"start":{"line":14,"column":0},"end":{"line":129,"column":2}},"10":{"start":{"line":19,"column":4},"end":{"line":22,"column":6}},"11":{"start":{"line":20,"column":8},"end":{"line":20,"column":69}},"12":{"start":{"line":21,"column":8},"end":{"line":21,"column":32}},"13":{"start":{"line":24,"column":4},"end":{"line":37,"column":6}},"14":{"start":{"line":25,"column":8},"end":{"line":25,"column":34}},"15":{"start":{"line":26,"column":8},"end":{"line":26,"column":40}},"16":{"start":{"line":27,"column":8},"end":{"line":27,"column":46}},"17":{"start":{"line":28,"column":8},"end":{"line":28,"column":42}},"18":{"start":{"line":29,"column":8},"end":{"line":29,"column":60}},"19":{"start":{"line":31,"column":21},"end":{"line":31,"column":93}},"20":{"start":{"line":32,"column":8},"end":{"line":32,"column":25}},"21":{"start":{"line":34,"column":9},"end":{"line":34,"column":36}},"22":{"start":{"line":35,"column":9},"end":{"line":35,"column":42}},"23":{"start":{"line":36,"column":9},"end":{"line":36,"column":48}},"24":{"start":{"line":39,"column":4},"end":{"line":54,"column":6}},"25":{"start":{"line":41,"column":22},"end":{"line":41,"column":40}},"26":{"start":{"line":42,"column":25},"end":{"line":42,"column":46}},"27":{"start":{"line":43,"column":23},"end":{"line":43,"column":52}},"28":{"start":{"line":46,"column":8},"end":{"line":46,"column":63}},"29":{"start":{"line":48,"column":21},"end":{"line":48,"column":48}},"30":{"start":{"line":49,"column":8},"end":{"line":49,"column":16}},"31":{"start":{"line":50,"column":8},"end":{"line":50,"column":29}},"32":{"start":{"line":51,"column":8},"end":{"line":51,"column":41}},"33":{"start":{"line":52,"column":8},"end":{"line":52,"column":47}},"34":{"start":{"line":53,"column":8},"end":{"line":53,"column":43}},"35":{"start":{"line":56,"column":4},"end":{"line":66,"column":6}},"36":{"start":{"line":57,"column":24},"end":{"line":57,"column":35}},"37":{"start":{"line":58,"column":8},"end":{"line":65,"column":9}},"38":{"start":{"line":59,"column":12},"end":{"line":59,"column":68}},"39":{"start":{"line":60,"column":12},"end":{"line":60,"column":58}},"40":{"start":{"line":62,"column":12},"end":{"line":62,"column":34}},"41":{"start":{"line":63,"column":12},"end":{"line":63,"column":52}},"42":{"start":{"line":64,"column":12},"end":{"line":64,"column":71}},"43":{"start":{"line":67,"column":4},"end":{"line":77,"column":6}},"44":{"start":{"line":69,"column":8},"end":{"line":76,"column":9}},"45":{"start":{"line":70,"column":12},"end":{"line":70,"column":66}},"46":{"start":{"line":71,"column":12},"end":{"line":71,"column":58}},"47":{"start":{"line":73,"column":12},"end":{"line":73,"column":34}},"48":{"start":{"line":74,"column":12},"end":{"line":74,"column":52}},"49":{"start":{"line":75,"column":12},"end":{"line":75,"column":70}},"50":{"start":{"line":79,"column":4},"end":{"line":90,"column":6}},"51":{"start":{"line":80,"column":8},"end":{"line":80,"column":43}},"52":{"start":{"line":82,"column":8},"end":{"line":89,"column":9}},"53":{"start":{"line":83,"column":12},"end":{"line":83,"column":67}},"54":{"start":{"line":84,"column":12},"end":{"line":84,"column":58}},"55":{"start":{"line":86,"column":12},"end":{"line":86,"column":34}},"56":{"start":{"line":87,"column":12},"end":{"line":87,"column":52}},"57":{"start":{"line":88,"column":12},"end":{"line":88,"column":83}},"58":{"start":{"line":93,"column":4},"end":{"line":109,"column":6}},"59":{"start":{"line":94,"column":8},"end":{"line":96,"column":54}},"60":{"start":{"line":95,"column":12},"end":{"line":95,"column":59}},"61":{"start":{"line":97,"column":8},"end":{"line":99,"column":53}},"62":{"start":{"line":98,"column":12},"end":{"line":98,"column":59}},"63":{"start":{"line":100,"column":8},"end":{"line":102,"column":53}},"64":{"start":{"line":101,"column":12},"end":{"line":101,"column":56}},"65":{"start":{"line":103,"column":8},"end":{"line":105,"column":50}},"66":{"start":{"line":104,"column":12},"end":{"line":104,"column":58}},"67":{"start":{"line":106,"column":8},"end":{"line":108,"column":54}},"68":{"start":{"line":107,"column":12},"end":{"line":107,"column":57}},"69":{"start":{"line":111,"column":4},"end":{"line":120,"column":6}},"70":{"start":{"line":113,"column":8},"end":{"line":115,"column":58}},"71":{"start":{"line":114,"column":12},"end":{"line":114,"column":57}},"72":{"start":{"line":116,"column":8},"end":{"line":118,"column":58}},"73":{"start":{"line":117,"column":12},"end":{"line":117,"column":55}},"74":{"start":{"line":122,"column":4},"end":{"line":124,"column":6}},"75":{"start":{"line":123,"column":8},"end":{"line":123,"column":31}},"76":{"start":{"line":126,"column":4},"end":{"line":128,"column":6}},"77":{"start":{"line":127,"column":8},"end":{"line":127,"column":36}}},"fnMap":{"0":{"name":"(anonymous_0)","decl":{"start":{"line":14,"column":24},"end":{"line":14,"column":25}},"loc":{"start":{"line":14,"column":30},"end":{"line":129,"column":1}},"line":14},"1":{"name":"(anonymous_1)","decl":{"start":{"line":19,"column":12},"end":{"line":19,"column":13}},"loc":{"start":{"line":19,"column":23},"end":{"line":22,"column":5}},"line":19},"2":{"name":"(anonymous_2)","decl":{"start":{"line":24,"column":15},"end":{"line":24,"column":16}},"loc":{"start":{"line":24,"column":26},"end":{"line":37,"column":5}},"line":24},"3":{"name":"(anonymous_3)","decl":{"start":{"line":39,"column":42},"end":{"line":39,"column":43}},"loc":{"start":{"line":39,"column":53},"end":{"line":54,"column":5}},"line":39},"4":{"name":"(anonymous_4)","decl":{"start":{"line":56,"column":51},"end":{"line":56,"column":52}},"loc":{"start":{"line":56,"column":63},"end":{"line":66,"column":5}},"line":56},"5":{"name":"(anonymous_5)","decl":{"start":{"line":67,"column":47},"end":{"line":67,"column":48}},"loc":{"start":{"line":67,"column":59},"end":{"line":77,"column":5}},"line":67},"6":{"name":"(anonymous_6)","decl":{"start":{"line":79,"column":43},"end":{"line":79,"column":44}},"loc":{"start":{"line":79,"column":55},"end":{"line":90,"column":5}},"line":79},"7":{"name":"(anonymous_7)","decl":{"start":{"line":93,"column":42},"end":{"line":93,"column":43}},"loc":{"start":{"line":93,"column":48},"end":{"line":109,"column":5}},"line":93},"8":{"name":"(anonymous_8)","decl":{"start":{"line":94,"column":15},"end":{"line":94,"column":16}},"loc":{"start":{"line":94,"column":21},"end":{"line":96,"column":9}},"line":94},"9":{"name":"(anonymous_9)","decl":{"start":{"line":97,"column":15},"end":{"line":97,"column":16}},"loc":{"start":{"line":97,"column":21},"end":{"line":99,"column":9}},"line":97},"10":{"name":"(anonymous_10)","decl":{"start":{"line":100,"column":15},"end":{"line":100,"column":16}},"loc":{"start":{"line":100,"column":21},"end":{"line":102,"column":9}},"line":100},"11":{"name":"(anonymous_11)","decl":{"start":{"line":103,"column":15},"end":{"line":103,"column":16}},"loc":{"start":{"line":103,"column":21},"end":{"line":105,"column":9}},"line":103},"12":{"name":"(anonymous_12)","decl":{"start":{"line":106,"column":15},"end":{"line":106,"column":16}},"loc":{"start":{"line":106,"column":21},"end":{"line":108,"column":9}},"line":106},"13":{"name":"(anonymous_13)","decl":{"start":{"line":111,"column":43},"end":{"line":111,"column":44}},"loc":{"start":{"line":111,"column":49},"end":{"line":120,"column":5}},"line":111},"14":{"name":"(anonymous_14)","decl":{"start":{"line":113,"column":15},"end":{"line":113,"column":16}},"loc":{"start":{"line":113,"column":21},"end":{"line":115,"column":9}},"line":113},"15":{"name":"(anonymous_15)","decl":{"start":{"line":116,"column":15},"end":{"line":116,"column":16}},"loc":{"start":{"line":116,"column":21},"end":{"line":118,"column":9}},"line":116},"16":{"name":"(anonymous_16)","decl":{"start":{"line":122,"column":14},"end":{"line":122,"column":15}},"loc":{"start":{"line":122,"column":25},"end":{"line":124,"column":5}},"line":122},"17":{"name":"(anonymous_17)","decl":{"start":{"line":126,"column":11},"end":{"line":126,"column":12}},"loc":{"start":{"line":126,"column":22},"end":{"line":128,"column":5}},"line":126}},"branchMap":{},"s":{"0":1,"1":1,"2":1,"3":1,"4":1,"5":1,"6":1,"7":1,"8":1,"9":1,"10":1,"11":1,"12":1,"13":1,"14":6,"15":6,"16":6,"17":6,"18":6,"19":6,"20":6,"21":6,"22":6,"23":6,"24":1,"25":1,"26":1,"27":1,"28":1,"29":1,"30":1,"31":1,"32":1,"33":1,"34":1,"35":1,"36":1,"37":1,"38":1,"39":0,"40":1,"41":1,"42":1,"43":1,"44":1,"45":1,"46":0,"47":1,"48":1,"49":1,"50":1,"51":1,"52":1,"53":1,"54":0,"55":1,"56":1,"57":1,"58":1,"59":1,"60":1,"61":1,"62":1,"63":1,"64":1,"65":1,"66":1,"67":1,"68":1,"69":1,"70":1,"71":1,"72":1,"73":1,"74":1,"75":6,"76":1,"77":1},"f":{"0":1,"1":1,"2":6,"3":1,"4":1,"5":1,"6":1,"7":1,"8":1,"9":1,"10":1,"11":1,"12":1,"13":1,"14":1,"15":1,"16":6,"17":1},"b":{},"_coverageSchema":"1a1c01bbd47fc00a2c39e90264f33305004495a9","hash":"ef7debd29907102c56b03bfcc6c0ba5190800dbc","contentHash":"a7ff793c79728f91a647ba01a7509822cc7c3368b036be08f467ec838539cf7a"},"/Users/sergioluis/bootcamp/collab/skylab-bootcamp-202004/staff/sergio-luis/books/books-server-logic/update-user.js":{"path":"/Users/sergioluis/bootcamp/collab/skylab-bootcamp-202004/staff/sergio-luis/books/books-server-logic/update-user.js","statementMap":{"0":{"start":{"line":19,"column":0},"end":{"line":19,"column":41}},"1":{"start":{"line":20,"column":0},"end":{"line":20,"column":41}},"2":{"start":{"line":22,"column":75},"end":{"line":22,"column":99}},"3":{"start":{"line":23,"column":29},"end":{"line":23,"column":50}},"4":{"start":{"line":24,"column":15},"end":{"line":24,"column":34}},"5":{"start":{"line":26,"column":0},"end":{"line":52,"column":1}},"6":{"start":{"line":28,"column":4},"end":{"line":28,"column":35}},"7":{"start":{"line":29,"column":4},"end":{"line":29,"column":41}},"8":{"start":{"line":29,"column":12},"end":{"line":29,"column":41}},"9":{"start":{"line":30,"column":4},"end":{"line":30,"column":48}},"10":{"start":{"line":30,"column":16},"end":{"line":30,"column":48}},"11":{"start":{"line":31,"column":4},"end":{"line":31,"column":35}},"12":{"start":{"line":31,"column":14},"end":{"line":31,"column":35}},"13":{"start":{"line":32,"column":4},"end":{"line":32,"column":37}},"14":{"start":{"line":35,"column":4},"end":{"line":51,"column":8}},"15":{"start":{"line":36,"column":21},"end":{"line":36,"column":48}},"16":{"start":{"line":37,"column":8},"end":{"line":37,"column":87}},"17":{"start":{"line":37,"column":19},"end":{"line":37,"column":87}},"18":{"start":{"line":39,"column":23},"end":{"line":39,"column":68}},"19":{"start":{"line":40,"column":8},"end":{"line":40,"column":74}},"20":{"start":{"line":40,"column":19},"end":{"line":40,"column":74}},"21":{"start":{"line":42,"column":7},"end":{"line":46,"column":8}},"22":{"start":{"line":43,"column":28},"end":{"line":43,"column":52}},"23":{"start":{"line":44,"column":11},"end":{"line":44,"column":19}},"24":{"start":{"line":45,"column":12},"end":{"line":45,"column":81}},"25":{"start":{"line":45,"column":37},"end":{"line":45,"column":81}},"26":{"start":{"line":48,"column":7},"end":{"line":48,"column":68}},"27":{"start":{"line":48,"column":16},"end":{"line":48,"column":68}},"28":{"start":{"line":49,"column":7},"end":{"line":49,"column":74}},"29":{"start":{"line":49,"column":19},"end":{"line":49,"column":74}},"30":{"start":{"line":50,"column":7},"end":{"line":50,"column":70}},"31":{"start":{"line":50,"column":17},"end":{"line":50,"column":70}}},"fnMap":{"0":{"name":"(anonymous_0)","decl":{"start":{"line":26,"column":17},"end":{"line":26,"column":18}},"loc":{"start":{"line":26,"column":57},"end":{"line":52,"column":1}},"line":26},"1":{"name":"(anonymous_1)","decl":{"start":{"line":35,"column":12},"end":{"line":35,"column":13}},"loc":{"start":{"line":35,"column":23},"end":{"line":51,"column":5}},"line":35}},"branchMap":{"0":{"loc":{"start":{"line":29,"column":4},"end":{"line":29,"column":41}},"type":"if","locations":[{"start":{"line":29,"column":4},"end":{"line":29,"column":41}},{"start":{"line":29,"column":4},"end":{"line":29,"column":41}}],"line":29},"1":{"loc":{"start":{"line":30,"column":4},"end":{"line":30,"column":48}},"type":"if","locations":[{"start":{"line":30,"column":4},"end":{"line":30,"column":48}},{"start":{"line":30,"column":4},"end":{"line":30,"column":48}}],"line":30},"2":{"loc":{"start":{"line":31,"column":4},"end":{"line":31,"column":35}},"type":"if","locations":[{"start":{"line":31,"column":4},"end":{"line":31,"column":35}},{"start":{"line":31,"column":4},"end":{"line":31,"column":35}}],"line":31},"3":{"loc":{"start":{"line":37,"column":8},"end":{"line":37,"column":87}},"type":"if","locations":[{"start":{"line":37,"column":8},"end":{"line":37,"column":87}},{"start":{"line":37,"column":8},"end":{"line":37,"column":87}}],"line":37},"4":{"loc":{"start":{"line":40,"column":8},"end":{"line":40,"column":74}},"type":"if","locations":[{"start":{"line":40,"column":8},"end":{"line":40,"column":74}},{"start":{"line":40,"column":8},"end":{"line":40,"column":74}}],"line":40},"5":{"loc":{"start":{"line":42,"column":7},"end":{"line":46,"column":8}},"type":"if","locations":[{"start":{"line":42,"column":7},"end":{"line":46,"column":8}},{"start":{"line":42,"column":7},"end":{"line":46,"column":8}}],"line":42},"6":{"loc":{"start":{"line":45,"column":12},"end":{"line":45,"column":81}},"type":"if","locations":[{"start":{"line":45,"column":12},"end":{"line":45,"column":81}},{"start":{"line":45,"column":12},"end":{"line":45,"column":81}}],"line":45},"7":{"loc":{"start":{"line":48,"column":7},"end":{"line":48,"column":68}},"type":"if","locations":[{"start":{"line":48,"column":7},"end":{"line":48,"column":68}},{"start":{"line":48,"column":7},"end":{"line":48,"column":68}}],"line":48},"8":{"loc":{"start":{"line":49,"column":7},"end":{"line":49,"column":74}},"type":"if","locations":[{"start":{"line":49,"column":7},"end":{"line":49,"column":74}},{"start":{"line":49,"column":7},"end":{"line":49,"column":74}}],"line":49},"9":{"loc":{"start":{"line":50,"column":7},"end":{"line":50,"column":70}},"type":"if","locations":[{"start":{"line":50,"column":7},"end":{"line":50,"column":70}},{"start":{"line":50,"column":7},"end":{"line":50,"column":70}}],"line":50}},"s":{"0":1,"1":1,"2":1,"3":1,"4":1,"5":1,"6":11,"7":9,"8":9,"9":8,"10":8,"11":7,"12":7,"13":6,"14":4,"15":4,"16":4,"17":1,"18":3,"19":3,"20":1,"21":2,"22":2,"23":2,"24":2,"25":1,"26":1,"27":1,"28":1,"29":1,"30":1,"31":1},"f":{"0":11,"1":4},"b":{"0":[9,0],"1":[8,0],"2":[7,0],"3":[1,3],"4":[1,2],"5":[2,0],"6":[1,1],"7":[1,0],"8":[1,0],"9":[1,0]},"_coverageSchema":"1a1c01bbd47fc00a2c39e90264f33305004495a9","hash":"fc72cbabc5dcc007e83f2a02ec0ddca17b2aa828","contentHash":"f3c3a51ea6f9d52001762a30d5ea38c0df834f494d5542446d56f9aab7aef9d7"}}