TN:
SF:accepted-share-book.js
FN:21,(anonymous_0)
FN:28,(anonymous_1)
FNF:2
FNH:2
FNDA:11,(anonymous_0)
FNDA:5,(anonymous_1)
DA:16,1
DA:18,1
DA:19,1
DA:21,1
DA:22,11
DA:23,9
DA:24,7
DA:26,5
DA:28,5
DA:29,5
DA:35,5
DA:36,4
DA:37,3
DA:40,2
DA:42,2
DA:44,1
LF:16
LH:16
BRDA:26,0,0,0
BRDA:26,0,1,5
BRDA:35,1,0,1
BRDA:35,1,1,4
BRDA:36,2,0,1
BRDA:36,2,1,3
BRDA:37,3,0,1
BRDA:37,3,1,2
BRDA:42,4,0,1
BRDA:42,4,1,1
BRF:10
BRH:9
end_of_record
TN:
SF:accepted-share-book.spec.js
FN:14,(anonymous_0)
FN:19,(anonymous_1)
FN:24,(anonymous_2)
FN:51,(anonymous_3)
FN:61,(anonymous_4)
FN:75,(anonymous_5)
FN:88,(anonymous_6)
FN:100,(anonymous_7)
FN:114,(anonymous_8)
FN:115,(anonymous_9)
FN:118,(anonymous_10)
FN:121,(anonymous_11)
FN:126,(anonymous_12)
FN:127,(anonymous_13)
FN:130,(anonymous_14)
FN:133,(anonymous_15)
FN:138,(anonymous_16)
FN:142,(anonymous_17)
FNF:18
FNH:18
FNDA:1,(anonymous_0)
FNDA:1,(anonymous_1)
FNDA:7,(anonymous_2)
FNDA:1,(anonymous_3)
FNDA:1,(anonymous_4)
FNDA:1,(anonymous_5)
FNDA:1,(anonymous_6)
FNDA:1,(anonymous_7)
FNDA:1,(anonymous_8)
FNDA:1,(anonymous_9)
FNDA:1,(anonymous_10)
FNDA:1,(anonymous_11)
FNDA:1,(anonymous_12)
FNDA:1,(anonymous_13)
FNDA:1,(anonymous_14)
FNDA:1,(anonymous_15)
FNDA:7,(anonymous_16)
FNDA:1,(anonymous_17)
DA:1,1
DA:3,1
DA:4,1
DA:5,1
DA:6,1
DA:8,1
DA:10,1
DA:11,1
DA:12,1
DA:14,1
DA:19,1
DA:20,1
DA:21,1
DA:24,1
DA:25,7
DA:26,7
DA:27,7
DA:28,7
DA:29,7
DA:31,7
DA:32,7
DA:34,7
DA:35,7
DA:36,7
DA:37,7
DA:38,7
DA:40,7
DA:41,7
DA:43,7
DA:44,7
DA:45,7
DA:46,7
DA:47,7
DA:51,1
DA:52,1
DA:54,1
DA:56,1
DA:57,1
DA:58,1
DA:61,1
DA:63,1
DA:64,1
DA:65,0
DA:67,1
DA:68,1
DA:69,1
DA:75,1
DA:76,1
DA:78,1
DA:79,1
DA:80,0
DA:82,1
DA:83,1
DA:84,1
DA:88,1
DA:89,1
DA:91,1
DA:92,1
DA:93,0
DA:95,1
DA:96,1
DA:97,1
DA:100,1
DA:101,1
DA:103,1
DA:104,1
DA:105,0
DA:107,1
DA:108,1
DA:109,1
DA:114,1
DA:115,1
DA:116,1
DA:118,1
DA:119,1
DA:121,1
DA:122,1
DA:126,1
DA:127,1
DA:128,1
DA:130,1
DA:131,1
DA:133,1
DA:134,1
DA:138,1
DA:139,7
DA:142,1
DA:143,1
DA:144,1
LF:89
LH:85
BRF:0
BRH:0
end_of_record
TN:
SF:add-requested-book.js
FN:20,(anonymous_0)
FN:25,(anonymous_1)
FNF:2
FNH:2
FNDA:8,(anonymous_0)
FNDA:4,(anonymous_1)
DA:15,1
DA:17,1
DA:18,1
DA:20,1
DA:22,8
DA:23,6
DA:25,4
DA:26,4
DA:31,4
DA:32,3
DA:35,2
DA:37,2
DA:39,1
LF:13
LH:13
BRDA:31,0,0,1
BRDA:31,0,1,3
BRDA:32,1,0,1
BRDA:32,1,1,2
BRDA:37,2,0,1
BRDA:37,2,1,1
BRF:6
BRH:6
end_of_record
TN:
SF:add-requested-book.spec.js
FN:14,(anonymous_0)
FN:19,(anonymous_1)
FN:24,(anonymous_2)
FN:51,(anonymous_3)
FN:58,(anonymous_4)
FN:63,(anonymous_5)
FN:79,(anonymous_6)
FN:92,(anonymous_7)
FN:106,(anonymous_8)
FN:107,(anonymous_9)
FN:110,(anonymous_10)
FN:115,(anonymous_11)
FN:116,(anonymous_12)
FN:119,(anonymous_13)
FN:124,(anonymous_14)
FN:128,(anonymous_15)
FNF:16
FNH:16
FNDA:1,(anonymous_0)
FNDA:1,(anonymous_1)
FNDA:6,(anonymous_2)
FNDA:1,(anonymous_3)
FNDA:1,(anonymous_4)
FNDA:1,(anonymous_5)
FNDA:1,(anonymous_6)
FNDA:1,(anonymous_7)
FNDA:1,(anonymous_8)
FNDA:1,(anonymous_9)
FNDA:1,(anonymous_10)
FNDA:1,(anonymous_11)
FNDA:1,(anonymous_12)
FNDA:1,(anonymous_13)
FNDA:6,(anonymous_14)
FNDA:1,(anonymous_15)
DA:1,1
DA:3,1
DA:4,1
DA:5,1
DA:6,1
DA:8,1
DA:10,1
DA:11,1
DA:12,1
DA:14,1
DA:19,1
DA:20,1
DA:21,1
DA:24,1
DA:25,6
DA:26,6
DA:27,6
DA:28,6
DA:29,6
DA:31,6
DA:32,6
DA:34,6
DA:35,6
DA:36,6
DA:37,6
DA:38,6
DA:40,6
DA:41,6
DA:43,6
DA:44,6
DA:45,6
DA:46,6
DA:47,6
DA:51,1
DA:52,1
DA:54,1
DA:56,1
DA:58,1
DA:59,1
DA:63,1
DA:64,1
DA:65,1
DA:66,1
DA:67,1
DA:68,1
DA:70,1
DA:71,1
DA:73,1
DA:74,1
DA:75,1
DA:79,1
DA:80,1
DA:82,1
DA:83,1
DA:84,0
DA:86,1
DA:87,1
DA:88,1
DA:92,1
DA:93,1
DA:95,1
DA:96,1
DA:97,0
DA:99,1
DA:100,1
DA:101,1
DA:106,1
DA:107,1
DA:108,1
DA:110,1
DA:111,1
DA:115,1
DA:116,1
DA:117,1
DA:119,1
DA:120,1
DA:124,1
DA:125,6
DA:128,1
DA:129,1
DA:130,1
LF:81
LH:79
BRF:0
BRH:0
end_of_record
TN:
SF:add-score.js
FN:22,(anonymous_0)
FN:32,(anonymous_1)
FN:41,(anonymous_2)
FN:49,(anonymous_3)
FNF:4
FNH:4
FNDA:15,(anonymous_0)
FNDA:7,(anonymous_1)
FNDA:2,(anonymous_2)
FNDA:1,(anonymous_3)
DA:16,1
DA:17,1
DA:19,1
DA:20,1
DA:22,1
DA:24,15
DA:25,13
DA:26,11
DA:28,9
DA:30,8
DA:32,7
DA:33,7
DA:38,7
DA:39,6
DA:41,5
DA:43,5
DA:45,4
DA:47,4
DA:49,4
DA:51,4
LF:20
LH:20
BRDA:28,0,0,1
BRDA:28,0,1,8
BRDA:30,1,0,1
BRDA:30,1,1,7
BRDA:38,2,0,1
BRDA:38,2,1,6
BRDA:39,3,0,1
BRDA:39,3,1,5
BRDA:43,4,0,1
BRDA:43,4,1,4
BRDA:49,5,0,3
BRDA:49,5,1,1
BRF:12
BRH:12
end_of_record
TN:
SF:add-score.spec.js
FN:14,(anonymous_0)
FN:20,(anonymous_1)
FN:25,(anonymous_2)
FN:57,(anonymous_3)
FN:71,(anonymous_4)
FN:83,(anonymous_5)
FN:100,(anonymous_6)
FN:112,(anonymous_7)
FN:124,(anonymous_8)
FN:137,(anonymous_9)
FN:151,(anonymous_10)
FN:152,(anonymous_11)
FN:155,(anonymous_12)
FN:158,(anonymous_13)
FN:163,(anonymous_14)
FN:164,(anonymous_15)
FN:168,(anonymous_16)
FN:173,(anonymous_17)
FN:178,(anonymous_18)
FN:182,(anonymous_19)
FNF:20
FNH:20
FNDA:1,(anonymous_0)
FNDA:1,(anonymous_1)
FNDA:9,(anonymous_2)
FNDA:1,(anonymous_3)
FNDA:1,(anonymous_4)
FNDA:1,(anonymous_5)
FNDA:1,(anonymous_6)
FNDA:1,(anonymous_7)
FNDA:1,(anonymous_8)
FNDA:1,(anonymous_9)
FNDA:1,(anonymous_10)
FNDA:1,(anonymous_11)
FNDA:1,(anonymous_12)
FNDA:1,(anonymous_13)
FNDA:1,(anonymous_14)
FNDA:1,(anonymous_15)
FNDA:1,(anonymous_16)
FNDA:1,(anonymous_17)
FNDA:9,(anonymous_18)
FNDA:1,(anonymous_19)
DA:1,1
DA:3,1
DA:4,1
DA:5,1
DA:6,1
DA:8,1
DA:10,1
DA:11,1
DA:12,1
DA:14,1
DA:20,1
DA:21,1
DA:22,1
DA:25,1
DA:26,9
DA:27,9
DA:28,9
DA:29,9
DA:30,9
DA:32,9
DA:33,9
DA:35,9
DA:36,9
DA:37,9
DA:38,9
DA:39,9
DA:41,9
DA:42,9
DA:44,9
DA:45,9
DA:46,9
DA:47,9
DA:48,9
DA:50,9
DA:51,9
DA:54,9
DA:57,1
DA:58,1
DA:59,1
DA:61,1
DA:63,1
DA:65,1
DA:66,1
DA:67,1
DA:71,1
DA:72,1
DA:74,1
DA:75,1
DA:77,1
DA:79,1
DA:83,1
DA:84,1
DA:86,1
DA:87,1
DA:88,1
DA:90,0
DA:92,1
DA:93,1
DA:94,1
DA:100,1
DA:101,1
DA:103,1
DA:104,1
DA:105,0
DA:107,1
DA:108,1
DA:109,1
DA:112,1
DA:114,1
DA:115,1
DA:116,0
DA:118,1
DA:119,1
DA:120,1
DA:124,1
DA:125,1
DA:127,1
DA:128,1
DA:129,0
DA:131,1
DA:132,1
DA:133,1
DA:137,1
DA:138,1
DA:140,1
DA:141,1
DA:142,0
DA:144,1
DA:145,1
DA:146,1
DA:151,1
DA:152,1
DA:153,1
DA:155,1
DA:156,1
DA:158,1
DA:159,1
DA:163,1
DA:164,1
DA:165,1
DA:168,1
DA:169,1
DA:172,1
DA:173,1
DA:174,1
DA:178,1
DA:179,9
DA:182,1
DA:183,1
DA:184,1
LF:110
LH:105
BRF:0
BRH:0
end_of_record
TN:
SF:authenticate-user.js
FN:22,(anonymous_0)
FN:30,(anonymous_1)
FN:34,(anonymous_2)
FNF:3
FNH:3
FNDA:9,(anonymous_0)
FNDA:3,(anonymous_1)
FNDA:2,(anonymous_2)
DA:17,1
DA:18,1
DA:19,1
DA:20,1
DA:22,1
DA:23,9
DA:24,7
DA:25,5
DA:26,4
DA:29,3
DA:31,3
DA:33,2
DA:35,2
DA:37,1
LF:14
LH:14
BRDA:31,0,0,1
BRDA:31,0,1,2
BRDA:35,1,0,1
BRDA:35,1,1,1
BRF:4
BRH:4
end_of_record
TN:
SF:authenticate-user.spec.js
FN:13,(anonymous_0)
FN:14,(anonymous_1)
FN:18,(anonymous_2)
FN:20,(anonymous_3)
FN:28,(anonymous_4)
FN:31,(anonymous_5)
FN:32,(anonymous_6)
FN:34,(anonymous_7)
FN:37,(anonymous_8)
FN:39,(anonymous_9)
FN:42,(anonymous_10)
FN:46,(anonymous_11)
FN:47,(anonymous_12)
FN:54,(anonymous_13)
FN:56,(anonymous_14)
FN:57,(anonymous_15)
FN:63,(anonymous_16)
FN:64,(anonymous_17)
FN:65,(anonymous_18)
FN:69,(anonymous_19)
FN:74,(anonymous_20)
FN:75,(anonymous_21)
FN:79,(anonymous_22)
FN:85,(anonymous_23)
FN:88,(anonymous_24)
FN:93,(anonymous_25)
FN:96,(anonymous_26)
FN:103,(anonymous_27)
FN:105,(anonymous_28)
FNF:29
FNH:27
FNDA:1,(anonymous_0)
FNDA:1,(anonymous_1)
FNDA:7,(anonymous_2)
FNDA:7,(anonymous_3)
FNDA:7,(anonymous_4)
FNDA:1,(anonymous_5)
FNDA:2,(anonymous_6)
FNDA:2,(anonymous_7)
FNDA:1,(anonymous_8)
FNDA:1,(anonymous_9)
FNDA:1,(anonymous_10)
FNDA:0,(anonymous_11)
FNDA:1,(anonymous_12)
FNDA:1,(anonymous_13)
FNDA:0,(anonymous_14)
FNDA:1,(anonymous_15)
FNDA:1,(anonymous_16)
FNDA:1,(anonymous_17)
FNDA:1,(anonymous_18)
FNDA:1,(anonymous_19)
FNDA:1,(anonymous_20)
FNDA:1,(anonymous_21)
FNDA:1,(anonymous_22)
FNDA:1,(anonymous_23)
FNDA:1,(anonymous_24)
FNDA:1,(anonymous_25)
FNDA:1,(anonymous_26)
FNDA:7,(anonymous_27)
FNDA:1,(anonymous_28)
DA:1,1
DA:3,1
DA:5,1
DA:6,1
DA:7,1
DA:8,1
DA:9,1
DA:10,1
DA:11,1
DA:13,1
DA:14,1
DA:18,1
DA:19,7
DA:21,7
DA:22,7
DA:23,7
DA:24,7
DA:26,7
DA:28,7
DA:31,1
DA:32,1
DA:33,2
DA:34,2
DA:37,1
DA:38,1
DA:39,1
DA:42,1
DA:43,1
DA:45,1
DA:46,0
DA:48,1
DA:49,1
DA:54,1
DA:55,1
DA:56,0
DA:58,1
DA:59,1
DA:63,1
DA:64,1
DA:65,1
DA:66,1
DA:69,1
DA:70,1
DA:74,1
DA:75,1
DA:76,1
DA:79,1
DA:80,1
DA:85,1
DA:86,1
DA:88,1
DA:89,1
DA:93,1
DA:94,1
DA:96,1
DA:97,1
DA:103,7
DA:105,1
DA:106,1
LF:59
LH:57
BRF:0
BRH:0
end_of_record
TN:
SF:calculate-distance-book.js
FN:20,(anonymous_0)
FN:27,(anonymous_1)
FNF:2
FNH:2
FNDA:14,(anonymous_0)
FNDA:8,(anonymous_1)
DA:15,1
DA:17,1
DA:18,1
DA:20,1
DA:21,14
DA:22,12
DA:23,10
DA:25,8
DA:27,8
DA:28,8
DA:34,8
DA:35,7
DA:36,6
DA:38,5
DA:39,5
DA:41,5
DA:42,4
DA:44,3
DA:45,3
DA:46,3
DA:47,3
DA:48,3
DA:50,3
DA:53,3
DA:55,3
DA:57,3
LF:26
LH:26
BRDA:25,0,0,0
BRDA:25,0,1,8
BRDA:34,1,0,1
BRDA:34,1,1,7
BRDA:35,2,0,1
BRDA:35,2,1,6
BRDA:36,3,0,1
BRDA:36,3,1,5
BRDA:41,4,0,1
BRDA:41,4,1,4
BRDA:41,5,0,5
BRDA:41,5,1,4
BRDA:42,6,0,1
BRDA:42,6,1,3
BRDA:42,7,0,4
BRDA:42,7,1,3
BRF:16
BRH:15
end_of_record
TN:
SF:calculate-distance-book.spec.js
FN:14,(anonymous_0)
FN:21,(anonymous_1)
FN:26,(anonymous_2)
FN:61,(anonymous_3)
FN:69,(anonymous_4)
FN:85,(anonymous_5)
FN:97,(anonymous_6)
FN:109,(anonymous_7)
FN:121,(anonymous_8)
FN:133,(anonymous_9)
FN:147,(anonymous_10)
FN:148,(anonymous_11)
FN:151,(anonymous_12)
FN:154,(anonymous_13)
FN:159,(anonymous_14)
FN:160,(anonymous_15)
FN:163,(anonymous_16)
FN:166,(anonymous_17)
FN:171,(anonymous_18)
FN:175,(anonymous_19)
FNF:20
FNH:20
FNDA:1,(anonymous_0)
FNDA:1,(anonymous_1)
FNDA:9,(anonymous_2)
FNDA:1,(anonymous_3)
FNDA:1,(anonymous_4)
FNDA:1,(anonymous_5)
FNDA:1,(anonymous_6)
FNDA:1,(anonymous_7)
FNDA:1,(anonymous_8)
FNDA:1,(anonymous_9)
FNDA:1,(anonymous_10)
FNDA:1,(anonymous_11)
FNDA:1,(anonymous_12)
FNDA:1,(anonymous_13)
FNDA:1,(anonymous_14)
FNDA:1,(anonymous_15)
FNDA:1,(anonymous_16)
FNDA:1,(anonymous_17)
FNDA:9,(anonymous_18)
FNDA:1,(anonymous_19)
DA:1,1
DA:3,1
DA:4,1
DA:5,1
DA:6,1
DA:8,1
DA:10,1
DA:11,1
DA:12,1
DA:14,1
DA:21,1
DA:22,1
DA:23,1
DA:26,1
DA:27,9
DA:28,9
DA:29,9
DA:30,9
DA:31,9
DA:33,9
DA:34,9
DA:36,9
DA:37,9
DA:38,9
DA:39,9
DA:40,9
DA:42,9
DA:43,9
DA:45,9
DA:46,9
DA:47,9
DA:48,9
DA:49,9
DA:51,9
DA:52,9
DA:53,9
DA:54,9
DA:56,9
DA:57,9
DA:61,1
DA:62,1
DA:64,1
DA:66,1
DA:67,1
DA:69,1
DA:70,1
DA:72,1
DA:74,1
DA:75,1
DA:77,1
DA:78,1
DA:80,1
DA:81,1
DA:85,1
DA:86,1
DA:87,1
DA:88,1
DA:89,0
DA:91,1
DA:92,1
DA:93,1
DA:97,1
DA:98,1
DA:100,1
DA:101,1
DA:102,0
DA:104,1
DA:105,1
DA:106,1
DA:109,1
DA:110,1
DA:112,1
DA:113,1
DA:114,0
DA:116,1
DA:117,1
DA:118,1
DA:121,1
DA:122,1
DA:124,1
DA:125,1
DA:126,0
DA:128,1
DA:129,1
DA:130,1
DA:133,1
DA:134,1
DA:136,1
DA:137,1
DA:138,0
DA:140,1
DA:141,1
DA:142,1
DA:147,1
DA:148,1
DA:149,1
DA:151,1
DA:152,1
DA:154,1
DA:155,1
DA:159,1
DA:160,1
DA:161,1
DA:163,1
DA:164,1
DA:166,1
DA:167,1
DA:171,1
DA:172,9
DA:175,1
DA:176,1
DA:177,1
LF:112
LH:107
BRF:0
BRH:0
end_of_record
TN:
SF:create-book.js
FN:23,(anonymous_0)
FN:31,(anonymous_1)
FNF:2
FNH:2
FNDA:10,(anonymous_0)
FNDA:2,(anonymous_1)
DA:17,1
DA:18,1
DA:19,1
DA:20,1
DA:23,1
DA:25,10
DA:26,8
DA:27,6
DA:28,4
DA:31,2
DA:32,2
DA:34,2
DA:36,1
DA:46,1
LF:14
LH:14
BRDA:34,0,0,1
BRDA:34,0,1,1
BRF:2
BRH:2
end_of_record
TN:
SF:create-book.spec.js
FN:14,(anonymous_0)
FN:18,(anonymous_1)
FN:23,(anonymous_2)
FN:39,(anonymous_3)
FN:40,(anonymous_4)
FN:58,(anonymous_5)
FN:73,(anonymous_6)
FN:75,(anonymous_7)
FN:76,(anonymous_8)
FN:79,(anonymous_9)
FN:82,(anonymous_10)
FN:85,(anonymous_11)
FN:90,(anonymous_12)
FN:91,(anonymous_13)
FN:94,(anonymous_14)
FN:97,(anonymous_15)
FN:100,(anonymous_16)
FN:108,(anonymous_17)
FN:113,(anonymous_18)
FNF:19
FNH:19
FNDA:1,(anonymous_0)
FNDA:1,(anonymous_1)
FNDA:4,(anonymous_2)
FNDA:1,(anonymous_3)
FNDA:1,(anonymous_4)
FNDA:1,(anonymous_5)
FNDA:1,(anonymous_6)
FNDA:1,(anonymous_7)
FNDA:1,(anonymous_8)
FNDA:1,(anonymous_9)
FNDA:1,(anonymous_10)
FNDA:1,(anonymous_11)
FNDA:1,(anonymous_12)
FNDA:1,(anonymous_13)
FNDA:1,(anonymous_14)
FNDA:1,(anonymous_15)
FNDA:1,(anonymous_16)
FNDA:4,(anonymous_17)
FNDA:1,(anonymous_18)
DA:1,1
DA:3,1
DA:4,1
DA:5,1
DA:6,1
DA:8,1
DA:10,1
DA:11,1
DA:12,1
DA:14,1
DA:18,1
DA:19,1
DA:20,1
DA:23,1
DA:24,4
DA:25,4
DA:26,4
DA:27,4
DA:28,4
DA:30,4
DA:31,4
DA:33,4
DA:34,4
DA:35,4
DA:36,4
DA:39,1
DA:40,1
DA:41,1
DA:43,1
DA:45,1
DA:46,1
DA:47,1
DA:48,1
DA:49,1
DA:50,1
DA:51,1
DA:52,1
DA:53,1
DA:54,1
DA:55,1
DA:58,1
DA:59,1
DA:61,1
DA:62,1
DA:63,0
DA:65,1
DA:66,1
DA:67,1
DA:73,1
DA:75,1
DA:76,1
DA:77,1
DA:79,1
DA:80,1
DA:82,1
DA:83,1
DA:85,1
DA:86,1
DA:90,1
DA:91,1
DA:92,1
DA:94,1
DA:95,1
DA:97,1
DA:98,1
DA:100,1
DA:101,1
DA:108,1
DA:109,4
DA:110,4
DA:113,1
DA:114,1
LF:72
LH:71
BRF:0
BRH:0
end_of_record
TN:
SF:delete-book.js
FN:19,(anonymous_0)
FN:23,(anonymous_1)
FNF:2
FNH:2
FNDA:8,(anonymous_0)
FNDA:4,(anonymous_1)
DA:14,1
DA:15,1
DA:16,1
DA:17,1
DA:19,1
DA:20,8
DA:21,6
DA:23,4
DA:24,4
DA:26,4
DA:28,3
DA:30,3
DA:32,2
DA:34,1
LF:14
LH:14
BRDA:26,0,0,1
BRDA:26,0,1,3
BRDA:30,1,0,1
BRDA:30,1,1,2
BRDA:32,2,0,1
BRDA:32,2,1,1
BRF:6
BRH:6
end_of_record
TN:
SF:delete-book.spec.js
FN:14,(anonymous_0)
FN:15,(anonymous_1)
FN:20,(anonymous_2)
FN:53,(anonymous_3)
FN:63,(anonymous_4)
FN:76,(anonymous_5)
FN:89,(anonymous_6)
FN:113,(anonymous_7)
FN:114,(anonymous_8)
FN:117,(anonymous_9)
FN:122,(anonymous_10)
FN:123,(anonymous_11)
FN:126,(anonymous_12)
FN:132,(anonymous_13)
FN:137,(anonymous_14)
FNF:15
FNH:15
FNDA:1,(anonymous_0)
FNDA:1,(anonymous_1)
FNDA:6,(anonymous_2)
FNDA:1,(anonymous_3)
FNDA:1,(anonymous_4)
FNDA:1,(anonymous_5)
FNDA:1,(anonymous_6)
FNDA:1,(anonymous_7)
FNDA:1,(anonymous_8)
FNDA:1,(anonymous_9)
FNDA:1,(anonymous_10)
FNDA:1,(anonymous_11)
FNDA:1,(anonymous_12)
FNDA:6,(anonymous_13)
FNDA:1,(anonymous_14)
DA:1,1
DA:3,1
DA:4,1
DA:5,1
DA:6,1
DA:8,1
DA:10,1
DA:11,1
DA:12,1
DA:14,1
DA:15,1
DA:20,1
DA:21,6
DA:23,6
DA:24,6
DA:25,6
DA:26,6
DA:28,6
DA:30,6
DA:32,6
DA:34,6
DA:35,6
DA:36,6
DA:37,6
DA:39,6
DA:49,6
DA:53,1
DA:54,1
DA:56,1
DA:58,1
DA:60,1
DA:63,1
DA:65,1
DA:66,1
DA:67,1
DA:68,0
DA:70,1
DA:71,1
DA:72,1
DA:76,1
DA:78,1
DA:79,1
DA:80,1
DA:81,0
DA:83,1
DA:84,1
DA:85,1
DA:89,1
DA:91,1
DA:92,1
DA:93,1
DA:94,1
DA:96,1
DA:98,1
DA:100,1
DA:102,1
DA:103,1
DA:104,0
DA:106,1
DA:107,1
DA:108,1
DA:113,1
DA:114,1
DA:115,1
DA:117,1
DA:118,1
DA:122,1
DA:123,1
DA:124,1
DA:126,1
DA:127,1
DA:132,1
DA:133,6
DA:134,6
DA:137,1
DA:138,1
LF:76
LH:73
BRF:0
BRH:0
end_of_record
TN:
SF:delete-received-messages.js
FN:20,(anonymous_0)
FN:25,(anonymous_1)
FNF:2
FNH:2
FNDA:8,(anonymous_0)
FNDA:4,(anonymous_1)
DA:15,1
DA:16,1
DA:17,1
DA:18,1
DA:20,1
DA:21,8
DA:22,8
DA:23,6
DA:25,4
DA:26,4
DA:27,4
DA:29,4
DA:30,3
DA:32,2
DA:34,1
LF:15
LH:15
BRDA:29,0,0,1
BRDA:29,0,1,3
BRDA:30,1,0,1
BRDA:30,1,1,2
BRDA:32,2,0,1
BRDA:32,2,1,1
BRF:6
BRH:6
end_of_record
TN:
SF:delete-recieved-messages.spec.js
FN:14,(anonymous_0)
FN:20,(anonymous_1)
FN:25,(anonymous_2)
FN:56,(anonymous_3)
FN:64,(anonymous_4)
FN:79,(anonymous_5)
FN:92,(anonymous_6)
FN:105,(anonymous_7)
FN:106,(anonymous_8)
FN:109,(anonymous_9)
FN:114,(anonymous_10)
FN:116,(anonymous_11)
FN:119,(anonymous_12)
FN:125,(anonymous_13)
FN:129,(anonymous_14)
FNF:15
FNH:15
FNDA:1,(anonymous_0)
FNDA:1,(anonymous_1)
FNDA:6,(anonymous_2)
FNDA:1,(anonymous_3)
FNDA:1,(anonymous_4)
FNDA:1,(anonymous_5)
FNDA:1,(anonymous_6)
FNDA:1,(anonymous_7)
FNDA:1,(anonymous_8)
FNDA:1,(anonymous_9)
FNDA:1,(anonymous_10)
FNDA:1,(anonymous_11)
FNDA:1,(anonymous_12)
FNDA:6,(anonymous_13)
FNDA:1,(anonymous_14)
DA:1,1
DA:3,1
DA:4,1
DA:5,1
DA:6,1
DA:8,1
DA:10,1
DA:11,1
DA:12,1
DA:14,1
DA:20,1
DA:21,1
DA:22,1
DA:25,1
DA:26,6
DA:27,6
DA:28,6
DA:29,6
DA:30,6
DA:32,6
DA:33,6
DA:35,6
DA:36,6
DA:37,6
DA:38,6
DA:39,6
DA:41,6
DA:42,6
DA:44,6
DA:45,6
DA:46,6
DA:47,6
DA:48,6
DA:50,6
DA:52,6
DA:53,6
DA:56,1
DA:57,1
DA:59,1
DA:61,1
DA:64,1
DA:65,1
DA:66,1
DA:69,1
DA:70,1
DA:71,0
DA:73,1
DA:74,1
DA:75,1
DA:79,1
DA:80,1
DA:82,1
DA:83,1
DA:84,0
DA:86,1
DA:87,1
DA:88,1
DA:92,1
DA:93,1
DA:95,1
DA:96,1
DA:97,0
DA:99,1
DA:100,1
DA:101,1
DA:105,1
DA:106,1
DA:107,1
DA:109,1
DA:110,1
DA:114,1
DA:116,1
DA:117,1
DA:119,1
DA:120,1
DA:125,1
DA:126,6
DA:129,1
DA:130,1
DA:131,1
LF:80
LH:77
BRF:0
BRH:0
end_of_record
TN:
SF:find-book.js
FN:19,(anonymous_0)
FN:22,(anonymous_1)
FN:30,(anonymous_2)
FNF:3
FNH:3
FNDA:3,(anonymous_0)
FNDA:2,(anonymous_1)
FNDA:10,(anonymous_2)
DA:14,1
DA:16,1
DA:17,1
DA:19,1
DA:20,3
DA:22,2
DA:23,2
DA:24,2
DA:26,2
DA:28,2
DA:30,1
DA:32,10
DA:33,10
DA:36,10
DA:38,10
DA:39,0
DA:40,0
DA:42,10
DA:45,10
DA:46,10
DA:48,10
DA:51,1
DA:53,1
LF:23
LH:21
BRDA:28,0,0,1
BRDA:28,0,1,1
BRDA:36,1,0,2
BRDA:36,1,1,8
BRDA:38,2,0,0
BRDA:38,2,1,10
BRDA:46,3,0,0
BRDA:46,3,1,10
BRF:8
BRH:6
end_of_record
TN:
SF:find-book.spec.js
FN:5,(anonymous_0)
FN:9,(anonymous_1)
FN:14,(anonymous_2)
FN:24,(anonymous_3)
FN:35,(anonymous_4)
FN:37,(anonymous_5)
FNF:6
FNH:6
FNDA:1,(anonymous_0)
FNDA:1,(anonymous_1)
FNDA:10,(anonymous_2)
FNDA:1,(anonymous_3)
FNDA:1,(anonymous_4)
FNDA:1,(anonymous_5)
DA:1,1
DA:2,1
DA:3,1
DA:5,1
DA:9,1
DA:10,1
DA:12,1
DA:14,1
DA:15,10
DA:16,10
DA:17,10
DA:18,10
DA:19,10
DA:20,10
DA:24,1
DA:25,1
DA:26,1
DA:27,1
DA:28,0
DA:30,1
DA:31,1
DA:32,1
DA:35,1
DA:36,1
DA:37,1
DA:38,1
LF:26
LH:25
BRF:0
BRH:0
end_of_record
TN:
SF:list-my-books.js
FN:18,(anonymous_0)
FN:22,(anonymous_1)
FN:31,(anonymous_2)
FNF:3
FNH:3
FNDA:6,(anonymous_0)
FNDA:3,(anonymous_1)
FNDA:1,(anonymous_2)
DA:13,1
DA:15,1
DA:16,1
DA:18,1
DA:20,6
DA:22,3
DA:23,3
DA:25,3
DA:27,2
DA:29,2
DA:31,1
DA:32,1
DA:33,1
DA:34,1
DA:35,1
DA:38,1
LF:16
LH:16
BRDA:25,0,0,1
BRDA:25,0,1,2
BRDA:29,1,0,1
BRDA:29,1,1,1
BRF:4
BRH:4
end_of_record
TN:
SF:list-my-books.spec.js
FN:14,(anonymous_0)
FN:18,(anonymous_1)
FN:23,(anonymous_2)
FN:50,(anonymous_3)
FN:53,(anonymous_4)
FN:61,(anonymous_5)
FN:74,(anonymous_6)
FN:88,(anonymous_7)
FN:89,(anonymous_8)
FN:92,(anonymous_9)
FN:97,(anonymous_10)
FN:98,(anonymous_11)
FN:104,(anonymous_12)
FN:108,(anonymous_13)
FNF:14
FNH:14
FNDA:1,(anonymous_0)
FNDA:1,(anonymous_1)
FNDA:5,(anonymous_2)
FNDA:1,(anonymous_3)
FNDA:1,(anonymous_4)
FNDA:1,(anonymous_5)
FNDA:1,(anonymous_6)
FNDA:1,(anonymous_7)
FNDA:1,(anonymous_8)
FNDA:1,(anonymous_9)
FNDA:1,(anonymous_10)
FNDA:1,(anonymous_11)
FNDA:5,(anonymous_12)
FNDA:1,(anonymous_13)
DA:1,1
DA:3,1
DA:4,1
DA:5,1
DA:6,1
DA:8,1
DA:10,1
DA:11,1
DA:12,1
DA:14,1
DA:18,1
DA:19,1
DA:20,1
DA:23,1
DA:24,5
DA:25,5
DA:26,5
DA:27,5
DA:28,5
DA:30,5
DA:31,5
DA:33,5
DA:34,5
DA:35,5
DA:36,5
DA:37,5
DA:39,5
DA:40,5
DA:42,5
DA:43,5
DA:44,5
DA:45,5
DA:46,5
DA:50,1
DA:51,1
DA:53,1
DA:54,1
DA:55,1
DA:56,1
DA:57,1
DA:61,1
DA:62,1
DA:64,1
DA:65,1
DA:66,0
DA:68,1
DA:69,1
DA:70,1
DA:74,1
DA:75,1
DA:77,1
DA:78,1
DA:79,0
DA:81,1
DA:82,1
DA:83,1
DA:88,1
DA:89,1
DA:90,1
DA:92,1
DA:93,1
DA:97,1
DA:98,1
DA:99,1
DA:104,1
DA:105,5
DA:108,1
DA:109,1
DA:110,1
LF:69
LH:67
BRF:0
BRH:0
end_of_record
TN:
SF:list-share-books.js
FN:18,(anonymous_0)
FN:22,(anonymous_1)
FN:30,(anonymous_2)
FN:34,(anonymous_3)
FNF:4
FNH:4
FNDA:6,(anonymous_0)
FNDA:3,(anonymous_1)
FNDA:2,(anonymous_2)
FNDA:1,(anonymous_3)
DA:13,1
DA:15,1
DA:16,1
DA:18,1
DA:20,6
DA:22,3
DA:24,3
DA:26,3
DA:28,2
DA:30,2
DA:32,2
DA:34,1
DA:35,1
DA:36,1
DA:37,1
DA:38,1
DA:41,1
LF:17
LH:17
BRDA:26,0,0,1
BRDA:26,0,1,2
BRDA:32,1,0,1
BRDA:32,1,1,1
BRF:4
BRH:4
end_of_record
TN:
SF:list-share-books.spec.js
FN:14,(anonymous_0)
FN:19,(anonymous_1)
FN:24,(anonymous_2)
FN:51,(anonymous_3)
FN:56,(anonymous_4)
FN:69,(anonymous_5)
FN:81,(anonymous_6)
FN:94,(anonymous_7)
FN:95,(anonymous_8)
FN:98,(anonymous_9)
FN:103,(anonymous_10)
FN:104,(anonymous_11)
FN:110,(anonymous_12)
FN:114,(anonymous_13)
FNF:14
FNH:14
FNDA:1,(anonymous_0)
FNDA:1,(anonymous_1)
FNDA:5,(anonymous_2)
FNDA:1,(anonymous_3)
FNDA:1,(anonymous_4)
FNDA:1,(anonymous_5)
FNDA:1,(anonymous_6)
FNDA:1,(anonymous_7)
FNDA:1,(anonymous_8)
FNDA:1,(anonymous_9)
FNDA:1,(anonymous_10)
FNDA:1,(anonymous_11)
FNDA:5,(anonymous_12)
FNDA:1,(anonymous_13)
DA:1,1
DA:3,1
DA:4,1
DA:5,1
DA:6,1
DA:8,1
DA:10,1
DA:11,1
DA:12,1
DA:14,1
DA:19,1
DA:20,1
DA:21,1
DA:24,1
DA:25,5
DA:26,5
DA:27,5
DA:28,5
DA:29,5
DA:31,5
DA:32,5
DA:34,5
DA:35,5
DA:36,5
DA:37,5
DA:38,5
DA:40,5
DA:41,5
DA:43,5
DA:44,5
DA:45,5
DA:46,5
DA:47,5
DA:51,1
DA:52,1
DA:54,1
DA:56,1
DA:57,1
DA:58,1
DA:59,1
DA:60,1
DA:63,1
DA:65,1
DA:66,1
DA:69,1
DA:70,1
DA:72,1
DA:73,1
DA:75,1
DA:76,1
DA:77,1
DA:81,1
DA:83,1
DA:84,1
DA:87,1
DA:88,1
DA:89,1
DA:94,1
DA:95,1
DA:96,1
DA:98,1
DA:99,1
DA:103,1
DA:104,1
DA:105,1
DA:110,1
DA:111,5
DA:114,1
DA:115,1
DA:116,1
LF:70
LH:70
BRF:0
BRH:0
end_of_record
TN:
SF:register-user.js
FN:25,(anonymous_0)
FN:33,(anonymous_1)
FNF:2
FNH:2
FNDA:14,(anonymous_0)
FNDA:2,(anonymous_1)
DA:19,1
DA:20,1
DA:21,1
DA:22,1
DA:23,1
DA:25,1
DA:26,14
DA:27,10
DA:28,6
DA:29,5
DA:30,4
DA:31,3
DA:33,2
DA:34,2
DA:36,2
DA:38,1
DA:40,1
LF:17
LH:17
BRDA:36,0,0,1
BRDA:36,0,1,1
BRF:2
BRH:2
end_of_record
TN:
SF:register-user.spec.js
FN:13,(anonymous_0)
FN:14,(anonymous_1)
FN:18,(anonymous_2)
FN:27,(anonymous_3)
FN:47,(anonymous_4)
FN:48,(anonymous_5)
FN:50,(anonymous_6)
FN:65,(anonymous_7)
FN:66,(anonymous_8)
FN:67,(anonymous_9)
FN:71,(anonymous_10)
FN:75,(anonymous_11)
FN:79,(anonymous_12)
FN:83,(anonymous_13)
FN:87,(anonymous_14)
FN:91,(anonymous_15)
FN:92,(anonymous_16)
FN:96,(anonymous_17)
FN:100,(anonymous_18)
FN:104,(anonymous_19)
FN:110,(anonymous_20)
FN:113,(anonymous_21)
FN:118,(anonymous_22)
FN:121,(anonymous_23)
FN:129,(anonymous_24)
FN:131,(anonymous_25)
FNF:26
FNH:26
FNDA:1,(anonymous_0)
FNDA:1,(anonymous_1)
FNDA:6,(anonymous_2)
FNDA:1,(anonymous_3)
FNDA:1,(anonymous_4)
FNDA:1,(anonymous_5)
FNDA:1,(anonymous_6)
FNDA:1,(anonymous_7)
FNDA:1,(anonymous_8)
FNDA:1,(anonymous_9)
FNDA:1,(anonymous_10)
FNDA:1,(anonymous_11)
FNDA:1,(anonymous_12)
FNDA:1,(anonymous_13)
FNDA:1,(anonymous_14)
FNDA:1,(anonymous_15)
FNDA:1,(anonymous_16)
FNDA:1,(anonymous_17)
FNDA:1,(anonymous_18)
FNDA:1,(anonymous_19)
FNDA:1,(anonymous_20)
FNDA:1,(anonymous_21)
FNDA:1,(anonymous_22)
FNDA:1,(anonymous_23)
FNDA:6,(anonymous_24)
FNDA:1,(anonymous_25)
DA:1,1
DA:3,1
DA:5,1
DA:6,1
DA:7,1
DA:8,1
DA:9,1
DA:10,1
DA:11,1
DA:13,1
DA:14,1
DA:18,1
DA:19,6
DA:21,6
DA:22,6
DA:23,6
DA:24,6
DA:27,1
DA:28,1
DA:30,1
DA:32,1
DA:34,1
DA:36,1
DA:38,1
DA:39,1
DA:40,1
DA:42,1
DA:44,1
DA:47,1
DA:48,1
DA:50,1
DA:51,1
DA:52,1
DA:54,0
DA:56,1
DA:58,1
DA:59,1
DA:65,1
DA:66,1
DA:67,1
DA:68,1
DA:71,1
DA:72,1
DA:75,1
DA:76,1
DA:79,1
DA:80,1
DA:83,1
DA:84,1
DA:87,1
DA:88,1
DA:91,1
DA:92,1
DA:93,1
DA:96,1
DA:97,1
DA:100,1
DA:101,1
DA:104,1
DA:105,1
DA:110,1
DA:111,1
DA:113,1
DA:114,1
DA:118,1
DA:119,1
DA:121,1
DA:122,1
DA:129,6
DA:131,1
DA:132,1
LF:71
LH:70
BRF:0
BRH:0
end_of_record
TN:
SF:retrieve-avg-score.js
FN:17,(anonymous_0)
FN:20,(anonymous_1)
FNF:2
FNH:2
FNDA:6,(anonymous_0)
FNDA:3,(anonymous_1)
DA:13,1
DA:14,1
DA:15,1
DA:17,1
DA:18,6
DA:20,3
DA:21,3
DA:23,3
DA:25,2
DA:27,1
LF:10
LH:10
BRDA:23,0,0,1
BRDA:23,0,1,2
BRDA:25,1,0,1
BRDA:25,1,1,1
BRF:4
BRH:4
end_of_record
TN:
SF:retrieve-avg-score.spec.js
FN:14,(anonymous_0)
FN:18,(anonymous_1)
FN:23,(anonymous_2)
FN:38,(anonymous_3)
FN:48,(anonymous_4)
FN:61,(anonymous_5)
FN:74,(anonymous_6)
FN:75,(anonymous_7)
FN:78,(anonymous_8)
FN:83,(anonymous_9)
FN:84,(anonymous_10)
FN:89,(anonymous_11)
FN:93,(anonymous_12)
FNF:13
FNH:13
FNDA:1,(anonymous_0)
FNDA:1,(anonymous_1)
FNDA:5,(anonymous_2)
FNDA:1,(anonymous_3)
FNDA:1,(anonymous_4)
FNDA:1,(anonymous_5)
FNDA:1,(anonymous_6)
FNDA:1,(anonymous_7)
FNDA:1,(anonymous_8)
FNDA:1,(anonymous_9)
FNDA:1,(anonymous_10)
FNDA:5,(anonymous_11)
FNDA:1,(anonymous_12)
DA:1,1
DA:3,1
DA:4,1
DA:5,1
DA:6,1
DA:8,1
DA:10,1
DA:11,1
DA:12,1
DA:14,1
DA:18,1
DA:19,1
DA:20,1
DA:23,1
DA:24,5
DA:25,5
DA:26,5
DA:27,5
DA:28,5
DA:30,5
DA:31,5
DA:33,5
DA:38,1
DA:39,1
DA:41,1
DA:43,1
DA:44,1
DA:48,1
DA:49,1
DA:51,1
DA:52,1
DA:53,0
DA:55,1
DA:56,1
DA:57,1
DA:61,1
DA:63,1
DA:64,1
DA:65,0
DA:67,1
DA:68,1
DA:69,1
DA:74,1
DA:75,1
DA:76,1
DA:78,1
DA:79,1
DA:83,1
DA:84,1
DA:85,1
DA:89,1
DA:90,5
DA:93,1
DA:94,1
DA:95,1
LF:55
LH:53
BRF:0
BRH:0
end_of_record
TN:
SF:retrieve-book.js
FN:18,(anonymous_0)
FN:22,(anonymous_1)
FNF:2
FNH:2
FNDA:5,(anonymous_0)
FNDA:2,(anonymous_1)
DA:13,1
DA:15,1
DA:16,1
DA:18,1
DA:19,5
DA:22,2
DA:23,2
DA:25,2
DA:26,1
DA:27,1
DA:28,1
DA:30,1
LF:12
LH:12
BRDA:25,0,0,1
BRDA:25,0,1,1
BRF:2
BRH:2
end_of_record
TN:
SF:retrieve-book.spec.js
FN:14,(anonymous_0)
FN:18,(anonymous_1)
FN:23,(anonymous_2)
FN:40,(anonymous_3)
FN:51,(anonymous_4)
FN:65,(anonymous_5)
FN:66,(anonymous_6)
FN:69,(anonymous_7)
FN:74,(anonymous_8)
FN:75,(anonymous_9)
FN:80,(anonymous_10)
FN:84,(anonymous_11)
FNF:12
FNH:12
FNDA:1,(anonymous_0)
FNDA:1,(anonymous_1)
FNDA:4,(anonymous_2)
FNDA:1,(anonymous_3)
FNDA:1,(anonymous_4)
FNDA:1,(anonymous_5)
FNDA:1,(anonymous_6)
FNDA:1,(anonymous_7)
FNDA:1,(anonymous_8)
FNDA:1,(anonymous_9)
FNDA:4,(anonymous_10)
FNDA:1,(anonymous_11)
DA:1,1
DA:3,1
DA:4,1
DA:5,1
DA:6,1
DA:8,1
DA:10,1
DA:11,1
DA:12,1
DA:14,1
DA:18,1
DA:19,1
DA:20,1
DA:23,1
DA:24,4
DA:25,4
DA:26,4
DA:27,4
DA:28,4
DA:30,4
DA:31,4
DA:33,4
DA:34,4
DA:35,4
DA:36,4
DA:37,4
DA:40,1
DA:41,1
DA:43,1
DA:44,1
DA:45,1
DA:46,1
DA:47,1
DA:51,1
DA:52,1
DA:53,1
DA:54,1
DA:55,0
DA:57,1
DA:58,1
DA:59,1
DA:65,1
DA:66,1
DA:67,1
DA:69,1
DA:70,1
DA:74,1
DA:75,1
DA:76,1
DA:80,1
DA:81,4
DA:84,1
DA:85,1
DA:86,1
LF:54
LH:53
BRF:0
BRH:0
end_of_record
TN:
SF:retrieve-coordinates.js
FN:20,(anonymous_0)
FN:23,(anonymous_1)
FNF:2
FNH:2
FNDA:6,(anonymous_0)
FNDA:3,(anonymous_1)
DA:13,1
DA:14,1
DA:15,1
DA:16,1
DA:20,1
DA:21,6
DA:23,3
DA:24,3
DA:26,3
DA:29,2
DA:30,2
DA:32,1
DA:34,1
LF:13
LH:13
BRDA:26,0,0,1
BRDA:26,0,1,2
BRDA:30,1,0,1
BRDA:30,1,1,1
BRDA:30,2,0,2
BRDA:30,2,1,1
BRF:6
BRH:6
end_of_record
TN:
SF:retrieve-coordinates.spec.js
FN:14,(anonymous_0)
FN:18,(anonymous_1)
FN:23,(anonymous_2)
FN:38,(anonymous_3)
FN:48,(anonymous_4)
FN:60,(anonymous_5)
FN:74,(anonymous_6)
FN:75,(anonymous_7)
FN:78,(anonymous_8)
FN:83,(anonymous_9)
FN:84,(anonymous_10)
FN:89,(anonymous_11)
FN:93,(anonymous_12)
FNF:13
FNH:13
FNDA:1,(anonymous_0)
FNDA:1,(anonymous_1)
FNDA:5,(anonymous_2)
FNDA:1,(anonymous_3)
FNDA:1,(anonymous_4)
FNDA:1,(anonymous_5)
FNDA:1,(anonymous_6)
FNDA:1,(anonymous_7)
FNDA:1,(anonymous_8)
FNDA:1,(anonymous_9)
FNDA:1,(anonymous_10)
FNDA:5,(anonymous_11)
FNDA:1,(anonymous_12)
DA:1,1
DA:3,1
DA:4,1
DA:5,1
DA:6,1
DA:8,1
DA:10,1
DA:11,1
DA:12,1
DA:14,1
DA:18,1
DA:19,1
DA:20,1
DA:23,1
DA:24,5
DA:25,5
DA:26,5
DA:27,5
DA:28,5
DA:30,5
DA:31,5
DA:33,5
DA:34,5
DA:35,5
DA:38,1
DA:39,1
DA:41,1
DA:42,1
DA:43,1
DA:44,1
DA:45,1
DA:48,1
DA:49,1
DA:50,1
DA:51,1
DA:52,0
DA:54,1
DA:55,1
DA:56,1
DA:60,1
DA:62,1
DA:63,1
DA:64,0
DA:66,1
DA:67,1
DA:68,1
DA:74,1
DA:75,1
DA:76,1
DA:78,1
DA:79,1
DA:83,1
DA:84,1
DA:85,1
DA:89,1
DA:90,5
DA:93,1
DA:94,1
DA:95,1
LF:59
LH:57
BRF:0
BRH:0
end_of_record
TN:
SF:retrieve-following.js
FN:20,(anonymous_0)
FN:24,(anonymous_1)
FN:34,(anonymous_2)
FNF:3
FNH:3
FNDA:5,(anonymous_0)
FNDA:2,(anonymous_1)
FNDA:10,(anonymous_2)
DA:13,1
DA:14,1
DA:15,1
DA:16,1
DA:20,1
DA:21,5
DA:24,2
DA:25,2
DA:26,2
DA:28,1
DA:29,1
DA:30,1
DA:31,1
DA:34,1
DA:35,10
DA:36,10
DA:37,10
DA:38,10
DA:39,10
DA:41,1
LF:20
LH:20
BRDA:26,0,0,1
BRDA:26,0,1,1
BRDA:31,1,0,0
BRDA:31,1,1,1
BRF:4
BRH:3
end_of_record
TN:
SF:retrieve-following.spec.js
FN:11,(anonymous_0)
FN:15,(anonymous_1)
FN:20,(anonymous_2)
FN:48,(anonymous_3)
FN:56,(anonymous_4)
FN:85,(anonymous_5)
FN:86,(anonymous_6)
FN:89,(anonymous_7)
FN:94,(anonymous_8)
FN:96,(anonymous_9)
FN:102,(anonymous_10)
FN:103,(anonymous_11)
FNF:12
FNH:12
FNDA:1,(anonymous_0)
FNDA:1,(anonymous_1)
FNDA:4,(anonymous_2)
FNDA:1,(anonymous_3)
FNDA:1,(anonymous_4)
FNDA:1,(anonymous_5)
FNDA:1,(anonymous_6)
FNDA:1,(anonymous_7)
FNDA:1,(anonymous_8)
FNDA:1,(anonymous_9)
FNDA:4,(anonymous_10)
FNDA:1,(anonymous_11)
DA:1,1
DA:3,1
DA:4,1
DA:5,1
DA:6,1
DA:7,1
DA:8,1
DA:9,1
DA:11,1
DA:15,1
DA:16,1
DA:17,1
DA:20,1
DA:21,4
DA:22,4
DA:23,4
DA:24,4
DA:25,4
DA:27,4
DA:28,4
DA:30,4
DA:32,40
DA:33,40
DA:34,40
DA:35,40
DA:36,40
DA:38,40
DA:39,40
DA:41,40
DA:42,40
DA:48,1
DA:49,1
DA:50,1
DA:51,1
DA:52,1
DA:56,1
DA:57,1
DA:58,1
DA:59,1
DA:60,0
DA:62,1
DA:63,1
DA:64,1
DA:85,1
DA:86,1
DA:87,1
DA:89,1
DA:90,1
DA:94,1
DA:96,1
DA:97,1
DA:102,4
DA:103,1
DA:104,1
LF:54
LH:53
BRF:0
BRH:0
end_of_record
TN:
SF:retrieve-received-messages.js
FN:20,(anonymous_0)
FN:23,(anonymous_1)
FN:36,(anonymous_2)
FNF:3
FNH:3
FNDA:6,(anonymous_0)
FNDA:3,(anonymous_1)
FNDA:1,(anonymous_2)
DA:13,1
DA:14,1
DA:15,1
DA:16,1
DA:20,1
DA:21,6
DA:23,3
DA:24,3
DA:26,3
DA:27,2
DA:28,2
DA:34,2
DA:35,2
DA:36,1
DA:37,1
DA:38,1
DA:39,1
DA:40,1
DA:43,1
LF:19
LH:19
BRDA:26,0,0,1
BRDA:26,0,1,2
BRDA:35,1,0,1
BRDA:35,1,1,1
BRF:4
BRH:4
end_of_record
TN:
SF:retrieve-received-messages.spec.js
FN:14,(anonymous_0)
FN:20,(anonymous_1)
FN:25,(anonymous_2)
FN:56,(anonymous_3)
FN:67,(anonymous_4)
FN:80,(anonymous_5)
FN:95,(anonymous_6)
FN:96,(anonymous_7)
FN:99,(anonymous_8)
FN:104,(anonymous_9)
FN:106,(anonymous_10)
FN:111,(anonymous_11)
FN:115,(anonymous_12)
FNF:13
FNH:13
FNDA:1,(anonymous_0)
FNDA:1,(anonymous_1)
FNDA:5,(anonymous_2)
FNDA:1,(anonymous_3)
FNDA:1,(anonymous_4)
FNDA:1,(anonymous_5)
FNDA:1,(anonymous_6)
FNDA:1,(anonymous_7)
FNDA:1,(anonymous_8)
FNDA:1,(anonymous_9)
FNDA:1,(anonymous_10)
FNDA:5,(anonymous_11)
FNDA:1,(anonymous_12)
DA:1,1
DA:3,1
DA:4,1
DA:5,1
DA:6,1
DA:8,1
DA:10,1
DA:11,1
DA:12,1
DA:14,1
DA:20,1
DA:21,1
DA:22,1
DA:25,1
DA:26,5
DA:27,5
DA:28,5
DA:29,5
DA:30,5
DA:32,5
DA:33,5
DA:35,5
DA:36,5
DA:37,5
DA:38,5
DA:39,5
DA:41,5
DA:42,5
DA:44,5
DA:45,5
DA:46,5
DA:47,5
DA:48,5
DA:50,5
DA:52,5
DA:53,5
DA:56,1
DA:57,1
DA:59,1
DA:60,1
DA:61,1
DA:62,1
DA:63,1
DA:67,1
DA:68,1
DA:70,1
DA:71,1
DA:72,0
DA:74,1
DA:75,1
DA:76,1
DA:80,1
DA:83,1
DA:84,1
DA:85,0
DA:87,1
DA:88,1
DA:89,1
DA:95,1
DA:96,1
DA:97,1
DA:99,1
DA:100,1
DA:104,1
DA:106,1
DA:107,1
DA:111,1
DA:112,5
DA:115,1
DA:116,1
DA:117,1
LF:71
LH:69
BRF:0
BRH:0
end_of_record
TN:
SF:retrieve-requested-books.js
FN:18,(anonymous_0)
FN:21,(anonymous_1)
FN:28,(anonymous_2)
FNF:3
FNH:3
FNDA:6,(anonymous_0)
FNDA:3,(anonymous_1)
FNDA:1,(anonymous_2)
DA:13,1
DA:15,1
DA:16,1
DA:18,1
DA:19,6
DA:21,3
DA:22,3
DA:24,3
DA:26,2
DA:28,1
DA:29,1
DA:30,1
DA:31,1
DA:32,1
DA:35,1
LF:15
LH:15
BRDA:24,0,0,1
BRDA:24,0,1,2
BRDA:26,1,0,1
BRDA:26,1,1,1
BRF:4
BRH:4
end_of_record
TN:
SF:retrieve-requested-books.spec.js
FN:14,(anonymous_0)
FN:18,(anonymous_1)
FN:23,(anonymous_2)
FN:50,(anonymous_3)
FN:55,(anonymous_4)
FN:64,(anonymous_5)
FN:76,(anonymous_6)
FN:88,(anonymous_7)
FN:89,(anonymous_8)
FN:92,(anonymous_9)
FN:97,(anonymous_10)
FN:98,(anonymous_11)
FN:104,(anonymous_12)
FN:108,(anonymous_13)
FNF:14
FNH:14
FNDA:1,(anonymous_0)
FNDA:1,(anonymous_1)
FNDA:5,(anonymous_2)
FNDA:1,(anonymous_3)
FNDA:1,(anonymous_4)
FNDA:1,(anonymous_5)
FNDA:1,(anonymous_6)
FNDA:1,(anonymous_7)
FNDA:1,(anonymous_8)
FNDA:1,(anonymous_9)
FNDA:1,(anonymous_10)
FNDA:1,(anonymous_11)
FNDA:5,(anonymous_12)
FNDA:1,(anonymous_13)
DA:1,1
DA:3,1
DA:4,1
DA:5,1
DA:6,1
DA:8,1
DA:10,1
DA:11,1
DA:12,1
DA:14,1
DA:18,1
DA:19,1
DA:20,1
DA:23,1
DA:24,5
DA:25,5
DA:26,5
DA:27,5
DA:28,5
DA:30,5
DA:31,5
DA:33,5
DA:34,5
DA:35,5
DA:36,5
DA:37,5
DA:39,5
DA:40,5
DA:42,5
DA:43,5
DA:44,5
DA:45,5
DA:46,5
DA:50,1
DA:51,1
DA:53,1
DA:54,1
DA:55,1
DA:56,1
DA:57,1
DA:58,1
DA:59,1
DA:60,1
DA:64,1
DA:65,1
DA:67,1
DA:68,1
DA:70,1
DA:71,1
DA:72,1
DA:76,1
DA:78,1
DA:79,1
DA:81,1
DA:82,1
DA:83,1
DA:88,1
DA:89,1
DA:90,1
DA:92,1
DA:93,1
DA:97,1
DA:98,1
DA:99,1
DA:104,1
DA:105,5
DA:108,1
DA:109,1
DA:110,1
LF:69
LH:69
BRF:0
BRH:0
end_of_record
TN:
SF:retrieve-user.js
FN:16,(anonymous_0)
FN:20,(anonymous_1)
FNF:2
FNH:2
FNDA:3,(anonymous_0)
FNDA:2,(anonymous_1)
DA:13,1
DA:14,1
DA:16,1
DA:17,3
DA:19,2
DA:21,2
DA:23,1
DA:25,1
DA:26,1
DA:27,1
DA:29,1
LF:11
LH:11
BRDA:21,0,0,1
BRDA:21,0,1,1
BRF:2
BRH:2
end_of_record
TN:
SF:retrieve-user.spec.js
FN:12,(anonymous_0)
FN:13,(anonymous_1)
FN:17,(anonymous_2)
FN:19,(anonymous_3)
FN:27,(anonymous_4)
FN:28,(anonymous_5)
FN:30,(anonymous_6)
FN:33,(anonymous_7)
FN:35,(anonymous_8)
FN:48,(anonymous_9)
FN:52,(anonymous_10)
FN:53,(anonymous_11)
FN:61,(anonymous_12)
FN:62,(anonymous_13)
FN:67,(anonymous_14)
FNF:15
FNH:14
FNDA:1,(anonymous_0)
FNDA:1,(anonymous_1)
FNDA:3,(anonymous_2)
FNDA:3,(anonymous_3)
FNDA:1,(anonymous_4)
FNDA:1,(anonymous_5)
FNDA:1,(anonymous_6)
FNDA:1,(anonymous_7)
FNDA:1,(anonymous_8)
FNDA:1,(anonymous_9)
FNDA:0,(anonymous_10)
FNDA:1,(anonymous_11)
FNDA:1,(anonymous_12)
FNDA:1,(anonymous_13)
FNDA:3,(anonymous_14)
DA:1,1
DA:3,1
DA:5,1
DA:6,1
DA:7,1
DA:8,1
DA:9,1
DA:10,1
DA:12,1
DA:13,1
DA:17,1
DA:18,3
DA:20,3
DA:21,3
DA:22,3
DA:23,3
DA:27,1
DA:28,1
DA:29,1
DA:30,1
DA:33,1
DA:34,1
DA:36,1
DA:37,1
DA:38,1
DA:39,1
DA:40,1
DA:41,1
DA:42,1
DA:43,1
DA:48,1
DA:49,1
DA:51,1
DA:52,0
DA:54,1
DA:56,1
DA:57,1
DA:61,1
DA:62,1
DA:63,1
DA:67,3
DA:69,1
LF:42
LH:41
BRF:0
BRH:0
end_of_record
TN:
SF:search-book.js
FN:19,(anonymous_0)
FN:23,(anonymous_1)
FN:32,(anonymous_2)
FNF:3
FNH:3
FNDA:8,(anonymous_0)
FNDA:4,(anonymous_1)
FNDA:2,(anonymous_2)
DA:14,1
DA:16,1
DA:17,1
DA:19,1
DA:20,8
DA:21,6
DA:23,4
DA:24,4
DA:26,4
DA:28,3
DA:30,3
DA:32,2
DA:33,2
DA:34,1
DA:35,1
DA:36,1
DA:37,1
DA:41,2
LF:18
LH:18
BRDA:26,0,0,1
BRDA:26,0,1,3
BRDA:30,1,0,1
BRDA:30,1,1,2
BRDA:33,2,0,1
BRDA:33,2,1,1
BRF:6
BRH:6
end_of_record
TN:
SF:search-book.spec.js
FN:14,(anonymous_0)
FN:15,(anonymous_1)
FN:20,(anonymous_2)
FN:53,(anonymous_3)
FN:60,(anonymous_4)
FN:81,(anonymous_5)
FN:92,(anonymous_6)
FN:105,(anonymous_7)
FN:106,(anonymous_8)
FN:109,(anonymous_9)
FN:114,(anonymous_10)
FN:115,(anonymous_11)
FN:118,(anonymous_12)
FN:124,(anonymous_13)
FN:129,(anonymous_14)
FNF:15
FNH:15
FNDA:1,(anonymous_0)
FNDA:1,(anonymous_1)
FNDA:6,(anonymous_2)
FNDA:1,(anonymous_3)
FNDA:1,(anonymous_4)
FNDA:1,(anonymous_5)
FNDA:1,(anonymous_6)
FNDA:1,(anonymous_7)
FNDA:1,(anonymous_8)
FNDA:1,(anonymous_9)
FNDA:1,(anonymous_10)
FNDA:1,(anonymous_11)
FNDA:1,(anonymous_12)
FNDA:6,(anonymous_13)
FNDA:1,(anonymous_14)
DA:1,1
DA:3,1
DA:4,1
DA:5,1
DA:6,1
DA:8,1
DA:10,1
DA:11,1
DA:12,1
DA:14,1
DA:15,1
DA:20,1
DA:21,6
DA:23,6
DA:24,6
DA:25,6
DA:26,6
DA:28,6
DA:30,6
DA:32,6
DA:34,6
DA:35,6
DA:36,6
DA:37,6
DA:39,6
DA:49,6
DA:53,1
DA:54,1
DA:56,1
DA:57,1
DA:60,1
DA:61,1
DA:62,1
DA:63,1
DA:64,1
DA:65,1
DA:66,1
DA:68,1
DA:69,1
DA:72,1
DA:73,1
DA:74,1
DA:75,1
DA:76,1
DA:77,1
DA:81,1
DA:82,1
DA:83,1
DA:84,1
DA:86,1
DA:87,1
DA:88,1
DA:92,1
DA:94,1
DA:95,1
DA:96,1
DA:98,1
DA:99,1
DA:100,1
DA:105,1
DA:106,1
DA:107,1
DA:109,1
DA:110,1
DA:114,1
DA:115,1
DA:116,1
DA:118,1
DA:119,1
DA:124,1
DA:125,6
DA:126,6
DA:129,1
DA:130,1
LF:74
LH:74
BRF:0
BRH:0
end_of_record
TN:
SF:search-user.js
FN:18,(anonymous_0)
FN:23,(anonymous_1)
FN:27,(anonymous_2)
FNF:3
FNH:3
FNDA:5,(anonymous_0)
FNDA:2,(anonymous_1)
FNDA:1,(anonymous_2)
DA:13,1
DA:15,1
DA:16,1
DA:18,1
DA:20,5
DA:23,2
DA:24,2
DA:25,2
DA:27,1
DA:28,1
DA:29,1
DA:30,1
DA:31,1
DA:32,1
DA:35,1
LF:15
LH:15
BRDA:25,0,0,1
BRDA:25,0,1,1
BRF:2
BRH:2
end_of_record
TN:
SF:search-user.spec.js
FN:14,(anonymous_0)
FN:15,(anonymous_1)
FN:20,(anonymous_2)
FN:35,(anonymous_3)
FN:47,(anonymous_4)
FN:62,(anonymous_5)
FN:63,(anonymous_6)
FN:66,(anonymous_7)
FN:71,(anonymous_8)
FN:72,(anonymous_9)
FN:79,(anonymous_10)
FN:83,(anonymous_11)
FNF:12
FNH:12
FNDA:1,(anonymous_0)
FNDA:1,(anonymous_1)
FNDA:4,(anonymous_2)
FNDA:1,(anonymous_3)
FNDA:1,(anonymous_4)
FNDA:1,(anonymous_5)
FNDA:1,(anonymous_6)
FNDA:1,(anonymous_7)
FNDA:1,(anonymous_8)
FNDA:1,(anonymous_9)
FNDA:4,(anonymous_10)
FNDA:1,(anonymous_11)
DA:1,1
DA:3,1
DA:4,1
DA:5,1
DA:6,1
DA:8,1
DA:10,1
DA:11,1
DA:12,1
DA:14,1
DA:15,1
DA:20,1
DA:21,4
DA:23,4
DA:24,4
DA:25,4
DA:26,4
DA:28,4
DA:30,4
DA:32,4
DA:35,1
DA:36,1
DA:38,1
DA:40,1
DA:41,1
DA:42,1
DA:43,1
DA:44,1
DA:47,1
DA:48,1
DA:50,1
DA:51,1
DA:52,0
DA:54,1
DA:55,1
DA:56,1
DA:62,1
DA:63,1
DA:64,1
DA:66,1
DA:67,1
DA:71,1
DA:72,1
DA:73,1
DA:79,1
DA:80,4
DA:83,1
DA:84,1
LF:48
LH:47
BRF:0
BRH:0
end_of_record
TN:
SF:send-message.js
FN:21,(anonymous_0)
FN:28,(anonymous_1)
FNF:2
FNH:2
FNDA:12,(anonymous_0)
FNDA:4,(anonymous_1)
DA:16,1
DA:17,1
DA:18,1
DA:19,1
DA:21,1
DA:23,12
DA:24,10
DA:25,8
DA:26,6
DA:28,4
DA:29,4
DA:35,4
DA:36,3
DA:37,2
DA:39,1
DA:41,1
DA:46,1
LF:17
LH:17
BRDA:35,0,0,1
BRDA:35,0,1,3
BRDA:36,1,0,1
BRDA:36,1,1,2
BRDA:37,2,0,1
BRDA:37,2,1,1
BRF:6
BRH:6
end_of_record
TN:
SF:send-message.spec.js
FN:14,(anonymous_0)
FN:20,(anonymous_1)
FN:25,(anonymous_2)
FN:53,(anonymous_3)
FN:65,(anonymous_4)
FN:78,(anonymous_5)
FN:91,(anonymous_6)
FN:104,(anonymous_7)
FN:105,(anonymous_8)
FN:108,(anonymous_9)
FN:111,(anonymous_10)
FN:114,(anonymous_11)
FN:119,(anonymous_12)
FN:121,(anonymous_13)
FN:124,(anonymous_14)
FN:127,(anonymous_15)
FN:130,(anonymous_16)
FN:136,(anonymous_17)
FN:140,(anonymous_18)
FNF:19
FNH:19
FNDA:1,(anonymous_0)
FNDA:1,(anonymous_1)
FNDA:6,(anonymous_2)
FNDA:1,(anonymous_3)
FNDA:1,(anonymous_4)
FNDA:1,(anonymous_5)
FNDA:1,(anonymous_6)
FNDA:1,(anonymous_7)
FNDA:1,(anonymous_8)
FNDA:1,(anonymous_9)
FNDA:1,(anonymous_10)
FNDA:1,(anonymous_11)
FNDA:1,(anonymous_12)
FNDA:1,(anonymous_13)
FNDA:1,(anonymous_14)
FNDA:1,(anonymous_15)
FNDA:1,(anonymous_16)
FNDA:6,(anonymous_17)
FNDA:1,(anonymous_18)
DA:1,1
DA:3,1
DA:4,1
DA:5,1
DA:6,1
DA:8,1
DA:10,1
DA:11,1
DA:12,1
DA:14,1
DA:20,1
DA:21,1
DA:22,1
DA:25,1
DA:26,6
DA:27,6
DA:28,6
DA:29,6
DA:30,6
DA:32,6
DA:33,6
DA:35,6
DA:36,6
DA:37,6
DA:38,6
DA:39,6
DA:41,6
DA:42,6
DA:44,6
DA:45,6
DA:46,6
DA:47,6
DA:48,6
DA:50,6
DA:53,1
DA:54,1
DA:56,1
DA:58,1
DA:59,1
DA:60,1
DA:61,1
DA:62,1
DA:65,1
DA:66,1
DA:68,1
DA:69,1
DA:70,0
DA:72,1
DA:73,1
DA:74,1
DA:78,1
DA:79,1
DA:81,1
DA:82,1
DA:83,0
DA:85,1
DA:86,1
DA:87,1
DA:91,1
DA:92,1
DA:94,1
DA:95,1
DA:96,0
DA:98,1
DA:99,1
DA:100,1
DA:104,1
DA:105,1
DA:106,1
DA:108,1
DA:109,1
DA:111,1
DA:112,1
DA:114,1
DA:115,1
DA:119,1
DA:121,1
DA:122,1
DA:124,1
DA:125,1
DA:127,1
DA:128,1
DA:130,1
DA:131,1
DA:136,1
DA:137,6
DA:140,1
DA:141,1
DA:142,1
LF:89
LH:86
BRF:0
BRH:0
end_of_record
TN:
SF:toggle-following.js
FN:21,(anonymous_0)
FN:25,(anonymous_1)
FNF:2
FNH:2
FNDA:10,(anonymous_0)
FNDA:5,(anonymous_1)
DA:14,1
DA:15,1
DA:16,1
DA:17,1
DA:21,1
DA:22,10
DA:23,8
DA:24,6
DA:25,5
DA:26,5
DA:31,5
DA:32,4
DA:34,3
DA:35,2
DA:36,2
DA:38,1
DA:39,1
LF:17
LH:17
BRDA:24,0,0,1
BRDA:24,0,1,5
BRDA:31,1,0,1
BRDA:31,1,1,4
BRDA:32,2,0,1
BRDA:32,2,1,3
BRDA:34,3,0,2
BRDA:34,3,1,1
BRF:8
BRH:8
end_of_record
TN:
SF:toggle-following.spec.js
FN:11,(anonymous_0)
FN:14,(anonymous_1)
FN:22,(anonymous_2)
FN:42,(anonymous_3)
FN:49,(anonymous_4)
FN:57,(anonymous_5)
FN:63,(anonymous_6)
FN:78,(anonymous_7)
FN:89,(anonymous_8)
FN:101,(anonymous_9)
FN:113,(anonymous_10)
FN:114,(anonymous_11)
FN:117,(anonymous_12)
FN:122,(anonymous_13)
FN:124,(anonymous_14)
FN:127,(anonymous_15)
FN:133,(anonymous_16)
FN:134,(anonymous_17)
FNF:18
FNH:18
FNDA:1,(anonymous_0)
FNDA:1,(anonymous_1)
FNDA:7,(anonymous_2)
FNDA:1,(anonymous_3)
FNDA:1,(anonymous_4)
FNDA:1,(anonymous_5)
FNDA:1,(anonymous_6)
FNDA:1,(anonymous_7)
FNDA:1,(anonymous_8)
FNDA:1,(anonymous_9)
FNDA:1,(anonymous_10)
FNDA:1,(anonymous_11)
FNDA:1,(anonymous_12)
FNDA:1,(anonymous_13)
FNDA:1,(anonymous_14)
FNDA:1,(anonymous_15)
FNDA:7,(anonymous_16)
FNDA:1,(anonymous_17)
DA:1,1
DA:3,1
DA:4,1
DA:5,1
DA:6,1
DA:7,1
DA:8,1
DA:9,1
DA:11,1
DA:14,1
DA:15,1
DA:22,1
DA:23,7
DA:24,7
DA:25,7
DA:26,7
DA:27,7
DA:29,7
DA:30,7
DA:32,7
DA:33,7
DA:34,7
DA:35,7
DA:36,7
DA:38,7
DA:39,7
DA:42,1
DA:43,1
DA:45,1
DA:46,1
DA:47,1
DA:49,1
DA:50,1
DA:53,1
DA:54,1
DA:55,1
DA:57,1
DA:58,1
DA:63,1
DA:64,1
DA:65,1
DA:68,1
DA:69,1
DA:70,1
DA:72,1
DA:73,1
DA:74,1
DA:78,1
DA:80,1
DA:81,1
DA:82,0
DA:84,1
DA:85,1
DA:86,1
DA:89,1
DA:90,1
DA:91,1
DA:92,1
DA:93,0
DA:95,1
DA:96,1
DA:97,1
DA:101,1
DA:102,1
DA:103,1
DA:104,1
DA:105,0
DA:107,1
DA:108,1
DA:109,1
DA:113,1
DA:114,1
DA:115,1
DA:117,1
DA:118,1
DA:122,1
DA:124,1
DA:125,1
DA:127,1
DA:128,1
DA:133,7
DA:134,1
DA:135,1
LF:83
LH:80
BRF:0
BRH:0
end_of_record
TN:
SF:update-coordinates.js
FN:22,(anonymous_0)
FN:28,(anonymous_1)
FNF:2
FNH:2
FNDA:10,(anonymous_0)
FNDA:4,(anonymous_1)
DA:16,1
DA:17,1
DA:19,1
DA:20,1
DA:22,1
DA:24,10
DA:25,8
DA:26,6
DA:28,4
DA:30,4
DA:32,4
DA:34,3
DA:36,3
LF:13
LH:13
BRDA:32,0,0,1
BRDA:32,0,1,3
BRF:2
BRH:2
end_of_record
TN:
SF:update-coordinates.spec.js
FN:14,(anonymous_0)
FN:18,(anonymous_1)
FN:23,(anonymous_2)
FN:37,(anonymous_3)
FN:47,(anonymous_4)
FN:61,(anonymous_5)
FN:74,(anonymous_6)
FN:75,(anonymous_7)
FN:78,(anonymous_8)
FN:81,(anonymous_9)
FN:86,(anonymous_10)
FN:87,(anonymous_11)
FN:90,(anonymous_12)
FN:93,(anonymous_13)
FN:98,(anonymous_14)
FN:102,(anonymous_15)
FNF:16
FNH:16
FNDA:1,(anonymous_0)
FNDA:1,(anonymous_1)
FNDA:5,(anonymous_2)
FNDA:1,(anonymous_3)
FNDA:1,(anonymous_4)
FNDA:1,(anonymous_5)
FNDA:1,(anonymous_6)
FNDA:1,(anonymous_7)
FNDA:1,(anonymous_8)
FNDA:1,(anonymous_9)
FNDA:1,(anonymous_10)
FNDA:1,(anonymous_11)
FNDA:1,(anonymous_12)
FNDA:1,(anonymous_13)
FNDA:5,(anonymous_14)
FNDA:1,(anonymous_15)
DA:1,1
DA:3,1
DA:4,1
DA:5,1
DA:6,1
DA:8,1
DA:10,1
DA:11,1
DA:12,1
DA:14,1
DA:18,1
DA:19,1
DA:20,1
DA:23,1
DA:24,5
DA:25,5
DA:26,5
DA:27,5
DA:28,5
DA:30,5
DA:31,5
DA:33,5
DA:34,5
DA:37,1
DA:38,1
DA:40,1
DA:42,1
DA:43,1
DA:44,1
DA:47,1
DA:48,1
DA:50,1
DA:51,1
DA:53,1
DA:55,1
DA:57,1
DA:58,1
DA:59,1
DA:61,1
DA:62,1
DA:63,1
DA:64,1
DA:65,0
DA:67,1
DA:68,1
DA:69,1
DA:74,1
DA:75,1
DA:76,1
DA:78,1
DA:79,1
DA:81,1
DA:82,1
DA:86,1
DA:87,1
DA:88,1
DA:90,1
DA:91,1
DA:93,1
DA:94,1
DA:98,1
DA:99,5
DA:102,1
DA:103,1
DA:104,1
LF:65
LH:64
BRF:0
BRH:0
end_of_record
TN:
SF:update-user.js
FN:26,(anonymous_0)
FN:35,(anonymous_1)
FNF:2
FNH:2
FNDA:11,(anonymous_0)
FNDA:4,(anonymous_1)
DA:19,1
DA:20,1
DA:22,1
DA:23,1
DA:24,1
DA:26,1
DA:28,11
DA:29,9
DA:30,8
DA:31,7
DA:32,6
DA:35,4
DA:36,4
DA:37,4
DA:39,3
DA:40,3
DA:42,2
DA:43,2
DA:44,2
DA:45,2
DA:48,1
DA:49,1
DA:50,1
LF:23
LH:23
BRDA:29,0,0,9
BRDA:29,0,1,0
BRDA:30,1,0,8
BRDA:30,1,1,0
BRDA:31,2,0,7
BRDA:31,2,1,0
BRDA:37,3,0,1
BRDA:37,3,1,3
BRDA:40,4,0,1
BRDA:40,4,1,2
BRDA:42,5,0,2
BRDA:42,5,1,0
BRDA:45,6,0,1
BRDA:45,6,1,1
BRDA:48,7,0,1
BRDA:48,7,1,0
BRDA:49,8,0,1
BRDA:49,8,1,0
BRDA:50,9,0,1
BRDA:50,9,1,0
BRF:20
BRH:13
end_of_record
TN:
SF:update-user.spec.js
FN:14,(anonymous_0)
FN:19,(anonymous_1)
FN:24,(anonymous_2)
FN:39,(anonymous_3)
FN:56,(anonymous_4)
FN:67,(anonymous_5)
FN:79,(anonymous_6)
FN:93,(anonymous_7)
FN:94,(anonymous_8)
FN:97,(anonymous_9)
FN:100,(anonymous_10)
FN:103,(anonymous_11)
FN:106,(anonymous_12)
FN:111,(anonymous_13)
FN:113,(anonymous_14)
FN:116,(anonymous_15)
FN:122,(anonymous_16)
FN:126,(anonymous_17)
FNF:18
FNH:18
FNDA:1,(anonymous_0)
FNDA:1,(anonymous_1)
FNDA:6,(anonymous_2)
FNDA:1,(anonymous_3)
FNDA:1,(anonymous_4)
FNDA:1,(anonymous_5)
FNDA:1,(anonymous_6)
FNDA:1,(anonymous_7)
FNDA:1,(anonymous_8)
FNDA:1,(anonymous_9)
FNDA:1,(anonymous_10)
FNDA:1,(anonymous_11)
FNDA:1,(anonymous_12)
FNDA:1,(anonymous_13)
FNDA:1,(anonymous_14)
FNDA:1,(anonymous_15)
FNDA:6,(anonymous_16)
FNDA:1,(anonymous_17)
DA:1,1
DA:3,1
DA:4,1
DA:5,1
DA:6,1
DA:8,1
DA:10,1
DA:11,1
DA:12,1
DA:14,1
DA:19,1
DA:20,1
DA:21,1
DA:24,1
DA:25,6
DA:26,6
DA:27,6
DA:28,6
DA:29,6
DA:31,6
DA:32,6
DA:34,6
DA:35,6
DA:36,6
DA:39,1
DA:41,1
DA:42,1
DA:43,1
DA:46,1
DA:48,1
DA:49,1
DA:50,1
DA:51,1
DA:52,1
DA:53,1
DA:56,1
DA:57,1
DA:58,1
DA:59,1
DA:60,0
DA:62,1
DA:63,1
DA:64,1
DA:67,1
DA:69,1
DA:70,1
DA:71,0
DA:73,1
DA:74,1
DA:75,1
DA:79,1
DA:80,1
DA:82,1
DA:83,1
DA:84,0
DA:86,1
DA:87,1
DA:88,1
DA:93,1
DA:94,1
DA:95,1
DA:97,1
DA:98,1
DA:100,1
DA:101,1
DA:103,1
DA:104,1
DA:106,1
DA:107,1
DA:111,1
DA:113,1
DA:114,1
DA:116,1
DA:117,1
DA:122,1
DA:123,6
DA:126,1
DA:127,1
LF:78
LH:75
BRF:0
BRH:0
end_of_record
