{"/Users/sergioluis/bootcamp/collab/skylab-bootcamp-202004/staff/sergio-luis/books/books-client-logic/accepted-share-book.spec.js":{"path":"/Users/sergioluis/bootcamp/collab/skylab-bootcamp-202004/staff/sergio-luis/books/books-client-logic/accepted-share-book.spec.js","statementMap":{"0":{"start":{"line":1,"column":0},"end":{"line":1,"column":26}},"1":{"start":{"line":3,"column":81},"end":{"line":3,"column":88}},"2":{"start":{"line":4,"column":19},"end":{"line":4,"column":23}},"3":{"start":{"line":5,"column":18},"end":{"line":5,"column":50}},"4":{"start":{"line":6,"column":19},"end":{"line":6,"column":34}},"5":{"start":{"line":7,"column":0},"end":{"line":7,"column":39}},"6":{"start":{"line":9,"column":44},"end":{"line":9,"column":65}},"7":{"start":{"line":10,"column":34},"end":{"line":10,"column":58}},"8":{"start":{"line":11,"column":22},"end":{"line":11,"column":51}},"9":{"start":{"line":12,"column":15},"end":{"line":12,"column":34}},"10":{"start":{"line":13,"column":0},"end":{"line":13,"column":36}},"11":{"start":{"line":14,"column":16},"end":{"line":14,"column":36}},"12":{"start":{"line":15,"column":21},"end":{"line":15,"column":49}},"13":{"start":{"line":17,"column":0},"end":{"line":17,"column":25}},"14":{"start":{"line":18,"column":0},"end":{"line":18,"column":30}},"15":{"start":{"line":20,"column":0},"end":{"line":151,"column":2}},"16":{"start":{"line":25,"column":4},"end":{"line":28,"column":6}},"17":{"start":{"line":26,"column":8},"end":{"line":26,"column":69}},"18":{"start":{"line":27,"column":8},"end":{"line":27,"column":66}},"19":{"start":{"line":30,"column":4},"end":{"line":57,"column":6}},"20":{"start":{"line":31,"column":8},"end":{"line":31,"column":34}},"21":{"start":{"line":32,"column":8},"end":{"line":32,"column":40}},"22":{"start":{"line":33,"column":8},"end":{"line":33,"column":46}},"23":{"start":{"line":34,"column":8},"end":{"line":34,"column":42}},"24":{"start":{"line":35,"column":8},"end":{"line":35,"column":60}},"25":{"start":{"line":37,"column":21},"end":{"line":37,"column":93}},"26":{"start":{"line":38,"column":8},"end":{"line":38,"column":25}},"27":{"start":{"line":40,"column":8},"end":{"line":40,"column":46}},"28":{"start":{"line":41,"column":8},"end":{"line":41,"column":52}},"29":{"start":{"line":42,"column":8},"end":{"line":42,"column":58}},"30":{"start":{"line":43,"column":8},"end":{"line":43,"column":54}},"31":{"start":{"line":44,"column":8},"end":{"line":44,"column":72}},"32":{"start":{"line":46,"column":27},"end":{"line":46,"column":145}},"33":{"start":{"line":47,"column":8},"end":{"line":47,"column":36}},"34":{"start":{"line":49,"column":8},"end":{"line":49,"column":36}},"35":{"start":{"line":50,"column":8},"end":{"line":50,"column":32}},"36":{"start":{"line":51,"column":8},"end":{"line":51,"column":28}},"37":{"start":{"line":52,"column":21},"end":{"line":52,"column":110}},"38":{"start":{"line":53,"column":8},"end":{"line":53,"column":25}},"39":{"start":{"line":55,"column":8},"end":{"line":55,"column":63}},"40":{"start":{"line":56,"column":8},"end":{"line":56,"column":53}},"41":{"start":{"line":59,"column":4},"end":{"line":67,"column":6}},"42":{"start":{"line":60,"column":8},"end":{"line":60,"column":44}},"43":{"start":{"line":62,"column":21},"end":{"line":62,"column":48}},"44":{"start":{"line":64,"column":8},"end":{"line":64,"column":29}},"45":{"start":{"line":65,"column":8},"end":{"line":65,"column":67}},"46":{"start":{"line":66,"column":8},"end":{"line":66,"column":60}},"47":{"start":{"line":69,"column":4},"end":{"line":80,"column":6}},"48":{"start":{"line":70,"column":23},"end":{"line":70,"column":76}},"49":{"start":{"line":71,"column":8},"end":{"line":71,"column":54}},"50":{"start":{"line":72,"column":8},"end":{"line":79,"column":8}},"51":{"start":{"line":73,"column":12},"end":{"line":73,"column":42}},"52":{"start":{"line":74,"column":12},"end":{"line":74,"column":58}},"53":{"start":{"line":76,"column":11},"end":{"line":76,"column":33}},"54":{"start":{"line":77,"column":11},"end":{"line":77,"column":51}},"55":{"start":{"line":78,"column":11},"end":{"line":78,"column":74}},"56":{"start":{"line":84,"column":4},"end":{"line":96,"column":6}},"57":{"start":{"line":85,"column":8},"end":{"line":85,"column":43}},"58":{"start":{"line":86,"column":23},"end":{"line":86,"column":70}},"59":{"start":{"line":87,"column":8},"end":{"line":87,"column":54}},"60":{"start":{"line":88,"column":8},"end":{"line":95,"column":9}},"61":{"start":{"line":89,"column":12},"end":{"line":89,"column":48}},"62":{"start":{"line":90,"column":12},"end":{"line":90,"column":58}},"63":{"start":{"line":92,"column":12},"end":{"line":92,"column":34}},"64":{"start":{"line":93,"column":12},"end":{"line":93,"column":52}},"65":{"start":{"line":94,"column":12},"end":{"line":94,"column":83}},"66":{"start":{"line":98,"column":4},"end":{"line":109,"column":6}},"67":{"start":{"line":99,"column":8},"end":{"line":99,"column":49}},"68":{"start":{"line":101,"column":8},"end":{"line":108,"column":9}},"69":{"start":{"line":102,"column":12},"end":{"line":102,"column":48}},"70":{"start":{"line":103,"column":12},"end":{"line":103,"column":58}},"71":{"start":{"line":105,"column":12},"end":{"line":105,"column":34}},"72":{"start":{"line":106,"column":12},"end":{"line":106,"column":52}},"73":{"start":{"line":107,"column":12},"end":{"line":107,"column":89}},"74":{"start":{"line":110,"column":4},"end":{"line":121,"column":6}},"75":{"start":{"line":111,"column":8},"end":{"line":111,"column":43}},"76":{"start":{"line":113,"column":8},"end":{"line":120,"column":9}},"77":{"start":{"line":114,"column":12},"end":{"line":114,"column":48}},"78":{"start":{"line":115,"column":12},"end":{"line":115,"column":58}},"79":{"start":{"line":117,"column":12},"end":{"line":117,"column":34}},"80":{"start":{"line":118,"column":12},"end":{"line":118,"column":52}},"81":{"start":{"line":119,"column":12},"end":{"line":119,"column":83}},"82":{"start":{"line":124,"column":4},"end":{"line":131,"column":6}},"83":{"start":{"line":125,"column":8},"end":{"line":127,"column":53}},"84":{"start":{"line":126,"column":12},"end":{"line":126,"column":33}},"85":{"start":{"line":128,"column":8},"end":{"line":130,"column":55}},"86":{"start":{"line":129,"column":12},"end":{"line":129,"column":41}},"87":{"start":{"line":133,"column":4},"end":{"line":141,"column":6}},"88":{"start":{"line":135,"column":8},"end":{"line":137,"column":58}},"89":{"start":{"line":136,"column":12},"end":{"line":136,"column":32}},"90":{"start":{"line":138,"column":8},"end":{"line":140,"column":58}},"91":{"start":{"line":139,"column":12},"end":{"line":139,"column":38}},"92":{"start":{"line":143,"column":4},"end":{"line":145,"column":6}},"93":{"start":{"line":144,"column":8},"end":{"line":144,"column":66}},"94":{"start":{"line":147,"column":4},"end":{"line":150,"column":6}},"95":{"start":{"line":148,"column":8},"end":{"line":148,"column":66}},"96":{"start":{"line":149,"column":8},"end":{"line":149,"column":36}}},"fnMap":{"0":{"name":"(anonymous_0)","decl":{"start":{"line":20,"column":43},"end":{"line":20,"column":44}},"loc":{"start":{"line":20,"column":49},"end":{"line":151,"column":1}},"line":20},"1":{"name":"(anonymous_1)","decl":{"start":{"line":25,"column":12},"end":{"line":25,"column":13}},"loc":{"start":{"line":25,"column":23},"end":{"line":28,"column":5}},"line":25},"2":{"name":"(anonymous_2)","decl":{"start":{"line":30,"column":15},"end":{"line":30,"column":16}},"loc":{"start":{"line":30,"column":26},"end":{"line":57,"column":5}},"line":30},"3":{"name":"(anonymous_3)","decl":{"start":{"line":59,"column":49},"end":{"line":59,"column":50}},"loc":{"start":{"line":59,"column":60},"end":{"line":67,"column":5}},"line":59},"4":{"name":"(anonymous_4)","decl":{"start":{"line":69,"column":78},"end":{"line":69,"column":79}},"loc":{"start":{"line":69,"column":89},"end":{"line":80,"column":5}},"line":69},"5":{"name":"(anonymous_5)","decl":{"start":{"line":84,"column":38},"end":{"line":84,"column":39}},"loc":{"start":{"line":84,"column":50},"end":{"line":96,"column":5}},"line":84},"6":{"name":"(anonymous_6)","decl":{"start":{"line":98,"column":44},"end":{"line":98,"column":45}},"loc":{"start":{"line":98,"column":56},"end":{"line":109,"column":5}},"line":98},"7":{"name":"(anonymous_7)","decl":{"start":{"line":110,"column":38},"end":{"line":110,"column":39}},"loc":{"start":{"line":110,"column":50},"end":{"line":121,"column":5}},"line":110},"8":{"name":"(anonymous_8)","decl":{"start":{"line":124,"column":42},"end":{"line":124,"column":43}},"loc":{"start":{"line":124,"column":48},"end":{"line":131,"column":5}},"line":124},"9":{"name":"(anonymous_9)","decl":{"start":{"line":125,"column":15},"end":{"line":125,"column":16}},"loc":{"start":{"line":125,"column":21},"end":{"line":127,"column":9}},"line":125},"10":{"name":"(anonymous_10)","decl":{"start":{"line":128,"column":15},"end":{"line":128,"column":16}},"loc":{"start":{"line":128,"column":21},"end":{"line":130,"column":9}},"line":128},"11":{"name":"(anonymous_11)","decl":{"start":{"line":133,"column":42},"end":{"line":133,"column":43}},"loc":{"start":{"line":133,"column":48},"end":{"line":141,"column":5}},"line":133},"12":{"name":"(anonymous_12)","decl":{"start":{"line":135,"column":15},"end":{"line":135,"column":16}},"loc":{"start":{"line":135,"column":21},"end":{"line":137,"column":9}},"line":135},"13":{"name":"(anonymous_13)","decl":{"start":{"line":138,"column":15},"end":{"line":138,"column":16}},"loc":{"start":{"line":138,"column":21},"end":{"line":140,"column":9}},"line":138},"14":{"name":"(anonymous_14)","decl":{"start":{"line":143,"column":14},"end":{"line":143,"column":15}},"loc":{"start":{"line":143,"column":25},"end":{"line":145,"column":5}},"line":143},"15":{"name":"(anonymous_15)","decl":{"start":{"line":147,"column":11},"end":{"line":147,"column":12}},"loc":{"start":{"line":147,"column":22},"end":{"line":150,"column":5}},"line":147}},"branchMap":{},"s":{"0":1,"1":1,"2":1,"3":1,"4":1,"5":1,"6":1,"7":1,"8":1,"9":1,"10":1,"11":1,"12":1,"13":1,"14":1,"15":1,"16":1,"17":1,"18":1,"19":1,"20":7,"21":7,"22":7,"23":7,"24":7,"25":7,"26":7,"27":7,"28":7,"29":7,"30":7,"31":7,"32":7,"33":7,"34":7,"35":7,"36":7,"37":7,"38":7,"39":7,"40":7,"41":1,"42":1,"43":1,"44":1,"45":1,"46":1,"47":1,"48":1,"49":1,"50":1,"51":1,"52":0,"53":1,"54":1,"55":1,"56":1,"57":1,"58":1,"59":1,"60":1,"61":1,"62":0,"63":1,"64":1,"65":1,"66":1,"67":1,"68":1,"69":1,"70":0,"71":1,"72":1,"73":1,"74":1,"75":1,"76":1,"77":1,"78":0,"79":1,"80":1,"81":1,"82":1,"83":1,"84":1,"85":1,"86":1,"87":1,"88":1,"89":1,"90":1,"91":1,"92":1,"93":7,"94":1,"95":1,"96":1},"f":{"0":1,"1":1,"2":7,"3":1,"4":1,"5":1,"6":1,"7":1,"8":1,"9":1,"10":1,"11":1,"12":1,"13":1,"14":7,"15":1},"b":{},"_coverageSchema":"1a1c01bbd47fc00a2c39e90264f33305004495a9","hash":"0fdecbff782419215b6f5c1f1b9f0693d8750526","contentHash":"2869b96fbeacb7f0440fd80afe8ec8dd96869e564ba0a8c81fd98c85a66b7204"},"/Users/sergioluis/bootcamp/collab/skylab-bootcamp-202004/staff/sergio-luis/books/books-client-logic/accepted-share-book.js":{"path":"/Users/sergioluis/bootcamp/collab/skylab-bootcamp-202004/staff/sergio-luis/books/books-client-logic/accepted-share-book.js","statementMap":{"0":{"start":{"line":15,"column":0},"end":{"line":15,"column":41}},"1":{"start":{"line":16,"column":25},"end":{"line":16,"column":49}},"2":{"start":{"line":17,"column":16},"end":{"line":17,"column":36}},"3":{"start":{"line":19,"column":0},"end":{"line":38,"column":15}},"4":{"start":{"line":20,"column":4},"end":{"line":20,"column":38}},"5":{"start":{"line":21,"column":4},"end":{"line":21,"column":35}},"6":{"start":{"line":23,"column":4},"end":{"line":37,"column":8}},"7":{"start":{"line":24,"column":22},"end":{"line":24,"column":57}},"8":{"start":{"line":25,"column":21},"end":{"line":29,"column":88}},"9":{"start":{"line":31,"column":34},"end":{"line":31,"column":38}},"10":{"start":{"line":32,"column":12},"end":{"line":36,"column":13}},"11":{"start":{"line":32,"column":32},"end":{"line":32,"column":38}},"12":{"start":{"line":34,"column":34},"end":{"line":34,"column":50}},"13":{"start":{"line":35,"column":16},"end":{"line":35,"column":38}}},"fnMap":{"0":{"name":"(anonymous_0)","decl":{"start":{"line":19,"column":17},"end":{"line":19,"column":18}},"loc":{"start":{"line":19,"column":44},"end":{"line":38,"column":1}},"line":19},"1":{"name":"(anonymous_1)","decl":{"start":{"line":23,"column":12},"end":{"line":23,"column":13}},"loc":{"start":{"line":23,"column":21},"end":{"line":37,"column":5}},"line":23}},"branchMap":{"0":{"loc":{"start":{"line":32,"column":12},"end":{"line":36,"column":13}},"type":"if","locations":[{"start":{"line":32,"column":12},"end":{"line":36,"column":13}},{"start":{"line":32,"column":12},"end":{"line":36,"column":13}}],"line":32}},"s":{"0":1,"1":1,"2":1,"3":1,"4":9,"5":7,"6":5,"7":5,"8":5,"9":5,"10":5,"11":1,"12":4,"13":4},"f":{"0":9,"1":5},"b":{"0":[1,4]},"_coverageSchema":"1a1c01bbd47fc00a2c39e90264f33305004495a9","hash":"4051b02559111694f3a3f16f65ba353be8d8e4d8","contentHash":"7201db2bf05431c6e2b91639d346a983590b7726c9cfd8c2471ea7491e82c8fc"},"/Users/sergioluis/bootcamp/collab/skylab-bootcamp-202004/staff/sergio-luis/books/books-client-logic/context.js":{"path":"/Users/sergioluis/bootcamp/collab/skylab-bootcamp-202004/staff/sergio-luis/books/books-client-logic/context.js","statementMap":{"0":{"start":{"line":1,"column":0},"end":{"line":4,"column":1}}},"fnMap":{},"branchMap":{},"s":{"0":1},"f":{},"b":{},"_coverageSchema":"1a1c01bbd47fc00a2c39e90264f33305004495a9","hash":"4882723a9783dae098fd520ce0c5b28e453542e7","contentHash":"323657c47d331e65bae562288fc1e8033a09f8940c830c481a3f8eeee8360755"},"/Users/sergioluis/bootcamp/collab/skylab-bootcamp-202004/staff/sergio-luis/books/books-client-logic/add-requested-book.spec.js":{"path":"/Users/sergioluis/bootcamp/collab/skylab-bootcamp-202004/staff/sergio-luis/books/books-client-logic/add-requested-book.spec.js","statementMap":{"0":{"start":{"line":1,"column":0},"end":{"line":1,"column":26}},"1":{"start":{"line":3,"column":81},"end":{"line":3,"column":88}},"2":{"start":{"line":4,"column":19},"end":{"line":4,"column":23}},"3":{"start":{"line":5,"column":20},"end":{"line":5,"column":51}},"4":{"start":{"line":6,"column":19},"end":{"line":6,"column":34}},"5":{"start":{"line":7,"column":0},"end":{"line":7,"column":39}},"6":{"start":{"line":9,"column":44},"end":{"line":9,"column":65}},"7":{"start":{"line":10,"column":34},"end":{"line":10,"column":58}},"8":{"start":{"line":11,"column":22},"end":{"line":11,"column":51}},"9":{"start":{"line":12,"column":15},"end":{"line":12,"column":34}},"10":{"start":{"line":13,"column":0},"end":{"line":13,"column":36}},"11":{"start":{"line":14,"column":16},"end":{"line":14,"column":36}},"12":{"start":{"line":15,"column":21},"end":{"line":15,"column":49}},"13":{"start":{"line":17,"column":0},"end":{"line":17,"column":25}},"14":{"start":{"line":18,"column":0},"end":{"line":18,"column":30}},"15":{"start":{"line":20,"column":0},"end":{"line":139,"column":2}},"16":{"start":{"line":25,"column":4},"end":{"line":28,"column":6}},"17":{"start":{"line":26,"column":8},"end":{"line":26,"column":69}},"18":{"start":{"line":27,"column":8},"end":{"line":27,"column":66}},"19":{"start":{"line":30,"column":4},"end":{"line":57,"column":6}},"20":{"start":{"line":31,"column":8},"end":{"line":31,"column":34}},"21":{"start":{"line":32,"column":8},"end":{"line":32,"column":40}},"22":{"start":{"line":33,"column":8},"end":{"line":33,"column":46}},"23":{"start":{"line":34,"column":8},"end":{"line":34,"column":42}},"24":{"start":{"line":35,"column":8},"end":{"line":35,"column":60}},"25":{"start":{"line":37,"column":21},"end":{"line":37,"column":93}},"26":{"start":{"line":38,"column":8},"end":{"line":38,"column":25}},"27":{"start":{"line":40,"column":8},"end":{"line":40,"column":46}},"28":{"start":{"line":41,"column":8},"end":{"line":41,"column":52}},"29":{"start":{"line":42,"column":8},"end":{"line":42,"column":58}},"30":{"start":{"line":43,"column":8},"end":{"line":43,"column":54}},"31":{"start":{"line":44,"column":8},"end":{"line":44,"column":72}},"32":{"start":{"line":46,"column":27},"end":{"line":46,"column":145}},"33":{"start":{"line":47,"column":8},"end":{"line":47,"column":36}},"34":{"start":{"line":49,"column":8},"end":{"line":49,"column":36}},"35":{"start":{"line":50,"column":8},"end":{"line":50,"column":32}},"36":{"start":{"line":51,"column":8},"end":{"line":51,"column":28}},"37":{"start":{"line":52,"column":21},"end":{"line":52,"column":123}},"38":{"start":{"line":53,"column":8},"end":{"line":53,"column":25}},"39":{"start":{"line":55,"column":8},"end":{"line":55,"column":63}},"40":{"start":{"line":56,"column":8},"end":{"line":56,"column":52}},"41":{"start":{"line":59,"column":4},"end":{"line":70,"column":6}},"42":{"start":{"line":60,"column":8},"end":{"line":60,"column":33}},"43":{"start":{"line":62,"column":21},"end":{"line":62,"column":48}},"44":{"start":{"line":64,"column":8},"end":{"line":64,"column":29}},"45":{"start":{"line":66,"column":8},"end":{"line":68,"column":10}},"46":{"start":{"line":67,"column":12},"end":{"line":67,"column":52}},"47":{"start":{"line":71,"column":4},"end":{"line":85,"column":6}},"48":{"start":{"line":72,"column":8},"end":{"line":72,"column":36}},"49":{"start":{"line":73,"column":8},"end":{"line":73,"column":32}},"50":{"start":{"line":74,"column":8},"end":{"line":74,"column":28}},"51":{"start":{"line":75,"column":21},"end":{"line":75,"column":111}},"52":{"start":{"line":76,"column":8},"end":{"line":76,"column":25}},"53":{"start":{"line":78,"column":8},"end":{"line":84,"column":8}},"54":{"start":{"line":79,"column":12},"end":{"line":79,"column":37}},"55":{"start":{"line":81,"column":11},"end":{"line":81,"column":33}},"56":{"start":{"line":82,"column":11},"end":{"line":82,"column":51}},"57":{"start":{"line":83,"column":11},"end":{"line":83,"column":107}},"58":{"start":{"line":87,"column":4},"end":{"line":100,"column":6}},"59":{"start":{"line":88,"column":8},"end":{"line":88,"column":43}},"60":{"start":{"line":89,"column":23},"end":{"line":89,"column":70}},"61":{"start":{"line":90,"column":8},"end":{"line":90,"column":53}},"62":{"start":{"line":92,"column":8},"end":{"line":99,"column":9}},"63":{"start":{"line":93,"column":13},"end":{"line":93,"column":39}},"64":{"start":{"line":94,"column":13},"end":{"line":94,"column":59}},"65":{"start":{"line":96,"column":12},"end":{"line":96,"column":34}},"66":{"start":{"line":97,"column":12},"end":{"line":97,"column":52}},"67":{"start":{"line":98,"column":12},"end":{"line":98,"column":83}},"68":{"start":{"line":102,"column":4},"end":{"line":113,"column":6}},"69":{"start":{"line":103,"column":8},"end":{"line":103,"column":43}},"70":{"start":{"line":105,"column":8},"end":{"line":112,"column":9}},"71":{"start":{"line":106,"column":12},"end":{"line":106,"column":37}},"72":{"start":{"line":107,"column":12},"end":{"line":107,"column":58}},"73":{"start":{"line":109,"column":12},"end":{"line":109,"column":34}},"74":{"start":{"line":110,"column":12},"end":{"line":110,"column":52}},"75":{"start":{"line":111,"column":12},"end":{"line":111,"column":83}},"76":{"start":{"line":116,"column":4},"end":{"line":123,"column":6}},"77":{"start":{"line":117,"column":8},"end":{"line":119,"column":54}},"78":{"start":{"line":118,"column":12},"end":{"line":118,"column":29}},"79":{"start":{"line":120,"column":8},"end":{"line":122,"column":53}},"80":{"start":{"line":121,"column":12},"end":{"line":121,"column":28}},"81":{"start":{"line":125,"column":4},"end":{"line":129,"column":6}},"82":{"start":{"line":126,"column":8},"end":{"line":128,"column":58}},"83":{"start":{"line":127,"column":12},"end":{"line":127,"column":35}},"84":{"start":{"line":131,"column":4},"end":{"line":133,"column":6}},"85":{"start":{"line":132,"column":8},"end":{"line":132,"column":66}},"86":{"start":{"line":135,"column":4},"end":{"line":138,"column":6}},"87":{"start":{"line":136,"column":8},"end":{"line":136,"column":66}},"88":{"start":{"line":137,"column":8},"end":{"line":137,"column":36}}},"fnMap":{"0":{"name":"(anonymous_0)","decl":{"start":{"line":20,"column":44},"end":{"line":20,"column":45}},"loc":{"start":{"line":20,"column":50},"end":{"line":139,"column":1}},"line":20},"1":{"name":"(anonymous_1)","decl":{"start":{"line":25,"column":12},"end":{"line":25,"column":13}},"loc":{"start":{"line":25,"column":23},"end":{"line":28,"column":5}},"line":25},"2":{"name":"(anonymous_2)","decl":{"start":{"line":30,"column":15},"end":{"line":30,"column":16}},"loc":{"start":{"line":30,"column":26},"end":{"line":57,"column":5}},"line":30},"3":{"name":"(anonymous_3)","decl":{"start":{"line":59,"column":44},"end":{"line":59,"column":45}},"loc":{"start":{"line":59,"column":55},"end":{"line":70,"column":5}},"line":59},"4":{"name":"(anonymous_4)","decl":{"start":{"line":66,"column":36},"end":{"line":66,"column":37}},"loc":{"start":{"line":66,"column":42},"end":{"line":68,"column":9}},"line":66},"5":{"name":"(anonymous_5)","decl":{"start":{"line":71,"column":60},"end":{"line":71,"column":61}},"loc":{"start":{"line":71,"column":71},"end":{"line":85,"column":5}},"line":71},"6":{"name":"(anonymous_6)","decl":{"start":{"line":87,"column":36},"end":{"line":87,"column":37}},"loc":{"start":{"line":87,"column":48},"end":{"line":100,"column":5}},"line":87},"7":{"name":"(anonymous_7)","decl":{"start":{"line":102,"column":38},"end":{"line":102,"column":39}},"loc":{"start":{"line":102,"column":50},"end":{"line":113,"column":5}},"line":102},"8":{"name":"(anonymous_8)","decl":{"start":{"line":116,"column":42},"end":{"line":116,"column":43}},"loc":{"start":{"line":116,"column":48},"end":{"line":123,"column":5}},"line":116},"9":{"name":"(anonymous_9)","decl":{"start":{"line":117,"column":15},"end":{"line":117,"column":16}},"loc":{"start":{"line":117,"column":21},"end":{"line":119,"column":9}},"line":117},"10":{"name":"(anonymous_10)","decl":{"start":{"line":120,"column":15},"end":{"line":120,"column":16}},"loc":{"start":{"line":120,"column":21},"end":{"line":122,"column":9}},"line":120},"11":{"name":"(anonymous_11)","decl":{"start":{"line":125,"column":42},"end":{"line":125,"column":43}},"loc":{"start":{"line":125,"column":48},"end":{"line":129,"column":5}},"line":125},"12":{"name":"(anonymous_12)","decl":{"start":{"line":126,"column":15},"end":{"line":126,"column":16}},"loc":{"start":{"line":126,"column":21},"end":{"line":128,"column":9}},"line":126},"13":{"name":"(anonymous_13)","decl":{"start":{"line":131,"column":14},"end":{"line":131,"column":15}},"loc":{"start":{"line":131,"column":25},"end":{"line":133,"column":5}},"line":131},"14":{"name":"(anonymous_14)","decl":{"start":{"line":135,"column":11},"end":{"line":135,"column":12}},"loc":{"start":{"line":135,"column":22},"end":{"line":138,"column":5}},"line":135}},"branchMap":{},"s":{"0":1,"1":1,"2":1,"3":1,"4":1,"5":1,"6":1,"7":1,"8":1,"9":1,"10":1,"11":1,"12":1,"13":1,"14":1,"15":1,"16":1,"17":1,"18":1,"19":1,"20":6,"21":6,"22":6,"23":6,"24":6,"25":6,"26":6,"27":6,"28":6,"29":6,"30":6,"31":6,"32":6,"33":6,"34":6,"35":6,"36":6,"37":6,"38":6,"39":6,"40":6,"41":1,"42":1,"43":1,"44":1,"45":1,"46":1,"47":1,"48":1,"49":1,"50":1,"51":1,"52":1,"53":1,"54":1,"55":1,"56":1,"57":1,"58":1,"59":1,"60":1,"61":1,"62":1,"63":1,"64":0,"65":1,"66":1,"67":1,"68":1,"69":1,"70":1,"71":1,"72":0,"73":1,"74":1,"75":1,"76":1,"77":1,"78":1,"79":1,"80":1,"81":1,"82":1,"83":1,"84":1,"85":6,"86":1,"87":1,"88":1},"f":{"0":1,"1":1,"2":6,"3":1,"4":1,"5":1,"6":1,"7":1,"8":1,"9":1,"10":1,"11":1,"12":1,"13":6,"14":1},"b":{},"_coverageSchema":"1a1c01bbd47fc00a2c39e90264f33305004495a9","hash":"7e2c7c5f5529e8efb39abda3aaf1897d8815ddf9","contentHash":"450941cf6cafbf8730ed44b7e6ba71bfc5a259a29d6746f965e1a8d5119a1180"},"/Users/sergioluis/bootcamp/collab/skylab-bootcamp-202004/staff/sergio-luis/books/books-client-logic/add-requested-book.js":{"path":"/Users/sergioluis/bootcamp/collab/skylab-bootcamp-202004/staff/sergio-luis/books/books-client-logic/add-requested-book.js","statementMap":{"0":{"start":{"line":14,"column":0},"end":{"line":14,"column":41}},"1":{"start":{"line":16,"column":0},"end":{"line":16,"column":41}},"2":{"start":{"line":17,"column":25},"end":{"line":17,"column":49}},"3":{"start":{"line":18,"column":16},"end":{"line":18,"column":36}},"4":{"start":{"line":21,"column":0},"end":{"line":39,"column":15}},"5":{"start":{"line":22,"column":4},"end":{"line":22,"column":35}},"6":{"start":{"line":24,"column":4},"end":{"line":38,"column":8}},"7":{"start":{"line":25,"column":22},"end":{"line":25,"column":57}},"8":{"start":{"line":26,"column":21},"end":{"line":30,"column":49}},"9":{"start":{"line":32,"column":34},"end":{"line":32,"column":38}},"10":{"start":{"line":33,"column":12},"end":{"line":37,"column":13}},"11":{"start":{"line":33,"column":32},"end":{"line":33,"column":38}},"12":{"start":{"line":35,"column":34},"end":{"line":35,"column":50}},"13":{"start":{"line":36,"column":16},"end":{"line":36,"column":38}}},"fnMap":{"0":{"name":"(anonymous_0)","decl":{"start":{"line":21,"column":17},"end":{"line":21,"column":18}},"loc":{"start":{"line":21,"column":35},"end":{"line":39,"column":1}},"line":21},"1":{"name":"(anonymous_1)","decl":{"start":{"line":24,"column":12},"end":{"line":24,"column":13}},"loc":{"start":{"line":24,"column":23},"end":{"line":38,"column":5}},"line":24}},"branchMap":{"0":{"loc":{"start":{"line":33,"column":12},"end":{"line":37,"column":13}},"type":"if","locations":[{"start":{"line":33,"column":12},"end":{"line":37,"column":13}},{"start":{"line":33,"column":12},"end":{"line":37,"column":13}}],"line":33}},"s":{"0":1,"1":1,"2":1,"3":1,"4":1,"5":7,"6":4,"7":4,"8":4,"9":4,"10":4,"11":1,"12":3,"13":3},"f":{"0":7,"1":4},"b":{"0":[1,3]},"_coverageSchema":"1a1c01bbd47fc00a2c39e90264f33305004495a9","hash":"eef7aba5223836ecaba93a7c2e80b7f672f74fd9","contentHash":"5bc290533e3a755ce508188bdc7b8f2955b776ce2c210b082f9ff24b0412199b"},"/Users/sergioluis/bootcamp/collab/skylab-bootcamp-202004/staff/sergio-luis/books/books-client-logic/add-score.spec.js":{"path":"/Users/sergioluis/bootcamp/collab/skylab-bootcamp-202004/staff/sergio-luis/books/books-client-logic/add-score.spec.js","statementMap":{"0":{"start":{"line":1,"column":0},"end":{"line":1,"column":26}},"1":{"start":{"line":3,"column":81},"end":{"line":3,"column":88}},"2":{"start":{"line":4,"column":19},"end":{"line":4,"column":23}},"3":{"start":{"line":5,"column":17},"end":{"line":5,"column":39}},"4":{"start":{"line":6,"column":19},"end":{"line":6,"column":34}},"5":{"start":{"line":7,"column":0},"end":{"line":7,"column":39}},"6":{"start":{"line":9,"column":38},"end":{"line":9,"column":59}},"7":{"start":{"line":10,"column":34},"end":{"line":10,"column":58}},"8":{"start":{"line":11,"column":22},"end":{"line":11,"column":51}},"9":{"start":{"line":12,"column":15},"end":{"line":12,"column":34}},"10":{"start":{"line":13,"column":0},"end":{"line":13,"column":36}},"11":{"start":{"line":14,"column":16},"end":{"line":14,"column":36}},"12":{"start":{"line":15,"column":21},"end":{"line":15,"column":49}},"13":{"start":{"line":17,"column":0},"end":{"line":17,"column":25}},"14":{"start":{"line":18,"column":0},"end":{"line":18,"column":30}},"15":{"start":{"line":20,"column":0},"end":{"line":194,"column":2}},"16":{"start":{"line":26,"column":4},"end":{"line":29,"column":6}},"17":{"start":{"line":27,"column":8},"end":{"line":27,"column":69}},"18":{"start":{"line":28,"column":8},"end":{"line":28,"column":47}},"19":{"start":{"line":31,"column":4},"end":{"line":64,"column":6}},"20":{"start":{"line":32,"column":8},"end":{"line":32,"column":34}},"21":{"start":{"line":33,"column":8},"end":{"line":33,"column":40}},"22":{"start":{"line":34,"column":8},"end":{"line":34,"column":46}},"23":{"start":{"line":35,"column":8},"end":{"line":35,"column":42}},"24":{"start":{"line":36,"column":8},"end":{"line":36,"column":60}},"25":{"start":{"line":38,"column":21},"end":{"line":38,"column":93}},"26":{"start":{"line":39,"column":8},"end":{"line":39,"column":25}},"27":{"start":{"line":41,"column":8},"end":{"line":41,"column":46}},"28":{"start":{"line":42,"column":8},"end":{"line":42,"column":52}},"29":{"start":{"line":43,"column":8},"end":{"line":43,"column":58}},"30":{"start":{"line":44,"column":8},"end":{"line":44,"column":54}},"31":{"start":{"line":45,"column":8},"end":{"line":45,"column":72}},"32":{"start":{"line":47,"column":27},"end":{"line":47,"column":145}},"33":{"start":{"line":48,"column":8},"end":{"line":48,"column":36}},"34":{"start":{"line":50,"column":8},"end":{"line":50,"column":44}},"35":{"start":{"line":51,"column":8},"end":{"line":51,"column":50}},"36":{"start":{"line":52,"column":8},"end":{"line":52,"column":56}},"37":{"start":{"line":53,"column":8},"end":{"line":53,"column":52}},"38":{"start":{"line":54,"column":8},"end":{"line":54,"column":70}},"39":{"start":{"line":56,"column":26},"end":{"line":56,"column":140}},"40":{"start":{"line":57,"column":8},"end":{"line":57,"column":34}},"41":{"start":{"line":60,"column":8},"end":{"line":60,"column":45}},"42":{"start":{"line":61,"column":8},"end":{"line":61,"column":63}},"43":{"start":{"line":62,"column":8},"end":{"line":62,"column":52}},"44":{"start":{"line":66,"column":4},"end":{"line":78,"column":6}},"45":{"start":{"line":67,"column":23},"end":{"line":67,"column":52}},"46":{"start":{"line":69,"column":8},"end":{"line":69,"column":45}},"47":{"start":{"line":71,"column":27},"end":{"line":71,"column":60}},"48":{"start":{"line":73,"column":32},"end":{"line":73,"column":48}},"49":{"start":{"line":75,"column":8},"end":{"line":75,"column":48}},"50":{"start":{"line":76,"column":8},"end":{"line":76,"column":39}},"51":{"start":{"line":77,"column":8},"end":{"line":77,"column":53}},"52":{"start":{"line":81,"column":4},"end":{"line":95,"column":6}},"53":{"start":{"line":82,"column":23},"end":{"line":82,"column":52}},"54":{"start":{"line":84,"column":8},"end":{"line":84,"column":45}},"55":{"start":{"line":86,"column":23},"end":{"line":86,"column":75}},"56":{"start":{"line":87,"column":8},"end":{"line":87,"column":53}},"57":{"start":{"line":89,"column":8},"end":{"line":89,"column":45}},"58":{"start":{"line":91,"column":27},"end":{"line":91,"column":60}},"59":{"start":{"line":93,"column":8},"end":{"line":93,"column":65}},"60":{"start":{"line":97,"column":4},"end":{"line":111,"column":6}},"61":{"start":{"line":98,"column":23},"end":{"line":98,"column":52}},"62":{"start":{"line":100,"column":8},"end":{"line":109,"column":9}},"63":{"start":{"line":101,"column":12},"end":{"line":101,"column":49}},"64":{"start":{"line":102,"column":12},"end":{"line":102,"column":49}},"65":{"start":{"line":104,"column":12},"end":{"line":104,"column":58}},"66":{"start":{"line":106,"column":12},"end":{"line":106,"column":34}},"67":{"start":{"line":107,"column":12},"end":{"line":107,"column":52}},"68":{"start":{"line":108,"column":12},"end":{"line":108,"column":82}},"69":{"start":{"line":114,"column":4},"end":{"line":126,"column":6}},"70":{"start":{"line":115,"column":8},"end":{"line":115,"column":43}},"71":{"start":{"line":116,"column":23},"end":{"line":116,"column":70}},"72":{"start":{"line":117,"column":8},"end":{"line":117,"column":53}},"73":{"start":{"line":118,"column":8},"end":{"line":125,"column":9}},"74":{"start":{"line":119,"column":12},"end":{"line":119,"column":48}},"75":{"start":{"line":120,"column":13},"end":{"line":120,"column":59}},"76":{"start":{"line":122,"column":12},"end":{"line":122,"column":34}},"77":{"start":{"line":123,"column":12},"end":{"line":123,"column":52}},"78":{"start":{"line":124,"column":12},"end":{"line":124,"column":83}},"79":{"start":{"line":127,"column":4},"end":{"line":137,"column":6}},"80":{"start":{"line":129,"column":8},"end":{"line":136,"column":9}},"81":{"start":{"line":130,"column":12},"end":{"line":130,"column":42}},"82":{"start":{"line":131,"column":13},"end":{"line":131,"column":59}},"83":{"start":{"line":133,"column":12},"end":{"line":133,"column":34}},"84":{"start":{"line":134,"column":12},"end":{"line":134,"column":52}},"85":{"start":{"line":135,"column":12},"end":{"line":135,"column":69}},"86":{"start":{"line":139,"column":4},"end":{"line":150,"column":6}},"87":{"start":{"line":140,"column":8},"end":{"line":140,"column":49}},"88":{"start":{"line":142,"column":8},"end":{"line":149,"column":9}},"89":{"start":{"line":143,"column":12},"end":{"line":143,"column":48}},"90":{"start":{"line":144,"column":12},"end":{"line":144,"column":58}},"91":{"start":{"line":146,"column":12},"end":{"line":146,"column":34}},"92":{"start":{"line":147,"column":12},"end":{"line":147,"column":52}},"93":{"start":{"line":148,"column":12},"end":{"line":148,"column":89}},"94":{"start":{"line":152,"column":4},"end":{"line":163,"column":6}},"95":{"start":{"line":153,"column":8},"end":{"line":153,"column":18}},"96":{"start":{"line":155,"column":8},"end":{"line":162,"column":9}},"97":{"start":{"line":156,"column":12},"end":{"line":156,"column":48}},"98":{"start":{"line":157,"column":12},"end":{"line":157,"column":58}},"99":{"start":{"line":159,"column":12},"end":{"line":159,"column":34}},"100":{"start":{"line":160,"column":12},"end":{"line":160,"column":52}},"101":{"start":{"line":161,"column":12},"end":{"line":161,"column":67}},"102":{"start":{"line":166,"column":4},"end":{"line":173,"column":6}},"103":{"start":{"line":167,"column":8},"end":{"line":169,"column":53}},"104":{"start":{"line":168,"column":12},"end":{"line":168,"column":33}},"105":{"start":{"line":170,"column":8},"end":{"line":172,"column":52}},"106":{"start":{"line":171,"column":12},"end":{"line":171,"column":44}},"107":{"start":{"line":175,"column":4},"end":{"line":184,"column":6}},"108":{"start":{"line":176,"column":8},"end":{"line":178,"column":58}},"109":{"start":{"line":177,"column":12},"end":{"line":177,"column":32}},"110":{"start":{"line":180,"column":7},"end":{"line":180,"column":25}},"111":{"start":{"line":181,"column":8},"end":{"line":183,"column":55}},"112":{"start":{"line":182,"column":12},"end":{"line":182,"column":42}},"113":{"start":{"line":186,"column":4},"end":{"line":188,"column":6}},"114":{"start":{"line":187,"column":8},"end":{"line":187,"column":32}},"115":{"start":{"line":190,"column":4},"end":{"line":193,"column":6}},"116":{"start":{"line":191,"column":8},"end":{"line":191,"column":32}},"117":{"start":{"line":192,"column":8},"end":{"line":192,"column":36}}},"fnMap":{"0":{"name":"(anonymous_0)","decl":{"start":{"line":20,"column":35},"end":{"line":20,"column":36}},"loc":{"start":{"line":20,"column":41},"end":{"line":194,"column":1}},"line":20},"1":{"name":"(anonymous_1)","decl":{"start":{"line":26,"column":12},"end":{"line":26,"column":13}},"loc":{"start":{"line":26,"column":23},"end":{"line":29,"column":5}},"line":26},"2":{"name":"(anonymous_2)","decl":{"start":{"line":31,"column":15},"end":{"line":31,"column":16}},"loc":{"start":{"line":31,"column":26},"end":{"line":64,"column":5}},"line":31},"3":{"name":"(anonymous_3)","decl":{"start":{"line":66,"column":45},"end":{"line":66,"column":46}},"loc":{"start":{"line":66,"column":56},"end":{"line":78,"column":5}},"line":66},"4":{"name":"(anonymous_4)","decl":{"start":{"line":81,"column":48},"end":{"line":81,"column":49}},"loc":{"start":{"line":81,"column":59},"end":{"line":95,"column":5}},"line":81},"5":{"name":"(anonymous_5)","decl":{"start":{"line":97,"column":56},"end":{"line":97,"column":57}},"loc":{"start":{"line":97,"column":67},"end":{"line":111,"column":5}},"line":97},"6":{"name":"(anonymous_6)","decl":{"start":{"line":114,"column":36},"end":{"line":114,"column":37}},"loc":{"start":{"line":114,"column":48},"end":{"line":126,"column":5}},"line":114},"7":{"name":"(anonymous_7)","decl":{"start":{"line":127,"column":38},"end":{"line":127,"column":39}},"loc":{"start":{"line":127,"column":50},"end":{"line":137,"column":5}},"line":127},"8":{"name":"(anonymous_8)","decl":{"start":{"line":139,"column":41},"end":{"line":139,"column":42}},"loc":{"start":{"line":139,"column":53},"end":{"line":150,"column":5}},"line":139},"9":{"name":"(anonymous_9)","decl":{"start":{"line":152,"column":50},"end":{"line":152,"column":51}},"loc":{"start":{"line":152,"column":62},"end":{"line":163,"column":5}},"line":152},"10":{"name":"(anonymous_10)","decl":{"start":{"line":166,"column":42},"end":{"line":166,"column":43}},"loc":{"start":{"line":166,"column":48},"end":{"line":173,"column":5}},"line":166},"11":{"name":"(anonymous_11)","decl":{"start":{"line":167,"column":15},"end":{"line":167,"column":16}},"loc":{"start":{"line":167,"column":21},"end":{"line":169,"column":9}},"line":167},"12":{"name":"(anonymous_12)","decl":{"start":{"line":170,"column":15},"end":{"line":170,"column":16}},"loc":{"start":{"line":170,"column":21},"end":{"line":172,"column":9}},"line":170},"13":{"name":"(anonymous_13)","decl":{"start":{"line":175,"column":42},"end":{"line":175,"column":43}},"loc":{"start":{"line":175,"column":48},"end":{"line":184,"column":5}},"line":175},"14":{"name":"(anonymous_14)","decl":{"start":{"line":176,"column":15},"end":{"line":176,"column":16}},"loc":{"start":{"line":176,"column":21},"end":{"line":178,"column":9}},"line":176},"15":{"name":"(anonymous_15)","decl":{"start":{"line":181,"column":15},"end":{"line":181,"column":16}},"loc":{"start":{"line":181,"column":21},"end":{"line":183,"column":9}},"line":181},"16":{"name":"(anonymous_16)","decl":{"start":{"line":186,"column":14},"end":{"line":186,"column":15}},"loc":{"start":{"line":186,"column":25},"end":{"line":188,"column":5}},"line":186},"17":{"name":"(anonymous_17)","decl":{"start":{"line":190,"column":11},"end":{"line":190,"column":12}},"loc":{"start":{"line":190,"column":22},"end":{"line":193,"column":5}},"line":190}},"branchMap":{},"s":{"0":1,"1":1,"2":1,"3":1,"4":1,"5":1,"6":1,"7":1,"8":1,"9":1,"10":1,"11":1,"12":1,"13":1,"14":1,"15":1,"16":1,"17":1,"18":1,"19":1,"20":9,"21":9,"22":9,"23":9,"24":9,"25":9,"26":9,"27":9,"28":9,"29":9,"30":9,"31":9,"32":9,"33":9,"34":9,"35":9,"36":9,"37":9,"38":9,"39":9,"40":9,"41":9,"42":9,"43":9,"44":1,"45":1,"46":1,"47":1,"48":1,"49":1,"50":1,"51":1,"52":1,"53":1,"54":1,"55":1,"56":1,"57":1,"58":1,"59":1,"60":1,"61":1,"62":1,"63":1,"64":1,"65":0,"66":1,"67":1,"68":1,"69":1,"70":1,"71":1,"72":1,"73":1,"74":1,"75":0,"76":1,"77":1,"78":1,"79":1,"80":1,"81":1,"82":0,"83":1,"84":1,"85":1,"86":1,"87":1,"88":1,"89":1,"90":0,"91":1,"92":1,"93":1,"94":1,"95":1,"96":1,"97":1,"98":0,"99":1,"100":1,"101":1,"102":1,"103":1,"104":1,"105":1,"106":1,"107":1,"108":1,"109":1,"110":1,"111":1,"112":1,"113":1,"114":9,"115":1,"116":1,"117":1},"f":{"0":1,"1":1,"2":9,"3":1,"4":1,"5":1,"6":1,"7":1,"8":1,"9":1,"10":1,"11":1,"12":1,"13":1,"14":1,"15":1,"16":9,"17":1},"b":{},"_coverageSchema":"1a1c01bbd47fc00a2c39e90264f33305004495a9","hash":"894ad8d5d9d62609c39ad79a84a8cc7f2a0331c9","contentHash":"c0ab89b139966f2394bfe669d575f6f705a0ee98f361351ac8cfced816bad94f"},"/Users/sergioluis/bootcamp/collab/skylab-bootcamp-202004/staff/sergio-luis/books/books-client-logic/add-score.js":{"path":"/Users/sergioluis/bootcamp/collab/skylab-bootcamp-202004/staff/sergio-luis/books/books-client-logic/add-score.js","statementMap":{"0":{"start":{"line":16,"column":0},"end":{"line":16,"column":41}},"1":{"start":{"line":17,"column":0},"end":{"line":17,"column":41}},"2":{"start":{"line":18,"column":25},"end":{"line":18,"column":49}},"3":{"start":{"line":19,"column":16},"end":{"line":19,"column":36}},"4":{"start":{"line":21,"column":0},"end":{"line":40,"column":15}},"5":{"start":{"line":22,"column":4},"end":{"line":22,"column":48}},"6":{"start":{"line":23,"column":4},"end":{"line":23,"column":36}},"7":{"start":{"line":25,"column":4},"end":{"line":39,"column":8}},"8":{"start":{"line":26,"column":22},"end":{"line":26,"column":57}},"9":{"start":{"line":27,"column":21},"end":{"line":31,"column":88}},"10":{"start":{"line":33,"column":34},"end":{"line":33,"column":38}},"11":{"start":{"line":34,"column":12},"end":{"line":38,"column":13}},"12":{"start":{"line":34,"column":32},"end":{"line":34,"column":38}},"13":{"start":{"line":36,"column":34},"end":{"line":36,"column":50}},"14":{"start":{"line":37,"column":16},"end":{"line":37,"column":38}}},"fnMap":{"0":{"name":"(anonymous_0)","decl":{"start":{"line":21,"column":17},"end":{"line":21,"column":18}},"loc":{"start":{"line":21,"column":55},"end":{"line":40,"column":1}},"line":21},"1":{"name":"(anonymous_1)","decl":{"start":{"line":25,"column":12},"end":{"line":25,"column":13}},"loc":{"start":{"line":25,"column":21},"end":{"line":39,"column":5}},"line":25}},"branchMap":{"0":{"loc":{"start":{"line":34,"column":12},"end":{"line":38,"column":13}},"type":"if","locations":[{"start":{"line":34,"column":12},"end":{"line":38,"column":13}},{"start":{"line":34,"column":12},"end":{"line":38,"column":13}}],"line":34}},"s":{"0":1,"1":1,"2":1,"3":1,"4":1,"5":13,"6":11,"7":9,"8":9,"9":9,"10":9,"11":9,"12":4,"13":5,"14":5},"f":{"0":13,"1":9},"b":{"0":[4,5]},"_coverageSchema":"1a1c01bbd47fc00a2c39e90264f33305004495a9","hash":"f39afc0e76f07bbf1d1b8a48a09aee5dc7145abd","contentHash":"a8dc614db8dd7d41ca09c3e76e7df677c9deb273b2b36b5a8acd9f5b9cbfc70d"},"/Users/sergioluis/bootcamp/collab/skylab-bootcamp-202004/staff/sergio-luis/books/books-client-logic/calculate-distance-book.spec.js":{"path":"/Users/sergioluis/bootcamp/collab/skylab-bootcamp-202004/staff/sergio-luis/books/books-client-logic/calculate-distance-book.spec.js","statementMap":{"0":{"start":{"line":1,"column":0},"end":{"line":1,"column":26}},"1":{"start":{"line":3,"column":81},"end":{"line":3,"column":88}},"2":{"start":{"line":4,"column":19},"end":{"line":4,"column":23}},"3":{"start":{"line":5,"column":30},"end":{"line":5,"column":66}},"4":{"start":{"line":6,"column":19},"end":{"line":6,"column":34}},"5":{"start":{"line":7,"column":0},"end":{"line":7,"column":39}},"6":{"start":{"line":9,"column":44},"end":{"line":9,"column":65}},"7":{"start":{"line":10,"column":34},"end":{"line":10,"column":58}},"8":{"start":{"line":11,"column":22},"end":{"line":11,"column":51}},"9":{"start":{"line":12,"column":15},"end":{"line":12,"column":34}},"10":{"start":{"line":13,"column":0},"end":{"line":13,"column":36}},"11":{"start":{"line":14,"column":16},"end":{"line":14,"column":36}},"12":{"start":{"line":15,"column":21},"end":{"line":15,"column":49}},"13":{"start":{"line":17,"column":0},"end":{"line":17,"column":25}},"14":{"start":{"line":18,"column":0},"end":{"line":18,"column":30}},"15":{"start":{"line":21,"column":0},"end":{"line":185,"column":2}},"16":{"start":{"line":29,"column":4},"end":{"line":32,"column":6}},"17":{"start":{"line":30,"column":8},"end":{"line":30,"column":69}},"18":{"start":{"line":31,"column":8},"end":{"line":31,"column":66}},"19":{"start":{"line":34,"column":4},"end":{"line":69,"column":6}},"20":{"start":{"line":35,"column":8},"end":{"line":35,"column":34}},"21":{"start":{"line":36,"column":8},"end":{"line":36,"column":40}},"22":{"start":{"line":37,"column":8},"end":{"line":37,"column":46}},"23":{"start":{"line":38,"column":8},"end":{"line":38,"column":42}},"24":{"start":{"line":39,"column":8},"end":{"line":39,"column":60}},"25":{"start":{"line":41,"column":21},"end":{"line":41,"column":93}},"26":{"start":{"line":42,"column":8},"end":{"line":42,"column":25}},"27":{"start":{"line":44,"column":8},"end":{"line":44,"column":46}},"28":{"start":{"line":45,"column":8},"end":{"line":45,"column":52}},"29":{"start":{"line":46,"column":8},"end":{"line":46,"column":58}},"30":{"start":{"line":47,"column":8},"end":{"line":47,"column":54}},"31":{"start":{"line":48,"column":8},"end":{"line":48,"column":72}},"32":{"start":{"line":50,"column":27},"end":{"line":50,"column":145}},"33":{"start":{"line":51,"column":8},"end":{"line":51,"column":36}},"34":{"start":{"line":53,"column":8},"end":{"line":53,"column":36}},"35":{"start":{"line":54,"column":8},"end":{"line":54,"column":32}},"36":{"start":{"line":55,"column":8},"end":{"line":55,"column":28}},"37":{"start":{"line":56,"column":21},"end":{"line":56,"column":111}},"38":{"start":{"line":57,"column":8},"end":{"line":57,"column":25}},"39":{"start":{"line":59,"column":8},"end":{"line":59,"column":31}},"40":{"start":{"line":60,"column":8},"end":{"line":60,"column":32}},"41":{"start":{"line":61,"column":8},"end":{"line":61,"column":37}},"42":{"start":{"line":62,"column":8},"end":{"line":62,"column":38}},"43":{"start":{"line":64,"column":8},"end":{"line":64,"column":117}},"44":{"start":{"line":65,"column":8},"end":{"line":65,"column":135}},"45":{"start":{"line":67,"column":8},"end":{"line":67,"column":63}},"46":{"start":{"line":68,"column":8},"end":{"line":68,"column":52}},"47":{"start":{"line":71,"column":4},"end":{"line":78,"column":6}},"48":{"start":{"line":72,"column":8},"end":{"line":72,"column":56}},"49":{"start":{"line":74,"column":21},"end":{"line":74,"column":48}},"50":{"start":{"line":76,"column":8},"end":{"line":76,"column":29}},"51":{"start":{"line":77,"column":8},"end":{"line":77,"column":47}},"52":{"start":{"line":79,"column":4},"end":{"line":93,"column":6}},"53":{"start":{"line":80,"column":8},"end":{"line":80,"column":56}},"54":{"start":{"line":82,"column":21},"end":{"line":82,"column":48}},"55":{"start":{"line":84,"column":8},"end":{"line":84,"column":29}},"56":{"start":{"line":85,"column":8},"end":{"line":85,"column":47}},"57":{"start":{"line":87,"column":8},"end":{"line":87,"column":56}},"58":{"start":{"line":88,"column":22},"end":{"line":88,"column":49}},"59":{"start":{"line":90,"column":8},"end":{"line":90,"column":30}},"60":{"start":{"line":91,"column":8},"end":{"line":91,"column":60}},"61":{"start":{"line":95,"column":4},"end":{"line":107,"column":6}},"62":{"start":{"line":96,"column":8},"end":{"line":96,"column":43}},"63":{"start":{"line":97,"column":23},"end":{"line":97,"column":70}},"64":{"start":{"line":98,"column":8},"end":{"line":98,"column":53}},"65":{"start":{"line":99,"column":8},"end":{"line":106,"column":8}},"66":{"start":{"line":100,"column":12},"end":{"line":100,"column":60}},"67":{"start":{"line":101,"column":12},"end":{"line":101,"column":58}},"68":{"start":{"line":103,"column":11},"end":{"line":103,"column":33}},"69":{"start":{"line":104,"column":11},"end":{"line":104,"column":51}},"70":{"start":{"line":105,"column":11},"end":{"line":105,"column":82}},"71":{"start":{"line":109,"column":4},"end":{"line":120,"column":6}},"72":{"start":{"line":110,"column":8},"end":{"line":110,"column":49}},"73":{"start":{"line":112,"column":8},"end":{"line":119,"column":9}},"74":{"start":{"line":113,"column":12},"end":{"line":113,"column":60}},"75":{"start":{"line":114,"column":12},"end":{"line":114,"column":58}},"76":{"start":{"line":116,"column":12},"end":{"line":116,"column":34}},"77":{"start":{"line":117,"column":12},"end":{"line":117,"column":52}},"78":{"start":{"line":118,"column":12},"end":{"line":118,"column":89}},"79":{"start":{"line":121,"column":4},"end":{"line":132,"column":6}},"80":{"start":{"line":122,"column":8},"end":{"line":122,"column":43}},"81":{"start":{"line":124,"column":8},"end":{"line":131,"column":9}},"82":{"start":{"line":125,"column":12},"end":{"line":125,"column":60}},"83":{"start":{"line":126,"column":12},"end":{"line":126,"column":58}},"84":{"start":{"line":128,"column":12},"end":{"line":128,"column":34}},"85":{"start":{"line":129,"column":12},"end":{"line":129,"column":52}},"86":{"start":{"line":130,"column":12},"end":{"line":130,"column":83}},"87":{"start":{"line":133,"column":4},"end":{"line":144,"column":6}},"88":{"start":{"line":134,"column":8},"end":{"line":134,"column":110}},"89":{"start":{"line":136,"column":8},"end":{"line":143,"column":9}},"90":{"start":{"line":137,"column":12},"end":{"line":137,"column":60}},"91":{"start":{"line":138,"column":12},"end":{"line":138,"column":58}},"92":{"start":{"line":140,"column":12},"end":{"line":140,"column":34}},"93":{"start":{"line":141,"column":12},"end":{"line":141,"column":52}},"94":{"start":{"line":142,"column":12},"end":{"line":142,"column":94}},"95":{"start":{"line":145,"column":4},"end":{"line":156,"column":6}},"96":{"start":{"line":146,"column":8},"end":{"line":146,"column":116}},"97":{"start":{"line":148,"column":8},"end":{"line":155,"column":9}},"98":{"start":{"line":149,"column":12},"end":{"line":149,"column":60}},"99":{"start":{"line":150,"column":12},"end":{"line":150,"column":58}},"100":{"start":{"line":152,"column":12},"end":{"line":152,"column":34}},"101":{"start":{"line":153,"column":12},"end":{"line":153,"column":52}},"102":{"start":{"line":154,"column":12},"end":{"line":154,"column":100}},"103":{"start":{"line":159,"column":4},"end":{"line":166,"column":6}},"104":{"start":{"line":160,"column":5},"end":{"line":162,"column":53}},"105":{"start":{"line":161,"column":12},"end":{"line":161,"column":45}},"106":{"start":{"line":163,"column":8},"end":{"line":165,"column":55}},"107":{"start":{"line":164,"column":12},"end":{"line":164,"column":53}},"108":{"start":{"line":168,"column":4},"end":{"line":175,"column":6}},"109":{"start":{"line":169,"column":8},"end":{"line":171,"column":58}},"110":{"start":{"line":170,"column":12},"end":{"line":170,"column":44}},"111":{"start":{"line":172,"column":8},"end":{"line":174,"column":58}},"112":{"start":{"line":173,"column":12},"end":{"line":173,"column":50}},"113":{"start":{"line":177,"column":4},"end":{"line":179,"column":6}},"114":{"start":{"line":178,"column":8},"end":{"line":178,"column":66}},"115":{"start":{"line":181,"column":4},"end":{"line":184,"column":6}},"116":{"start":{"line":182,"column":8},"end":{"line":182,"column":66}},"117":{"start":{"line":183,"column":8},"end":{"line":183,"column":36}}},"fnMap":{"0":{"name":"(anonymous_0)","decl":{"start":{"line":21,"column":49},"end":{"line":21,"column":50}},"loc":{"start":{"line":21,"column":55},"end":{"line":185,"column":1}},"line":21},"1":{"name":"(anonymous_1)","decl":{"start":{"line":29,"column":12},"end":{"line":29,"column":13}},"loc":{"start":{"line":29,"column":23},"end":{"line":32,"column":5}},"line":29},"2":{"name":"(anonymous_2)","decl":{"start":{"line":34,"column":15},"end":{"line":34,"column":16}},"loc":{"start":{"line":34,"column":26},"end":{"line":69,"column":5}},"line":34},"3":{"name":"(anonymous_3)","decl":{"start":{"line":71,"column":37},"end":{"line":71,"column":38}},"loc":{"start":{"line":71,"column":48},"end":{"line":78,"column":5}},"line":71},"4":{"name":"(anonymous_4)","decl":{"start":{"line":79,"column":54},"end":{"line":79,"column":55}},"loc":{"start":{"line":79,"column":65},"end":{"line":93,"column":5}},"line":79},"5":{"name":"(anonymous_5)","decl":{"start":{"line":95,"column":40},"end":{"line":95,"column":41}},"loc":{"start":{"line":95,"column":51},"end":{"line":107,"column":5}},"line":95},"6":{"name":"(anonymous_6)","decl":{"start":{"line":109,"column":44},"end":{"line":109,"column":45}},"loc":{"start":{"line":109,"column":56},"end":{"line":120,"column":5}},"line":109},"7":{"name":"(anonymous_7)","decl":{"start":{"line":121,"column":38},"end":{"line":121,"column":39}},"loc":{"start":{"line":121,"column":50},"end":{"line":132,"column":5}},"line":121},"8":{"name":"(anonymous_8)","decl":{"start":{"line":133,"column":57},"end":{"line":133,"column":58}},"loc":{"start":{"line":133,"column":69},"end":{"line":144,"column":5}},"line":133},"9":{"name":"(anonymous_9)","decl":{"start":{"line":145,"column":58},"end":{"line":145,"column":59}},"loc":{"start":{"line":145,"column":70},"end":{"line":156,"column":5}},"line":145},"10":{"name":"(anonymous_10)","decl":{"start":{"line":159,"column":42},"end":{"line":159,"column":43}},"loc":{"start":{"line":159,"column":48},"end":{"line":166,"column":5}},"line":159},"11":{"name":"(anonymous_11)","decl":{"start":{"line":160,"column":12},"end":{"line":160,"column":13}},"loc":{"start":{"line":160,"column":18},"end":{"line":162,"column":9}},"line":160},"12":{"name":"(anonymous_12)","decl":{"start":{"line":163,"column":15},"end":{"line":163,"column":16}},"loc":{"start":{"line":163,"column":21},"end":{"line":165,"column":9}},"line":163},"13":{"name":"(anonymous_13)","decl":{"start":{"line":168,"column":42},"end":{"line":168,"column":43}},"loc":{"start":{"line":168,"column":48},"end":{"line":175,"column":5}},"line":168},"14":{"name":"(anonymous_14)","decl":{"start":{"line":169,"column":15},"end":{"line":169,"column":16}},"loc":{"start":{"line":169,"column":21},"end":{"line":171,"column":9}},"line":169},"15":{"name":"(anonymous_15)","decl":{"start":{"line":172,"column":15},"end":{"line":172,"column":16}},"loc":{"start":{"line":172,"column":21},"end":{"line":174,"column":9}},"line":172},"16":{"name":"(anonymous_16)","decl":{"start":{"line":177,"column":14},"end":{"line":177,"column":15}},"loc":{"start":{"line":177,"column":25},"end":{"line":179,"column":5}},"line":177},"17":{"name":"(anonymous_17)","decl":{"start":{"line":181,"column":11},"end":{"line":181,"column":12}},"loc":{"start":{"line":181,"column":22},"end":{"line":184,"column":5}},"line":181}},"branchMap":{},"s":{"0":1,"1":1,"2":1,"3":1,"4":1,"5":1,"6":1,"7":1,"8":1,"9":1,"10":1,"11":1,"12":1,"13":1,"14":1,"15":1,"16":1,"17":1,"18":1,"19":1,"20":9,"21":9,"22":9,"23":9,"24":9,"25":9,"26":9,"27":9,"28":9,"29":9,"30":9,"31":9,"32":9,"33":9,"34":9,"35":9,"36":9,"37":9,"38":9,"39":9,"40":9,"41":9,"42":9,"43":9,"44":9,"45":9,"46":9,"47":1,"48":1,"49":1,"50":1,"51":1,"52":1,"53":1,"54":1,"55":1,"56":1,"57":1,"58":1,"59":1,"60":1,"61":1,"62":1,"63":1,"64":1,"65":1,"66":1,"67":0,"68":1,"69":1,"70":1,"71":1,"72":1,"73":1,"74":1,"75":0,"76":1,"77":1,"78":1,"79":1,"80":1,"81":1,"82":1,"83":0,"84":1,"85":1,"86":1,"87":1,"88":1,"89":1,"90":1,"91":0,"92":1,"93":1,"94":1,"95":1,"96":1,"97":1,"98":1,"99":0,"100":1,"101":1,"102":1,"103":1,"104":1,"105":1,"106":1,"107":1,"108":1,"109":1,"110":1,"111":1,"112":1,"113":1,"114":9,"115":1,"116":1,"117":1},"f":{"0":1,"1":1,"2":9,"3":1,"4":1,"5":1,"6":1,"7":1,"8":1,"9":1,"10":1,"11":1,"12":1,"13":1,"14":1,"15":1,"16":9,"17":1},"b":{},"_coverageSchema":"1a1c01bbd47fc00a2c39e90264f33305004495a9","hash":"b3dfb2b419f059a5e212f6020f52f697508ae9de","contentHash":"dfc8160785abdd6fe7967eaf21966bfa8bc0e190bab201c74d0354f76c09e4f7"},"/Users/sergioluis/bootcamp/collab/skylab-bootcamp-202004/staff/sergio-luis/books/books-client-logic/calculate-distance-book.js":{"path":"/Users/sergioluis/bootcamp/collab/skylab-bootcamp-202004/staff/sergio-luis/books/books-client-logic/calculate-distance-book.js","statementMap":{"0":{"start":{"line":15,"column":0},"end":{"line":15,"column":41}},"1":{"start":{"line":16,"column":26},"end":{"line":16,"column":50}},"2":{"start":{"line":17,"column":16},"end":{"line":17,"column":36}},"3":{"start":{"line":19,"column":0},"end":{"line":38,"column":15}},"4":{"start":{"line":20,"column":4},"end":{"line":20,"column":41}},"5":{"start":{"line":21,"column":4},"end":{"line":21,"column":35}},"6":{"start":{"line":23,"column":4},"end":{"line":37,"column":8}},"7":{"start":{"line":24,"column":22},"end":{"line":24,"column":57}},"8":{"start":{"line":25,"column":21},"end":{"line":28,"column":126}},"9":{"start":{"line":30,"column":33},"end":{"line":30,"column":37}},"10":{"start":{"line":32,"column":8},"end":{"line":36,"column":9}},"11":{"start":{"line":32,"column":28},"end":{"line":32,"column":34}},"12":{"start":{"line":34,"column":30},"end":{"line":34,"column":46}},"13":{"start":{"line":35,"column":12},"end":{"line":35,"column":34}}},"fnMap":{"0":{"name":"(anonymous_0)","decl":{"start":{"line":19,"column":17},"end":{"line":19,"column":18}},"loc":{"start":{"line":19,"column":48},"end":{"line":38,"column":1}},"line":19},"1":{"name":"(anonymous_1)","decl":{"start":{"line":23,"column":12},"end":{"line":23,"column":13}},"loc":{"start":{"line":23,"column":23},"end":{"line":37,"column":5}},"line":23}},"branchMap":{"0":{"loc":{"start":{"line":32,"column":8},"end":{"line":36,"column":9}},"type":"if","locations":[{"start":{"line":32,"column":8},"end":{"line":36,"column":9}},{"start":{"line":32,"column":8},"end":{"line":36,"column":9}}],"line":32}},"s":{"0":1,"1":1,"2":1,"3":1,"4":12,"5":10,"6":8,"7":8,"8":8,"9":8,"10":8,"11":3,"12":5,"13":5},"f":{"0":12,"1":8},"b":{"0":[3,5]},"_coverageSchema":"1a1c01bbd47fc00a2c39e90264f33305004495a9","hash":"9edc4a6a3ee3b7bf8dbcce4f0ab76eaba3e0f847","contentHash":"6fd3a24d05c1cf4056ac1feb1cf4d57f2a18d6cf6deab456e14b5a4cc35c3ec5"},"/Users/sergioluis/bootcamp/collab/skylab-bootcamp-202004/staff/sergio-luis/books/books-client-logic/create-book.spec.js":{"path":"/Users/sergioluis/bootcamp/collab/skylab-bootcamp-202004/staff/sergio-luis/books/books-client-logic/create-book.spec.js","statementMap":{"0":{"start":{"line":1,"column":0},"end":{"line":1,"column":26}},"1":{"start":{"line":3,"column":81},"end":{"line":3,"column":88}},"2":{"start":{"line":4,"column":19},"end":{"line":4,"column":23}},"3":{"start":{"line":5,"column":18},"end":{"line":5,"column":42}},"4":{"start":{"line":6,"column":19},"end":{"line":6,"column":34}},"5":{"start":{"line":7,"column":0},"end":{"line":7,"column":39}},"6":{"start":{"line":9,"column":44},"end":{"line":9,"column":65}},"7":{"start":{"line":10,"column":34},"end":{"line":10,"column":58}},"8":{"start":{"line":11,"column":22},"end":{"line":11,"column":51}},"9":{"start":{"line":12,"column":15},"end":{"line":12,"column":34}},"10":{"start":{"line":13,"column":0},"end":{"line":13,"column":36}},"11":{"start":{"line":14,"column":16},"end":{"line":14,"column":36}},"12":{"start":{"line":15,"column":21},"end":{"line":15,"column":49}},"13":{"start":{"line":17,"column":0},"end":{"line":17,"column":25}},"14":{"start":{"line":18,"column":0},"end":{"line":18,"column":30}},"15":{"start":{"line":21,"column":0},"end":{"line":122,"column":2}},"16":{"start":{"line":25,"column":4},"end":{"line":28,"column":6}},"17":{"start":{"line":26,"column":8},"end":{"line":26,"column":69}},"18":{"start":{"line":27,"column":8},"end":{"line":27,"column":66}},"19":{"start":{"line":30,"column":4},"end":{"line":47,"column":6}},"20":{"start":{"line":31,"column":8},"end":{"line":31,"column":34}},"21":{"start":{"line":32,"column":8},"end":{"line":32,"column":40}},"22":{"start":{"line":33,"column":8},"end":{"line":33,"column":46}},"23":{"start":{"line":34,"column":8},"end":{"line":34,"column":42}},"24":{"start":{"line":35,"column":8},"end":{"line":35,"column":60}},"25":{"start":{"line":37,"column":21},"end":{"line":37,"column":93}},"26":{"start":{"line":38,"column":8},"end":{"line":38,"column":25}},"27":{"start":{"line":40,"column":8},"end":{"line":40,"column":36}},"28":{"start":{"line":41,"column":8},"end":{"line":41,"column":130}},"29":{"start":{"line":42,"column":8},"end":{"line":42,"column":45}},"30":{"start":{"line":43,"column":8},"end":{"line":43,"column":32}},"31":{"start":{"line":45,"column":8},"end":{"line":45,"column":63}},"32":{"start":{"line":46,"column":8},"end":{"line":46,"column":52}},"33":{"start":{"line":49,"column":4},"end":{"line":83,"column":6}},"34":{"start":{"line":50,"column":8},"end":{"line":67,"column":10}},"35":{"start":{"line":51,"column":12},"end":{"line":51,"column":70}},"36":{"start":{"line":53,"column":26},"end":{"line":53,"column":53}},"37":{"start":{"line":55,"column":12},"end":{"line":55,"column":40}},"38":{"start":{"line":56,"column":12},"end":{"line":56,"column":47}},"39":{"start":{"line":57,"column":12},"end":{"line":57,"column":40}},"40":{"start":{"line":58,"column":12},"end":{"line":58,"column":47}},"41":{"start":{"line":59,"column":12},"end":{"line":59,"column":46}},"42":{"start":{"line":60,"column":12},"end":{"line":60,"column":59}},"43":{"start":{"line":61,"column":12},"end":{"line":61,"column":42}},"44":{"start":{"line":62,"column":12},"end":{"line":62,"column":51}},"45":{"start":{"line":63,"column":12},"end":{"line":63,"column":46}},"46":{"start":{"line":64,"column":12},"end":{"line":64,"column":65}},"47":{"start":{"line":65,"column":12},"end":{"line":65,"column":47}},"48":{"start":{"line":66,"column":12},"end":{"line":66,"column":66}},"49":{"start":{"line":69,"column":8},"end":{"line":81,"column":10}},"50":{"start":{"line":70,"column":12},"end":{"line":70,"column":45}},"51":{"start":{"line":71,"column":27},"end":{"line":71,"column":82}},"52":{"start":{"line":72,"column":12},"end":{"line":72,"column":57}},"53":{"start":{"line":73,"column":12},"end":{"line":80,"column":13}},"54":{"start":{"line":74,"column":16},"end":{"line":74,"column":65}},"55":{"start":{"line":75,"column":16},"end":{"line":75,"column":62}},"56":{"start":{"line":77,"column":16},"end":{"line":77,"column":38}},"57":{"start":{"line":78,"column":16},"end":{"line":78,"column":56}},"58":{"start":{"line":79,"column":16},"end":{"line":79,"column":74}},"59":{"start":{"line":85,"column":4},"end":{"line":112,"column":6}},"60":{"start":{"line":87,"column":12},"end":{"line":97,"column":14}},"61":{"start":{"line":88,"column":16},"end":{"line":90,"column":61}},"62":{"start":{"line":89,"column":20},"end":{"line":89,"column":61}},"63":{"start":{"line":91,"column":16},"end":{"line":93,"column":63}},"64":{"start":{"line":92,"column":20},"end":{"line":92,"column":61}},"65":{"start":{"line":94,"column":16},"end":{"line":96,"column":61}},"66":{"start":{"line":95,"column":20},"end":{"line":95,"column":61}},"67":{"start":{"line":99,"column":12},"end":{"line":109,"column":14}},"68":{"start":{"line":100,"column":16},"end":{"line":102,"column":66}},"69":{"start":{"line":101,"column":20},"end":{"line":101,"column":60}},"70":{"start":{"line":103,"column":16},"end":{"line":105,"column":66}},"71":{"start":{"line":104,"column":20},"end":{"line":104,"column":58}},"72":{"start":{"line":106,"column":16},"end":{"line":108,"column":66}},"73":{"start":{"line":107,"column":20},"end":{"line":107,"column":60}},"74":{"start":{"line":114,"column":4},"end":{"line":117,"column":6}},"75":{"start":{"line":115,"column":8},"end":{"line":115,"column":31}},"76":{"start":{"line":116,"column":8},"end":{"line":116,"column":31}},"77":{"start":{"line":119,"column":4},"end":{"line":121,"column":6}},"78":{"start":{"line":120,"column":8},"end":{"line":120,"column":43}}},"fnMap":{"0":{"name":"(anonymous_0)","decl":{"start":{"line":21,"column":37},"end":{"line":21,"column":38}},"loc":{"start":{"line":21,"column":43},"end":{"line":122,"column":1}},"line":21},"1":{"name":"(anonymous_1)","decl":{"start":{"line":25,"column":12},"end":{"line":25,"column":13}},"loc":{"start":{"line":25,"column":23},"end":{"line":28,"column":5}},"line":25},"2":{"name":"(anonymous_2)","decl":{"start":{"line":30,"column":15},"end":{"line":30,"column":16}},"loc":{"start":{"line":30,"column":26},"end":{"line":47,"column":5}},"line":30},"3":{"name":"(anonymous_3)","decl":{"start":{"line":49,"column":29},"end":{"line":49,"column":30}},"loc":{"start":{"line":49,"column":35},"end":{"line":83,"column":5}},"line":49},"4":{"name":"(anonymous_4)","decl":{"start":{"line":50,"column":43},"end":{"line":50,"column":44}},"loc":{"start":{"line":50,"column":53},"end":{"line":67,"column":9}},"line":50},"5":{"name":"(anonymous_5)","decl":{"start":{"line":69,"column":52},"end":{"line":69,"column":53}},"loc":{"start":{"line":69,"column":62},"end":{"line":81,"column":9}},"line":69},"6":{"name":"(anonymous_6)","decl":{"start":{"line":85,"column":30},"end":{"line":85,"column":31}},"loc":{"start":{"line":85,"column":35},"end":{"line":112,"column":5}},"line":85},"7":{"name":"(anonymous_7)","decl":{"start":{"line":87,"column":50},"end":{"line":87,"column":51}},"loc":{"start":{"line":87,"column":56},"end":{"line":97,"column":13}},"line":87},"8":{"name":"(anonymous_8)","decl":{"start":{"line":88,"column":23},"end":{"line":88,"column":24}},"loc":{"start":{"line":88,"column":29},"end":{"line":90,"column":17}},"line":88},"9":{"name":"(anonymous_9)","decl":{"start":{"line":91,"column":23},"end":{"line":91,"column":24}},"loc":{"start":{"line":91,"column":29},"end":{"line":93,"column":17}},"line":91},"10":{"name":"(anonymous_10)","decl":{"start":{"line":94,"column":23},"end":{"line":94,"column":24}},"loc":{"start":{"line":94,"column":29},"end":{"line":96,"column":17}},"line":94},"11":{"name":"(anonymous_11)","decl":{"start":{"line":99,"column":45},"end":{"line":99,"column":46}},"loc":{"start":{"line":99,"column":51},"end":{"line":109,"column":13}},"line":99},"12":{"name":"(anonymous_12)","decl":{"start":{"line":100,"column":23},"end":{"line":100,"column":24}},"loc":{"start":{"line":100,"column":29},"end":{"line":102,"column":17}},"line":100},"13":{"name":"(anonymous_13)","decl":{"start":{"line":103,"column":23},"end":{"line":103,"column":24}},"loc":{"start":{"line":103,"column":29},"end":{"line":105,"column":17}},"line":103},"14":{"name":"(anonymous_14)","decl":{"start":{"line":106,"column":23},"end":{"line":106,"column":24}},"loc":{"start":{"line":106,"column":29},"end":{"line":108,"column":17}},"line":106},"15":{"name":"(anonymous_15)","decl":{"start":{"line":114,"column":14},"end":{"line":114,"column":15}},"loc":{"start":{"line":114,"column":25},"end":{"line":117,"column":5}},"line":114},"16":{"name":"(anonymous_16)","decl":{"start":{"line":119,"column":11},"end":{"line":119,"column":12}},"loc":{"start":{"line":119,"column":22},"end":{"line":121,"column":5}},"line":119}},"branchMap":{},"s":{"0":1,"1":1,"2":1,"3":1,"4":1,"5":1,"6":1,"7":1,"8":1,"9":1,"10":1,"11":1,"12":1,"13":1,"14":1,"15":1,"16":1,"17":1,"18":1,"19":1,"20":4,"21":4,"22":4,"23":4,"24":4,"25":4,"26":4,"27":4,"28":4,"29":4,"30":4,"31":4,"32":4,"33":1,"34":1,"35":1,"36":1,"37":1,"38":1,"39":1,"40":1,"41":1,"42":1,"43":1,"44":1,"45":1,"46":1,"47":1,"48":1,"49":1,"50":1,"51":1,"52":1,"53":1,"54":1,"55":0,"56":1,"57":1,"58":1,"59":1,"60":1,"61":1,"62":1,"63":1,"64":1,"65":1,"66":1,"67":1,"68":1,"69":1,"70":1,"71":1,"72":1,"73":1,"74":1,"75":4,"76":4,"77":1,"78":1},"f":{"0":1,"1":1,"2":4,"3":1,"4":1,"5":1,"6":1,"7":1,"8":1,"9":1,"10":1,"11":1,"12":1,"13":1,"14":1,"15":4,"16":1},"b":{},"_coverageSchema":"1a1c01bbd47fc00a2c39e90264f33305004495a9","hash":"ff883d5744bee9b73e9a30fbb55887567d9c62ce","contentHash":"5cebeb57c8da37b6356e53822db984c9bc48260487e660192d5046e7bf262d61"},"/Users/sergioluis/bootcamp/collab/skylab-bootcamp-202004/staff/sergio-luis/books/books-client-logic/create-book.js":{"path":"/Users/sergioluis/bootcamp/collab/skylab-bootcamp-202004/staff/sergio-luis/books/books-client-logic/create-book.js","statementMap":{"0":{"start":{"line":16,"column":0},"end":{"line":16,"column":41}},"1":{"start":{"line":17,"column":26},"end":{"line":17,"column":50}},"2":{"start":{"line":18,"column":16},"end":{"line":18,"column":36}},"3":{"start":{"line":21,"column":0},"end":{"line":42,"column":15}},"4":{"start":{"line":22,"column":4},"end":{"line":22,"column":34}},"5":{"start":{"line":23,"column":4},"end":{"line":23,"column":34}},"6":{"start":{"line":24,"column":4},"end":{"line":24,"column":36}},"7":{"start":{"line":26,"column":4},"end":{"line":41,"column":8}},"8":{"start":{"line":27,"column":22},"end":{"line":27,"column":57}},"9":{"start":{"line":28,"column":22},"end":{"line":32,"column":86}},"10":{"start":{"line":34,"column":33},"end":{"line":34,"column":37}},"11":{"start":{"line":35,"column":8},"end":{"line":40,"column":9}},"12":{"start":{"line":36,"column":12},"end":{"line":36,"column":23}},"13":{"start":{"line":38,"column":30},"end":{"line":38,"column":46}},"14":{"start":{"line":39,"column":12},"end":{"line":39,"column":34}}},"fnMap":{"0":{"name":"(anonymous_0)","decl":{"start":{"line":21,"column":17},"end":{"line":21,"column":18}},"loc":{"start":{"line":21,"column":63},"end":{"line":42,"column":1}},"line":21},"1":{"name":"(anonymous_1)","decl":{"start":{"line":26,"column":12},"end":{"line":26,"column":13}},"loc":{"start":{"line":26,"column":24},"end":{"line":41,"column":5}},"line":26}},"branchMap":{"0":{"loc":{"start":{"line":35,"column":8},"end":{"line":40,"column":9}},"type":"if","locations":[{"start":{"line":35,"column":8},"end":{"line":40,"column":9}},{"start":{"line":35,"column":8},"end":{"line":40,"column":9}}],"line":35}},"s":{"0":1,"1":1,"2":1,"3":1,"4":8,"5":6,"6":4,"7":2,"8":2,"9":2,"10":2,"11":2,"12":1,"13":1,"14":1},"f":{"0":8,"1":2},"b":{"0":[1,1]},"_coverageSchema":"1a1c01bbd47fc00a2c39e90264f33305004495a9","hash":"b680207914cea714c8a911acf67a328269b071fe","contentHash":"a9a1d40f3fcd38029c5b6e309cd5083b4396faa9477153f584204582189eeee0"},"/Users/sergioluis/bootcamp/collab/skylab-bootcamp-202004/staff/sergio-luis/books/books-client-logic/delete-book.spec.js":{"path":"/Users/sergioluis/bootcamp/collab/skylab-bootcamp-202004/staff/sergio-luis/books/books-client-logic/delete-book.spec.js","statementMap":{"0":{"start":{"line":1,"column":0},"end":{"line":1,"column":26}},"1":{"start":{"line":3,"column":81},"end":{"line":3,"column":88}},"2":{"start":{"line":4,"column":19},"end":{"line":4,"column":23}},"3":{"start":{"line":5,"column":18},"end":{"line":5,"column":42}},"4":{"start":{"line":6,"column":19},"end":{"line":6,"column":34}},"5":{"start":{"line":7,"column":0},"end":{"line":7,"column":39}},"6":{"start":{"line":9,"column":44},"end":{"line":9,"column":65}},"7":{"start":{"line":10,"column":34},"end":{"line":10,"column":58}},"8":{"start":{"line":11,"column":22},"end":{"line":11,"column":51}},"9":{"start":{"line":12,"column":15},"end":{"line":12,"column":34}},"10":{"start":{"line":13,"column":0},"end":{"line":13,"column":36}},"11":{"start":{"line":14,"column":16},"end":{"line":14,"column":36}},"12":{"start":{"line":15,"column":21},"end":{"line":15,"column":49}},"13":{"start":{"line":17,"column":0},"end":{"line":17,"column":25}},"14":{"start":{"line":18,"column":0},"end":{"line":18,"column":30}},"15":{"start":{"line":21,"column":0},"end":{"line":138,"column":2}},"16":{"start":{"line":26,"column":4},"end":{"line":29,"column":6}},"17":{"start":{"line":27,"column":8},"end":{"line":27,"column":69}},"18":{"start":{"line":28,"column":8},"end":{"line":28,"column":66}},"19":{"start":{"line":31,"column":4},"end":{"line":50,"column":6}},"20":{"start":{"line":32,"column":8},"end":{"line":32,"column":34}},"21":{"start":{"line":33,"column":8},"end":{"line":33,"column":40}},"22":{"start":{"line":34,"column":8},"end":{"line":34,"column":46}},"23":{"start":{"line":35,"column":8},"end":{"line":35,"column":42}},"24":{"start":{"line":36,"column":8},"end":{"line":36,"column":60}},"25":{"start":{"line":38,"column":21},"end":{"line":38,"column":93}},"26":{"start":{"line":39,"column":8},"end":{"line":39,"column":25}},"27":{"start":{"line":41,"column":8},"end":{"line":41,"column":36}},"28":{"start":{"line":42,"column":8},"end":{"line":42,"column":32}},"29":{"start":{"line":43,"column":8},"end":{"line":43,"column":28}},"30":{"start":{"line":44,"column":21},"end":{"line":44,"column":111}},"31":{"start":{"line":45,"column":8},"end":{"line":45,"column":25}},"32":{"start":{"line":47,"column":8},"end":{"line":47,"column":63}},"33":{"start":{"line":48,"column":8},"end":{"line":48,"column":52}},"34":{"start":{"line":52,"column":4},"end":{"line":60,"column":6}},"35":{"start":{"line":53,"column":8},"end":{"line":53,"column":46}},"36":{"start":{"line":55,"column":8},"end":{"line":55,"column":43}},"37":{"start":{"line":57,"column":21},"end":{"line":57,"column":48}},"38":{"start":{"line":59,"column":8},"end":{"line":59,"column":31}},"39":{"start":{"line":62,"column":4},"end":{"line":76,"column":6}},"40":{"start":{"line":64,"column":8},"end":{"line":64,"column":43}},"41":{"start":{"line":65,"column":23},"end":{"line":65,"column":70}},"42":{"start":{"line":66,"column":8},"end":{"line":66,"column":53}},"43":{"start":{"line":68,"column":8},"end":{"line":75,"column":9}},"44":{"start":{"line":69,"column":12},"end":{"line":69,"column":36}},"45":{"start":{"line":70,"column":12},"end":{"line":70,"column":58}},"46":{"start":{"line":72,"column":12},"end":{"line":72,"column":34}},"47":{"start":{"line":73,"column":12},"end":{"line":73,"column":52}},"48":{"start":{"line":74,"column":12},"end":{"line":74,"column":70}},"49":{"start":{"line":78,"column":4},"end":{"line":89,"column":6}},"50":{"start":{"line":79,"column":8},"end":{"line":79,"column":43}},"51":{"start":{"line":81,"column":8},"end":{"line":88,"column":9}},"52":{"start":{"line":82,"column":12},"end":{"line":82,"column":36}},"53":{"start":{"line":83,"column":12},"end":{"line":83,"column":58}},"54":{"start":{"line":85,"column":12},"end":{"line":85,"column":34}},"55":{"start":{"line":86,"column":12},"end":{"line":86,"column":52}},"56":{"start":{"line":87,"column":12},"end":{"line":87,"column":70}},"57":{"start":{"line":91,"column":4},"end":{"line":114,"column":6}},"58":{"start":{"line":93,"column":8},"end":{"line":93,"column":33}},"59":{"start":{"line":94,"column":8},"end":{"line":94,"column":39}},"60":{"start":{"line":95,"column":8},"end":{"line":95,"column":40}},"61":{"start":{"line":96,"column":8},"end":{"line":96,"column":41}},"62":{"start":{"line":98,"column":8},"end":{"line":98,"column":46}},"63":{"start":{"line":100,"column":21},"end":{"line":100,"column":80}},"64":{"start":{"line":102,"column":8},"end":{"line":102,"column":24}},"65":{"start":{"line":104,"column":23},"end":{"line":104,"column":70}},"66":{"start":{"line":105,"column":8},"end":{"line":105,"column":53}},"67":{"start":{"line":106,"column":8},"end":{"line":113,"column":9}},"68":{"start":{"line":107,"column":12},"end":{"line":107,"column":36}},"69":{"start":{"line":108,"column":12},"end":{"line":108,"column":58}},"70":{"start":{"line":110,"column":12},"end":{"line":110,"column":34}},"71":{"start":{"line":111,"column":12},"end":{"line":111,"column":52}},"72":{"start":{"line":112,"column":12},"end":{"line":112,"column":94}},"73":{"start":{"line":117,"column":4},"end":{"line":121,"column":6}},"74":{"start":{"line":118,"column":8},"end":{"line":120,"column":53}},"75":{"start":{"line":119,"column":12},"end":{"line":119,"column":27}},"76":{"start":{"line":123,"column":4},"end":{"line":127,"column":6}},"77":{"start":{"line":124,"column":8},"end":{"line":126,"column":58}},"78":{"start":{"line":125,"column":12},"end":{"line":125,"column":26}},"79":{"start":{"line":130,"column":4},"end":{"line":133,"column":6}},"80":{"start":{"line":131,"column":7},"end":{"line":131,"column":30}},"81":{"start":{"line":132,"column":7},"end":{"line":132,"column":30}},"82":{"start":{"line":135,"column":4},"end":{"line":137,"column":6}},"83":{"start":{"line":136,"column":8},"end":{"line":136,"column":43}}},"fnMap":{"0":{"name":"(anonymous_0)","decl":{"start":{"line":21,"column":37},"end":{"line":21,"column":38}},"loc":{"start":{"line":21,"column":43},"end":{"line":138,"column":1}},"line":21},"1":{"name":"(anonymous_1)","decl":{"start":{"line":26,"column":12},"end":{"line":26,"column":13}},"loc":{"start":{"line":26,"column":23},"end":{"line":29,"column":5}},"line":26},"2":{"name":"(anonymous_2)","decl":{"start":{"line":31,"column":15},"end":{"line":31,"column":16}},"loc":{"start":{"line":31,"column":26},"end":{"line":50,"column":5}},"line":31},"3":{"name":"(anonymous_3)","decl":{"start":{"line":52,"column":41},"end":{"line":52,"column":42}},"loc":{"start":{"line":52,"column":52},"end":{"line":60,"column":5}},"line":52},"4":{"name":"(anonymous_4)","decl":{"start":{"line":62,"column":53},"end":{"line":62,"column":54}},"loc":{"start":{"line":62,"column":64},"end":{"line":76,"column":5}},"line":62},"5":{"name":"(anonymous_5)","decl":{"start":{"line":78,"column":56},"end":{"line":78,"column":57}},"loc":{"start":{"line":78,"column":67},"end":{"line":89,"column":5}},"line":78},"6":{"name":"(anonymous_6)","decl":{"start":{"line":91,"column":78},"end":{"line":91,"column":79}},"loc":{"start":{"line":91,"column":89},"end":{"line":114,"column":5}},"line":91},"7":{"name":"(anonymous_7)","decl":{"start":{"line":117,"column":42},"end":{"line":117,"column":43}},"loc":{"start":{"line":117,"column":48},"end":{"line":121,"column":5}},"line":117},"8":{"name":"(anonymous_8)","decl":{"start":{"line":118,"column":15},"end":{"line":118,"column":16}},"loc":{"start":{"line":118,"column":21},"end":{"line":120,"column":9}},"line":118},"9":{"name":"(anonymous_9)","decl":{"start":{"line":123,"column":42},"end":{"line":123,"column":43}},"loc":{"start":{"line":123,"column":48},"end":{"line":127,"column":5}},"line":123},"10":{"name":"(anonymous_10)","decl":{"start":{"line":124,"column":15},"end":{"line":124,"column":16}},"loc":{"start":{"line":124,"column":21},"end":{"line":126,"column":9}},"line":124},"11":{"name":"(anonymous_11)","decl":{"start":{"line":130,"column":14},"end":{"line":130,"column":15}},"loc":{"start":{"line":130,"column":25},"end":{"line":133,"column":5}},"line":130},"12":{"name":"(anonymous_12)","decl":{"start":{"line":135,"column":11},"end":{"line":135,"column":12}},"loc":{"start":{"line":135,"column":22},"end":{"line":137,"column":5}},"line":135}},"branchMap":{},"s":{"0":1,"1":1,"2":1,"3":1,"4":1,"5":1,"6":1,"7":1,"8":1,"9":1,"10":1,"11":1,"12":1,"13":1,"14":1,"15":1,"16":1,"17":1,"18":1,"19":1,"20":6,"21":6,"22":6,"23":6,"24":6,"25":6,"26":6,"27":6,"28":6,"29":6,"30":6,"31":6,"32":6,"33":6,"34":1,"35":1,"36":1,"37":1,"38":1,"39":1,"40":1,"41":1,"42":1,"43":1,"44":1,"45":0,"46":1,"47":1,"48":1,"49":1,"50":1,"51":1,"52":1,"53":0,"54":1,"55":1,"56":1,"57":1,"58":1,"59":1,"60":1,"61":1,"62":1,"63":1,"64":1,"65":1,"66":1,"67":1,"68":1,"69":0,"70":1,"71":1,"72":1,"73":1,"74":1,"75":1,"76":1,"77":1,"78":1,"79":1,"80":6,"81":6,"82":1,"83":1},"f":{"0":1,"1":1,"2":6,"3":1,"4":1,"5":1,"6":1,"7":1,"8":1,"9":1,"10":1,"11":6,"12":1},"b":{},"_coverageSchema":"1a1c01bbd47fc00a2c39e90264f33305004495a9","hash":"d73a1979ff9d4cfc8436d257ee5e1f86c542ff13","contentHash":"7244be709f8de5ecde19c9e174396fa5353b171297d7409a21f4b81453f5ee83"},"/Users/sergioluis/bootcamp/collab/skylab-bootcamp-202004/staff/sergio-luis/books/books-client-logic/delete-book.js":{"path":"/Users/sergioluis/bootcamp/collab/skylab-bootcamp-202004/staff/sergio-luis/books/books-client-logic/delete-book.js","statementMap":{"0":{"start":{"line":14,"column":0},"end":{"line":14,"column":41}},"1":{"start":{"line":15,"column":26},"end":{"line":15,"column":50}},"2":{"start":{"line":16,"column":16},"end":{"line":16,"column":36}},"3":{"start":{"line":19,"column":0},"end":{"line":36,"column":15}},"4":{"start":{"line":20,"column":4},"end":{"line":20,"column":35}},"5":{"start":{"line":22,"column":4},"end":{"line":35,"column":8}},"6":{"start":{"line":23,"column":22},"end":{"line":23,"column":57}},"7":{"start":{"line":24,"column":22},"end":{"line":27,"column":50}},"8":{"start":{"line":29,"column":33},"end":{"line":29,"column":37}},"9":{"start":{"line":30,"column":8},"end":{"line":34,"column":9}},"10":{"start":{"line":30,"column":28},"end":{"line":30,"column":34}},"11":{"start":{"line":32,"column":30},"end":{"line":32,"column":46}},"12":{"start":{"line":33,"column":12},"end":{"line":33,"column":34}}},"fnMap":{"0":{"name":"(anonymous_0)","decl":{"start":{"line":19,"column":17},"end":{"line":19,"column":18}},"loc":{"start":{"line":19,"column":35},"end":{"line":36,"column":1}},"line":19},"1":{"name":"(anonymous_1)","decl":{"start":{"line":22,"column":12},"end":{"line":22,"column":13}},"loc":{"start":{"line":22,"column":24},"end":{"line":35,"column":5}},"line":22}},"branchMap":{"0":{"loc":{"start":{"line":30,"column":8},"end":{"line":34,"column":9}},"type":"if","locations":[{"start":{"line":30,"column":8},"end":{"line":34,"column":9}},{"start":{"line":30,"column":8},"end":{"line":34,"column":9}}],"line":30}},"s":{"0":1,"1":1,"2":1,"3":1,"4":6,"5":4,"6":4,"7":4,"8":4,"9":4,"10":1,"11":3,"12":3},"f":{"0":6,"1":4},"b":{"0":[1,3]},"_coverageSchema":"1a1c01bbd47fc00a2c39e90264f33305004495a9","hash":"b2471ea3f7b924bee1fc036c2a26430315716baa","contentHash":"909df031e3cf48c4a94f058a25475f92f0446e7d9ed6d53ab7752e6edea2a5f4"},"/Users/sergioluis/bootcamp/collab/skylab-bootcamp-202004/staff/sergio-luis/books/books-client-logic/delete-recieved-messages.spec.js":{"path":"/Users/sergioluis/bootcamp/collab/skylab-bootcamp-202004/staff/sergio-luis/books/books-client-logic/delete-recieved-messages.spec.js","statementMap":{"0":{"start":{"line":1,"column":0},"end":{"line":1,"column":26}},"1":{"start":{"line":3,"column":81},"end":{"line":3,"column":88}},"2":{"start":{"line":4,"column":19},"end":{"line":4,"column":23}},"3":{"start":{"line":5,"column":30},"end":{"line":5,"column":67}},"4":{"start":{"line":6,"column":19},"end":{"line":6,"column":34}},"5":{"start":{"line":7,"column":0},"end":{"line":7,"colu
[...]
"column":8},"end":{"line":87,"column":8}},"54":{"start":{"line":81,"column":12},"end":{"line":81,"column":55}},"55":{"start":{"line":82,"column":12},"end":{"line":82,"column":58}},"56":{"start":{"line":84,"column":11},"end":{"line":84,"column":33}},"57":{"start":{"line":85,"column":11},"end":{"line":85,"column":51}},"58":{"start":{"line":86,"column":11},"end":{"line":86,"column":82}},"59":{"start":{"line":91,"column":4},"end":{"line":98,"column":6}},"60":{"start":{"line":92,"column":8},"end":{"line":94,"column":58}},"61":{"start":{"line":93,"column":12},"end":{"line":93,"column":51}},"62":{"start":{"line":95,"column":8},"end":{"line":97,"column":59}},"63":{"start":{"line":96,"column":12},"end":{"line":96,"column":51}},"64":{"start":{"line":100,"column":4},"end":{"line":107,"column":6}},"65":{"start":{"line":101,"column":8},"end":{"line":103,"column":55}},"66":{"start":{"line":102,"column":12},"end":{"line":102,"column":50}},"67":{"start":{"line":104,"column":8},"end":{"line":106,"column":55}},"68":{"start":{"line":105,"column":12},"end":{"line":105,"column":49}},"69":{"start":{"line":109,"column":4},"end":{"line":111,"column":6}},"70":{"start":{"line":110,"column":8},"end":{"line":110,"column":31}},"71":{"start":{"line":113,"column":4},"end":{"line":116,"column":6}},"72":{"start":{"line":114,"column":8},"end":{"line":114,"column":31}},"73":{"start":{"line":115,"column":8},"end":{"line":115,"column":36}}},"fnMap":{"0":{"name":"(anonymous_0)","decl":{"start":{"line":21,"column":44},"end":{"line":21,"column":45}},"loc":{"start":{"line":21,"column":50},"end":{"line":117,"column":1}},"line":21},"1":{"name":"(anonymous_1)","decl":{"start":{"line":25,"column":12},"end":{"line":25,"column":13}},"loc":{"start":{"line":25,"column":23},"end":{"line":28,"column":5}},"line":25},"2":{"name":"(anonymous_2)","decl":{"start":{"line":30,"column":15},"end":{"line":30,"column":16}},"loc":{"start":{"line":30,"column":26},"end":{"line":42,"column":5}},"line":30},"3":{"name":"(anonymous_3)","decl":{"start":{"line":44,"column":45},"end":{"line":44,"column":46}},"loc":{"start":{"line":44,"column":56},"end":{"line":56,"column":5}},"line":44},"4":{"name":"(anonymous_4)","decl":{"start":{"line":58,"column":48},"end":{"line":58,"column":49}},"loc":{"start":{"line":58,"column":59},"end":{"line":75,"column":5}},"line":58},"5":{"name":"(anonymous_5)","decl":{"start":{"line":76,"column":41},"end":{"line":76,"column":42}},"loc":{"start":{"line":76,"column":52},"end":{"line":88,"column":5}},"line":76},"6":{"name":"(anonymous_6)","decl":{"start":{"line":91,"column":42},"end":{"line":91,"column":43}},"loc":{"start":{"line":91,"column":48},"end":{"line":98,"column":5}},"line":91},"7":{"name":"(anonymous_7)","decl":{"start":{"line":92,"column":15},"end":{"line":92,"column":16}},"loc":{"start":{"line":92,"column":21},"end":{"line":94,"column":9}},"line":92},"8":{"name":"(anonymous_8)","decl":{"start":{"line":95,"column":15},"end":{"line":95,"column":16}},"loc":{"start":{"line":95,"column":21},"end":{"line":97,"column":9}},"line":95},"9":{"name":"(anonymous_9)","decl":{"start":{"line":100,"column":42},"end":{"line":100,"column":43}},"loc":{"start":{"line":100,"column":48},"end":{"line":107,"column":5}},"line":100},"10":{"name":"(anonymous_10)","decl":{"start":{"line":101,"column":15},"end":{"line":101,"column":16}},"loc":{"start":{"line":101,"column":21},"end":{"line":103,"column":9}},"line":101},"11":{"name":"(anonymous_11)","decl":{"start":{"line":104,"column":15},"end":{"line":104,"column":16}},"loc":{"start":{"line":104,"column":21},"end":{"line":106,"column":9}},"line":104},"12":{"name":"(anonymous_12)","decl":{"start":{"line":109,"column":14},"end":{"line":109,"column":15}},"loc":{"start":{"line":109,"column":25},"end":{"line":111,"column":5}},"line":109},"13":{"name":"(anonymous_13)","decl":{"start":{"line":113,"column":11},"end":{"line":113,"column":12}},"loc":{"start":{"line":113,"column":22},"end":{"line":116,"column":5}},"line":113}},"branchMap":{},"s":{"0":1,"1":1,"2":1,"3":1,"4":1,"5":1,"6":1,"7":1,"8":1,"9":1,"10":1,"11":1,"12":1,"13":1,"14":1,"15":1,"16":1,"17":1,"18":1,"19":1,"20":5,"21":5,"22":5,"23":5,"24":5,"25":5,"26":5,"27":5,"28":5,"29":1,"30":1,"31":1,"32":1,"33":1,"34":1,"35":1,"36":1,"37":1,"38":1,"39":1,"40":1,"41":1,"42":1,"43":1,"44":1,"45":1,"46":1,"47":1,"48":1,"49":1,"50":1,"51":1,"52":1,"53":1,"54":1,"55":0,"56":1,"57":1,"58":1,"59":1,"60":1,"61":1,"62":1,"63":1,"64":1,"65":1,"66":1,"67":1,"68":1,"69":1,"70":5,"71":1,"72":1,"73":1},"f":{"0":1,"1":1,"2":5,"3":1,"4":1,"5":1,"6":1,"7":1,"8":1,"9":1,"10":1,"11":1,"12":5,"13":1},"b":{},"_coverageSchema":"1a1c01bbd47fc00a2c39e90264f33305004495a9","hash":"7948e1f9f86a0daedf36136040f9c9b0d4f1c1d1","contentHash":"1938219c1067a0b06b676e42495c9fe79378f717b8d5330851fb1aa0df1266f7"},"/Users/sergioluis/bootcamp/collab/skylab-bootcamp-202004/staff/sergio-luis/books/books-client-logic/update-coordinates.js":{"path":"/Users/sergioluis/bootcamp/collab/skylab-bootcamp-202004/staff/sergio-luis/books/books-client-logic/update-coordinates.js","statementMap":{"0":{"start":{"line":15,"column":0},"end":{"line":15,"column":41}},"1":{"start":{"line":16,"column":26},"end":{"line":16,"column":50}},"2":{"start":{"line":17,"column":16},"end":{"line":17,"column":36}},"3":{"start":{"line":19,"column":0},"end":{"line":42,"column":15}},"4":{"start":{"line":20,"column":4},"end":{"line":20,"column":29}},"5":{"start":{"line":21,"column":4},"end":{"line":21,"column":30}},"6":{"start":{"line":23,"column":4},"end":{"line":41,"column":8}},"7":{"start":{"line":24,"column":22},"end":{"line":24,"column":57}},"8":{"start":{"line":25,"column":21},"end":{"line":30,"column":9}},"9":{"start":{"line":32,"column":30},"end":{"line":32,"column":34}},"10":{"start":{"line":34,"column":8},"end":{"line":39,"column":9}},"11":{"start":{"line":34,"column":25},"end":{"line":34,"column":31}},"12":{"start":{"line":36,"column":30},"end":{"line":36,"column":46}},"13":{"start":{"line":38,"column":12},"end":{"line":38,"column":34}}},"fnMap":{"0":{"name":"(anonymous_0)","decl":{"start":{"line":19,"column":17},"end":{"line":19,"column":18}},"loc":{"start":{"line":19,"column":46},"end":{"line":42,"column":1}},"line":19},"1":{"name":"(anonymous_1)","decl":{"start":{"line":23,"column":12},"end":{"line":23,"column":13}},"loc":{"start":{"line":23,"column":23},"end":{"line":41,"column":5}},"line":23}},"branchMap":{"0":{"loc":{"start":{"line":34,"column":8},"end":{"line":39,"column":9}},"type":"if","locations":[{"start":{"line":34,"column":8},"end":{"line":39,"column":9}},{"start":{"line":34,"column":8},"end":{"line":39,"column":9}}],"line":34}},"s":{"0":1,"1":1,"2":1,"3":1,"4":7,"5":5,"6":3,"7":3,"8":3,"9":3,"10":3,"11":2,"12":1,"13":1},"f":{"0":7,"1":3},"b":{"0":[2,1]},"_coverageSchema":"1a1c01bbd47fc00a2c39e90264f33305004495a9","hash":"5aedf1cb6a495db084ae53d62dedc208c4c05adf","contentHash":"e561447a586e082c6f14c81a0b949663e3b200a3eb60fbefeaf484afc1f34294"},"/Users/sergioluis/bootcamp/collab/skylab-bootcamp-202004/staff/sergio-luis/books/books-client-logic/update-user.spec.js":{"path":"/Users/sergioluis/bootcamp/collab/skylab-bootcamp-202004/staff/sergio-luis/books/books-client-logic/update-user.spec.js","statementMap":{"0":{"start":{"line":1,"column":0},"end":{"line":1,"column":26}},"1":{"start":{"line":3,"column":81},"end":{"line":3,"column":88}},"2":{"start":{"line":4,"column":19},"end":{"line":4,"column":23}},"3":{"start":{"line":5,"column":19},"end":{"line":5,"column":43}},"4":{"start":{"line":6,"column":19},"end":{"line":6,"column":34}},"5":{"start":{"line":8,"column":0},"end":{"line":8,"column":39}},"6":{"start":{"line":10,"column":39},"end":{"line":10,"column":60}},"7":{"start":{"line":11,"column":15},"end":{"line":11,"column":34}},"8":{"start":{"line":12,"column":22},"end":{"line":12,"column":51}},"9":{"start":{"line":13,"column":33},"end":{"line":13,"column":57}},"10":{"start":{"line":14,"column":0},"end":{"line":14,"column":36}},"11":{"start":{"line":15,"column":16},"end":{"line":15,"column":36}},"12":{"start":{"line":16,"column":21},"end":{"line":16,"column":49}},"13":{"start":{"line":18,"column":0},"end":{"line":18,"column":25}},"14":{"start":{"line":19,"column":0},"end":{"line":19,"column":30}},"15":{"start":{"line":21,"column":0},"end":{"line":131,"column":2}},"16":{"start":{"line":26,"column":4},"end":{"line":29,"column":6}},"17":{"start":{"line":27,"column":8},"end":{"line":27,"column":69}},"18":{"start":{"line":28,"column":8},"end":{"line":28,"column":32}},"19":{"start":{"line":31,"column":4},"end":{"line":46,"column":6}},"20":{"start":{"line":32,"column":8},"end":{"line":32,"column":34}},"21":{"start":{"line":33,"column":8},"end":{"line":33,"column":40}},"22":{"start":{"line":34,"column":8},"end":{"line":34,"column":46}},"23":{"start":{"line":35,"column":8},"end":{"line":35,"column":42}},"24":{"start":{"line":36,"column":8},"end":{"line":36,"column":60}},"25":{"start":{"line":38,"column":21},"end":{"line":38,"column":93}},"26":{"start":{"line":39,"column":8},"end":{"line":39,"column":25}},"27":{"start":{"line":40,"column":8},"end":{"line":40,"column":63}},"28":{"start":{"line":41,"column":8},"end":{"line":41,"column":52}},"29":{"start":{"line":43,"column":9},"end":{"line":43,"column":36}},"30":{"start":{"line":44,"column":9},"end":{"line":44,"column":42}},"31":{"start":{"line":45,"column":9},"end":{"line":45,"column":48}},"32":{"start":{"line":48,"column":4},"end":{"line":62,"column":6}},"33":{"start":{"line":50,"column":22},"end":{"line":50,"column":40}},"34":{"start":{"line":51,"column":25},"end":{"line":51,"column":46}},"35":{"start":{"line":52,"column":23},"end":{"line":52,"column":52}},"36":{"start":{"line":54,"column":8},"end":{"line":54,"column":56}},"37":{"start":{"line":56,"column":21},"end":{"line":56,"column":48}},"38":{"start":{"line":58,"column":8},"end":{"line":58,"column":29}},"39":{"start":{"line":59,"column":8},"end":{"line":59,"column":41}},"40":{"start":{"line":60,"column":8},"end":{"line":60,"column":47}},"41":{"start":{"line":61,"column":8},"end":{"line":61,"column":43}},"42":{"start":{"line":64,"column":4},"end":{"line":74,"column":6}},"43":{"start":{"line":65,"column":24},"end":{"line":65,"column":35}},"44":{"start":{"line":66,"column":8},"end":{"line":73,"column":9}},"45":{"start":{"line":67,"column":12},"end":{"line":67,"column":61}},"46":{"start":{"line":68,"column":12},"end":{"line":68,"column":58}},"47":{"start":{"line":70,"column":12},"end":{"line":70,"column":34}},"48":{"start":{"line":71,"column":12},"end":{"line":71,"column":52}},"49":{"start":{"line":72,"column":12},"end":{"line":72,"column":71}},"50":{"start":{"line":75,"column":4},"end":{"line":85,"column":6}},"51":{"start":{"line":77,"column":8},"end":{"line":84,"column":9}},"52":{"start":{"line":78,"column":12},"end":{"line":78,"column":59}},"53":{"start":{"line":79,"column":12},"end":{"line":79,"column":58}},"54":{"start":{"line":81,"column":12},"end":{"line":81,"column":34}},"55":{"start":{"line":82,"column":12},"end":{"line":82,"column":52}},"56":{"start":{"line":83,"column":12},"end":{"line":83,"column":70}},"57":{"start":{"line":87,"column":4},"end":{"line":99,"column":6}},"58":{"start":{"line":88,"column":8},"end":{"line":88,"column":43}},"59":{"start":{"line":89,"column":23},"end":{"line":89,"column":70}},"60":{"start":{"line":90,"column":8},"end":{"line":90,"column":53}},"61":{"start":{"line":91,"column":8},"end":{"line":98,"column":9}},"62":{"start":{"line":92,"column":12},"end":{"line":92,"column":60}},"63":{"start":{"line":93,"column":12},"end":{"line":93,"column":58}},"64":{"start":{"line":95,"column":12},"end":{"line":95,"column":34}},"65":{"start":{"line":96,"column":12},"end":{"line":96,"column":52}},"66":{"start":{"line":97,"column":12},"end":{"line":97,"column":83}},"67":{"start":{"line":102,"column":4},"end":{"line":115,"column":6}},"68":{"start":{"line":103,"column":8},"end":{"line":105,"column":53}},"69":{"start":{"line":104,"column":12},"end":{"line":104,"column":52}},"70":{"start":{"line":106,"column":8},"end":{"line":108,"column":53}},"71":{"start":{"line":107,"column":12},"end":{"line":107,"column":49}},"72":{"start":{"line":109,"column":8},"end":{"line":111,"column":50}},"73":{"start":{"line":110,"column":12},"end":{"line":110,"column":51}},"74":{"start":{"line":112,"column":8},"end":{"line":114,"column":54}},"75":{"start":{"line":113,"column":12},"end":{"line":113,"column":50}},"76":{"start":{"line":117,"column":4},"end":{"line":122,"column":6}},"77":{"start":{"line":118,"column":8},"end":{"line":120,"column":58}},"78":{"start":{"line":119,"column":12},"end":{"line":119,"column":48}},"79":{"start":{"line":124,"column":4},"end":{"line":126,"column":6}},"80":{"start":{"line":125,"column":8},"end":{"line":125,"column":31}},"81":{"start":{"line":128,"column":4},"end":{"line":130,"column":6}},"82":{"start":{"line":129,"column":8},"end":{"line":129,"column":36}}},"fnMap":{"0":{"name":"(anonymous_0)","decl":{"start":{"line":21,"column":24},"end":{"line":21,"column":25}},"loc":{"start":{"line":21,"column":30},"end":{"line":131,"column":1}},"line":21},"1":{"name":"(anonymous_1)","decl":{"start":{"line":26,"column":12},"end":{"line":26,"column":13}},"loc":{"start":{"line":26,"column":23},"end":{"line":29,"column":5}},"line":26},"2":{"name":"(anonymous_2)","decl":{"start":{"line":31,"column":15},"end":{"line":31,"column":16}},"loc":{"start":{"line":31,"column":26},"end":{"line":46,"column":5}},"line":31},"3":{"name":"(anonymous_3)","decl":{"start":{"line":48,"column":42},"end":{"line":48,"column":43}},"loc":{"start":{"line":48,"column":53},"end":{"line":62,"column":5}},"line":48},"4":{"name":"(anonymous_4)","decl":{"start":{"line":64,"column":51},"end":{"line":64,"column":52}},"loc":{"start":{"line":64,"column":63},"end":{"line":74,"column":5}},"line":64},"5":{"name":"(anonymous_5)","decl":{"start":{"line":75,"column":47},"end":{"line":75,"column":48}},"loc":{"start":{"line":75,"column":59},"end":{"line":85,"column":5}},"line":75},"6":{"name":"(anonymous_6)","decl":{"start":{"line":87,"column":43},"end":{"line":87,"column":44}},"loc":{"start":{"line":87,"column":55},"end":{"line":99,"column":5}},"line":87},"7":{"name":"(anonymous_7)","decl":{"start":{"line":102,"column":42},"end":{"line":102,"column":43}},"loc":{"start":{"line":102,"column":48},"end":{"line":115,"column":5}},"line":102},"8":{"name":"(anonymous_8)","decl":{"start":{"line":103,"column":15},"end":{"line":103,"column":16}},"loc":{"start":{"line":103,"column":21},"end":{"line":105,"column":9}},"line":103},"9":{"name":"(anonymous_9)","decl":{"start":{"line":106,"column":15},"end":{"line":106,"column":16}},"loc":{"start":{"line":106,"column":21},"end":{"line":108,"column":9}},"line":106},"10":{"name":"(anonymous_10)","decl":{"start":{"line":109,"column":15},"end":{"line":109,"column":16}},"loc":{"start":{"line":109,"column":21},"end":{"line":111,"column":9}},"line":109},"11":{"name":"(anonymous_11)","decl":{"start":{"line":112,"column":15},"end":{"line":112,"column":16}},"loc":{"start":{"line":112,"column":21},"end":{"line":114,"column":9}},"line":112},"12":{"name":"(anonymous_12)","decl":{"start":{"line":117,"column":43},"end":{"line":117,"column":44}},"loc":{"start":{"line":117,"column":49},"end":{"line":122,"column":5}},"line":117},"13":{"name":"(anonymous_13)","decl":{"start":{"line":118,"column":15},"end":{"line":118,"column":16}},"loc":{"start":{"line":118,"column":21},"end":{"line":120,"column":9}},"line":118},"14":{"name":"(anonymous_14)","decl":{"start":{"line":124,"column":14},"end":{"line":124,"column":15}},"loc":{"start":{"line":124,"column":25},"end":{"line":126,"column":5}},"line":124},"15":{"name":"(anonymous_15)","decl":{"start":{"line":128,"column":11},"end":{"line":128,"column":12}},"loc":{"start":{"line":128,"column":22},"end":{"line":130,"column":5}},"line":128}},"branchMap":{},"s":{"0":1,"1":1,"2":1,"3":1,"4":1,"5":1,"6":1,"7":1,"8":1,"9":1,"10":1,"11":1,"12":1,"13":1,"14":1,"15":1,"16":1,"17":1,"18":1,"19":1,"20":6,"21":6,"22":6,"23":6,"24":6,"25":6,"26":6,"27":6,"28":6,"29":6,"30":6,"31":6,"32":1,"33":1,"34":1,"35":1,"36":1,"37":1,"38":1,"39":1,"40":1,"41":1,"42":1,"43":1,"44":1,"45":1,"46":0,"47":1,"48":1,"49":1,"50":1,"51":1,"52":1,"53":0,"54":1,"55":1,"56":1,"57":1,"58":1,"59":1,"60":1,"61":1,"62":1,"63":0,"64":1,"65":1,"66":1,"67":1,"68":1,"69":1,"70":1,"71":1,"72":1,"73":1,"74":1,"75":1,"76":1,"77":1,"78":1,"79":1,"80":6,"81":1,"82":1},"f":{"0":1,"1":1,"2":6,"3":1,"4":1,"5":1,"6":1,"7":1,"8":1,"9":1,"10":1,"11":1,"12":1,"13":1,"14":6,"15":1},"b":{},"_coverageSchema":"1a1c01bbd47fc00a2c39e90264f33305004495a9","hash":"ac8994355157b33c444decbdee09c0f7261f420b","contentHash":"a50f7ec72510255b9f7c1f7067e08db28e5c1f7ea33236935f914db468b2a826"},"/Users/sergioluis/bootcamp/collab/skylab-bootcamp-202004/staff/sergio-luis/books/books-client-logic/update-user.js":{"path":"/Users/sergioluis/bootcamp/collab/skylab-bootcamp-202004/staff/sergio-luis/books/books-client-logic/update-user.js","statementMap":{"0":{"start":{"line":20,"column":0},"end":{"line":20,"column":41}},"1":{"start":{"line":21,"column":32},"end":{"line":21,"column":56}},"2":{"start":{"line":22,"column":16},"end":{"line":22,"column":36}},"3":{"start":{"line":24,"column":0},"end":{"line":48,"column":15}},"4":{"start":{"line":25,"column":4},"end":{"line":25,"column":41}},"5":{"start":{"line":25,"column":12},"end":{"line":25,"column":41}},"6":{"start":{"line":26,"column":4},"end":{"line":26,"column":48}},"7":{"start":{"line":26,"column":16},"end":{"line":26,"column":48}},"8":{"start":{"line":27,"column":4},"end":{"line":27,"column":35}},"9":{"start":{"line":27,"column":14},"end":{"line":27,"column":35}},"10":{"start":{"line":28,"column":4},"end":{"line":28,"column":37}},"11":{"start":{"line":31,"column":4},"end":{"line":47,"column":8}},"12":{"start":{"line":32,"column":22},"end":{"line":32,"column":57}},"13":{"start":{"line":33,"column":20},"end":{"line":37,"column":86}},"14":{"start":{"line":39,"column":30},"end":{"line":39,"column":34}},"15":{"start":{"line":41,"column":8},"end":{"line":46,"column":9}},"16":{"start":{"line":41,"column":25},"end":{"line":41,"column":31}},"17":{"start":{"line":43,"column":30},"end":{"line":43,"column":46}},"18":{"start":{"line":45,"column":12},"end":{"line":45,"column":34}}},"fnMap":{"0":{"name":"(anonymous_0)","decl":{"start":{"line":24,"column":17},"end":{"line":24,"column":18}},"loc":{"start":{"line":24,"column":56},"end":{"line":48,"column":1}},"line":24},"1":{"name":"(anonymous_1)","decl":{"start":{"line":31,"column":12},"end":{"line":31,"column":13}},"loc":{"start":{"line":31,"column":23},"end":{"line":47,"column":5}},"line":31}},"branchMap":{"0":{"loc":{"start":{"line":25,"column":4},"end":{"line":25,"column":41}},"type":"if","locations":[{"start":{"line":25,"column":4},"end":{"line":25,"column":41}},{"start":{"line":25,"column":4},"end":{"line":25,"column":41}}],"line":25},"1":{"loc":{"start":{"line":26,"column":4},"end":{"line":26,"column":48}},"type":"if","locations":[{"start":{"line":26,"column":4},"end":{"line":26,"column":48}},{"start":{"line":26,"column":4},"end":{"line":26,"column":48}}],"line":26},"2":{"loc":{"start":{"line":27,"column":4},"end":{"line":27,"column":35}},"type":"if","locations":[{"start":{"line":27,"column":4},"end":{"line":27,"column":35}},{"start":{"line":27,"column":4},"end":{"line":27,"column":35}}],"line":27},"3":{"loc":{"start":{"line":41,"column":8},"end":{"line":46,"column":9}},"type":"if","locations":[{"start":{"line":41,"column":8},"end":{"line":46,"column":9}},{"start":{"line":41,"column":8},"end":{"line":46,"column":9}}],"line":41}},"s":{"0":1,"1":1,"2":1,"3":1,"4":9,"5":9,"6":8,"7":8,"8":7,"9":7,"10":6,"11":4,"12":4,"13":4,"14":4,"15":4,"16":1,"17":3,"18":3},"f":{"0":9,"1":4},"b":{"0":[9,0],"1":[8,0],"2":[7,0],"3":[1,3]},"_coverageSchema":"1a1c01bbd47fc00a2c39e90264f33305004495a9","hash":"776fb55f193e7247b211053a362f5680dc9f0729","contentHash":"a811229fe50b9750bf705fc95242a18fc5e7a581aee905a584c98a936f56cfd5"}}